17:51:01  INFO  manager.ApplicationManager - Tests starts on Chrome Driver
17:51:03  INFO  manager.ApplicationManager - Navigate to link ---> https://ilcarro.xyz/search
17:51:03  INFO  tests.TestBase - Start test ---> registrationPasswordTest
17:51:03  INFO  manager.MyListener - Start search element by  locator-->By.xpath: //a[text()=' Log in ']
17:51:03  INFO  manager.MyListener - The element with locator -->By.xpath: //a[text()=' Log in ']was found
17:51:03  INFO  manager.MyListener - Start search element by  locator-->By.xpath: //a[text()=' Sign up ']
17:51:03  INFO  manager.MyListener - The element with locator -->By.xpath: //a[text()=' Sign up ']was found
17:51:04  INFO  manager.MyListener - Start search element by  locator-->By.id: name
17:51:04  INFO  manager.MyListener - The element with locator -->By.id: namewas found
17:51:04  INFO  manager.MyListener - Start search element by  locator-->By.id: lastName
17:51:04  INFO  manager.MyListener - The element with locator -->By.id: lastNamewas found
17:51:04  INFO  manager.MyListener - Start search element by  locator-->By.id: email
17:51:04  INFO  manager.MyListener - The element with locator -->By.id: emailwas found
17:51:04  INFO  manager.MyListener - Start search element by  locator-->By.id: password
17:51:04  INFO  manager.MyListener - The element with locator -->By.id: passwordwas found
17:51:04  INFO  manager.MyListener - Start search element by  locator-->By.id: terms-of-use
17:51:04  INFO  manager.MyListener - The element with locator -->By.id: terms-of-usewas found
17:51:04  INFO  manager.MyListener - Start search element by  locator-->By.xpath: //label[@for='terms-of-use']
17:51:04  INFO  manager.MyListener - The element with locator -->By.xpath: //label[@for='terms-of-use']was found
17:51:04  INFO  manager.MyListener - Start search element by  locator-->By.xpath: //*[text()='Password must contain minimum 8 symbols']
17:51:04  INFO  manager.MyListener - The element with locator -->By.xpath: //*[text()='Password must contain minimum 8 symbols']was found
17:51:04  INFO  manager.MyListener - Start search element by  locator-->By.xpath: //button[@type='submit']
17:51:04  INFO  manager.MyListener - The element with locator -->By.xpath: //button[@type='submit']was found
17:51:04  INFO  manager.MyListener - Start search element by  locator-->By.xpath: //button[text()='Ok']
17:51:14  INFO  manager.MyListener - The element with locator -->By.xpath: //button[text()='Ok']was found
17:51:14  INFO  tests.TestBase - The end of test --->registrationPasswordTest
17:51:14  INFO  manager.ApplicationManager - The browser  has been closed
