18:44:01  INFO  manager.ApplicationManager - Tests starts on Chrome Driver
18:44:03  INFO  manager.ApplicationManager - Navigate to link ---> https://ilcarro.xyz/search
18:44:03  INFO  tests.TestBase - Start test ---> registrationPasswordTest
18:44:03  INFO  manager.MyListener - Start search element by  locator-->By.xpath: //a[text()=' Log in ']
18:44:03  INFO  manager.MyListener - The element with locator -->By.xpath: //a[text()=' Log in ']was found
18:44:03  INFO  manager.MyListener - Start search element by  locator-->By.xpath: //a[text()=' Sign up ']
18:44:03  INFO  manager.MyListener - The element with locator -->By.xpath: //a[text()=' Sign up ']was found
18:44:03  INFO  manager.MyListener - Start search element by  locator-->By.id: name
18:44:03  INFO  manager.MyListener - The element with locator -->By.id: namewas found
18:44:03  INFO  manager.MyListener - Start search element by  locator-->By.id: lastName
18:44:03  INFO  manager.MyListener - The element with locator -->By.id: lastNamewas found
18:44:03  INFO  manager.MyListener - Start search element by  locator-->By.id: email
18:44:03  INFO  manager.MyListener - The element with locator -->By.id: emailwas found
18:44:03  INFO  manager.MyListener - Start search element by  locator-->By.id: password
18:44:03  INFO  manager.MyListener - The element with locator -->By.id: passwordwas found
18:44:03  INFO  manager.MyListener - Start search element by  locator-->By.id: terms-of-use
18:44:03  INFO  manager.MyListener - The element with locator -->By.id: terms-of-usewas found
18:44:03  INFO  manager.MyListener - Start search element by  locator-->By.xpath: //label[@for='terms-of-use']
18:44:03  INFO  manager.MyListener - The element with locator -->By.xpath: //label[@for='terms-of-use']was found
18:44:03  INFO  manager.MyListener - Start search element by  locator-->By.xpath: //*[text()='Password must contain minimum 8 symbols']
18:44:03  INFO  manager.MyListener - The element with locator -->By.xpath: //*[text()='Password must contain minimum 8 symbols']was found
18:44:03  INFO  manager.MyListener - Start search element by  locator-->By.xpath: //button[@type='submit']
18:44:03  INFO  manager.MyListener - The element with locator -->By.xpath: //button[@type='submit']was found
18:44:03  INFO  manager.MyListener - Start search element by  locator-->By.xpath: //button[text()='Ok']
18:44:13  INFO  manager.MyListener - The element with locator -->By.xpath: //button[text()='Ok']was found
18:44:13  INFO  tests.TestBase - The end of test --->registrationPasswordTest
18:44:13  INFO  manager.ApplicationManager - The browser  has been closed
