20:45:15  INFO  manager.ApplicationManager - Tests starts on Chrome Driver
20:45:17  INFO  tests.TestBase - Start test ---> loginSuccess2
20:45:17  INFO  manager.MyListener - Start search element by  locator-->By.xpath: //a[text()=' Log in ']
20:45:17  INFO  manager.MyListener - The element with locator -->By.xpath: //a[text()=' Log in ']was found
20:45:17  INFO  tests.TestBase - Start with email -->nevo@gmail.comWith password-->Nn12345$
20:45:17  INFO  manager.MyListener - Start search element by  locator-->By.xpath: //a[text()=' Log in ']
20:45:17  INFO  manager.MyListener - The element with locator -->By.xpath: //a[text()=' Log in ']was found
20:45:17  INFO  manager.MyListener - Start search element by  locator-->By.id: email
20:45:17  INFO  manager.MyListener - The element with locator -->By.id: emailwas found
20:45:17  INFO  manager.MyListener - Start search element by  locator-->By.id: password
20:45:17  INFO  manager.MyListener - The element with locator -->By.id: passwordwas found
20:45:17  INFO  manager.MyListener - Start search element by  locator-->By.cssSelector: [type='submit']
20:45:17  INFO  manager.MyListener - The element with locator -->By.cssSelector: [type='submit']was found
20:45:17  INFO  manager.MyListener - Start search element by  locator-->By.cssSelector: .dialog-container
20:45:18  INFO  manager.MyListener - The element with locator -->By.cssSelector: .dialog-containerwas found
20:45:18  INFO  manager.MyListener - Start search element by  locator-->By.cssSelector: .dialog-container h2
20:45:18  INFO  manager.MyListener - The element with locator -->By.cssSelector: .dialog-container h2was found
20:45:18  INFO  manager.MyListener - Start search element by  locator-->By.xpath: //button[text()='Ok']
20:45:18  INFO  manager.MyListener - The element with locator -->By.xpath: //button[text()='Ok']was found
20:45:18  INFO  manager.MyListener - Start search element by  locator-->By.xpath: //button[text()='Ok']
20:45:18  INFO  manager.MyListener - The element with locator -->By.xpath: //button[text()='Ok']was found
20:45:18  INFO  tests.TestBase - ************************************
20:45:18  INFO  tests.TestBase - Start test ---> loginSuccess2
20:45:18  INFO  manager.MyListener - Start search element by  locator-->By.xpath: //a[text()=' Log in ']
20:45:28  INFO  manager.MyListener - The element with locator -->By.xpath: //a[text()=' Log in ']was found
20:45:28  INFO  manager.MyListener - Start search element by  locator-->By.xpath: //a[text()=' Logout ']
20:45:28  INFO  manager.MyListener - The element with locator -->By.xpath: //a[text()=' Logout ']was found
20:45:28  INFO  tests.TestBase - Start with email -->nevo@gmail.comWith password-->Nn12345$
20:45:28  INFO  manager.MyListener - Start search element by  locator-->By.xpath: //a[text()=' Log in ']
20:45:28  INFO  manager.MyListener - The element with locator -->By.xpath: //a[text()=' Log in ']was found
20:45:28  INFO  manager.MyListener - Start search element by  locator-->By.id: email
20:45:28  INFO  manager.MyListener - The element with locator -->By.id: emailwas found
20:45:28  INFO  manager.MyListener - Start search element by  locator-->By.id: password
20:45:28  INFO  manager.MyListener - The element with locator -->By.id: passwordwas found
20:45:28  INFO  manager.MyListener - Start search element by  locator-->By.cssSelector: [type='submit']
20:45:29  INFO  manager.MyListener - The element with locator -->By.cssSelector: [type='submit']was found
20:45:29  INFO  manager.MyListener - Start search element by  locator-->By.cssSelector: .dialog-container
20:45:29  INFO  manager.MyListener - The element with locator -->By.cssSelector: .dialog-containerwas found
20:45:29  INFO  manager.MyListener - Start search element by  locator-->By.cssSelector: .dialog-container h2
20:45:29  INFO  manager.MyListener - The element with locator -->By.cssSelector: .dialog-container h2was found
20:45:29  INFO  manager.MyListener - Start search element by  locator-->By.xpath: //button[text()='Ok']
20:45:29  INFO  manager.MyListener - The element with locator -->By.xpath: //button[text()='Ok']was found
20:45:29  INFO  manager.MyListener - Start search element by  locator-->By.xpath: //button[text()='Ok']
20:45:29  INFO  manager.MyListener - The element with locator -->By.xpath: //button[text()='Ok']was found
20:45:29  INFO  tests.TestBase - ************************************
20:45:29  INFO  tests.TestBase - Start test ---> loginSuccess2
20:45:29  INFO  manager.MyListener - Start search element by  locator-->By.xpath: //a[text()=' Log in ']
20:45:39  INFO  manager.MyListener - The element with locator -->By.xpath: //a[text()=' Log in ']was found
20:45:39  INFO  manager.MyListener - Start search element by  locator-->By.xpath: //a[text()=' Logout ']
20:45:39  INFO  manager.MyListener - The element with locator -->By.xpath: //a[text()=' Logout ']was found
20:45:39  INFO  tests.TestBase - Start with email -->nevo@gmail.comWith password-->Nn12345$
20:45:39  INFO  manager.MyListener - Start search element by  locator-->By.xpath: //a[text()=' Log in ']
20:45:39  INFO  manager.MyListener - The element with locator -->By.xpath: //a[text()=' Log in ']was found
20:45:39  INFO  manager.MyListener - Start search element by  locator-->By.id: email
20:45:39  INFO  manager.MyListener - The element with locator -->By.id: emailwas found
20:45:40  INFO  manager.MyListener - Start search element by  locator-->By.id: password
20:45:40  INFO  manager.MyListener - The element with locator -->By.id: passwordwas found
20:45:40  INFO  manager.MyListener - Start search element by  locator-->By.cssSelector: [type='submit']
20:45:40  INFO  manager.MyListener - The element with locator -->By.cssSelector: [type='submit']was found
20:45:40  INFO  manager.MyListener - Start search element by  locator-->By.cssSelector: .dialog-container
20:45:40  INFO  manager.MyListener - The element with locator -->By.cssSelector: .dialog-containerwas found
20:45:40  INFO  manager.MyListener - Start search element by  locator-->By.cssSelector: .dialog-container h2
20:45:41  INFO  manager.MyListener - The element with locator -->By.cssSelector: .dialog-container h2was found
20:45:41  INFO  manager.MyListener - Start search element by  locator-->By.xpath: //button[text()='Ok']
20:45:41  INFO  manager.MyListener - The element with locator -->By.xpath: //button[text()='Ok']was found
20:45:41  INFO  manager.MyListener - Start search element by  locator-->By.xpath: //button[text()='Ok']
20:45:41  INFO  manager.MyListener - The element with locator -->By.xpath: //button[text()='Ok']was found
20:45:41  INFO  tests.TestBase - ************************************
