17:55:58  INFO  manager.ApplicationManager - Tests starts on Chrome Driver
17:56:00  INFO  manager.ApplicationManager - Navigate to link ---> https://ilcarro.xyz/search
17:56:00  INFO  tests.TestBase - Start test ---> registrationPasswordTest
17:56:00  INFO  manager.MyListener - Start search element by  locator-->By.xpath: //a[text()=' Log in ']
17:56:00  INFO  manager.MyListener - The element with locator -->By.xpath: //a[text()=' Log in ']was found
17:56:00  INFO  manager.MyListener - Start search element by  locator-->By.xpath: //a[text()=' Sign up ']
17:56:00  INFO  manager.MyListener - The element with locator -->By.xpath: //a[text()=' Sign up ']was found
17:56:00  INFO  manager.MyListener - Start search element by  locator-->By.id: name
17:56:00  INFO  manager.MyListener - The element with locator -->By.id: namewas found
17:56:00  INFO  manager.MyListener - Start search element by  locator-->By.id: lastName
17:56:00  INFO  manager.MyListener - The element with locator -->By.id: lastNamewas found
17:56:00  INFO  manager.MyListener - Start search element by  locator-->By.id: email
17:56:00  INFO  manager.MyListener - The element with locator -->By.id: emailwas found
17:56:00  INFO  manager.MyListener - Start search element by  locator-->By.id: password
17:56:00  INFO  manager.MyListener - The element with locator -->By.id: passwordwas found
17:56:00  INFO  manager.MyListener - Start search element by  locator-->By.cssSelector: .checkbox-container
17:56:00  INFO  manager.MyListener - The element with locator -->By.cssSelector: .checkbox-containerwas found
17:56:01  INFO  manager.MyListener - Start search element by  locator-->By.xpath: //*[text()='Password must contain minimum 8 symbols']
17:56:01  INFO  manager.MyListener - The element with locator -->By.xpath: //*[text()='Password must contain minimum 8 symbols']was found
17:56:01  INFO  manager.MyListener - Start search element by  locator-->By.xpath: //button[@type='submit']
17:56:01  INFO  manager.MyListener - The element with locator -->By.xpath: //button[@type='submit']was found
17:56:01  INFO  manager.MyListener - Start search element by  locator-->By.xpath: //button[text()='Ok']
17:56:11  INFO  manager.MyListener - The element with locator -->By.xpath: //button[text()='Ok']was found
17:56:11  INFO  tests.TestBase - The end of test --->registrationPasswordTest
17:56:11  INFO  tests.TestBase - Start test ---> registrationSuccessTest
17:56:11  INFO  manager.MyListener - Start search element by  locator-->By.xpath: //a[text()=' Log in ']
17:56:11  INFO  manager.MyListener - The element with locator -->By.xpath: //a[text()=' Log in ']was found
17:56:11  INFO  tests.TestBase - User{name='Sonya', lastname='Snow', email='irinar3@gmail.com', password='Ww12345$'}
17:56:11  INFO  manager.MyListener - Start search element by  locator-->By.xpath: //a[text()=' Sign up ']
17:56:11  INFO  manager.MyListener - The element with locator -->By.xpath: //a[text()=' Sign up ']was found
17:56:11  INFO  manager.MyListener - Start search element by  locator-->By.id: name
17:56:11  INFO  manager.MyListener - The element with locator -->By.id: namewas found
17:56:11  INFO  manager.MyListener - Start search element by  locator-->By.id: lastName
17:56:11  INFO  manager.MyListener - The element with locator -->By.id: lastNamewas found
17:56:11  INFO  manager.MyListener - Start search element by  locator-->By.id: email
17:56:11  INFO  manager.MyListener - The element with locator -->By.id: emailwas found
17:56:11  INFO  manager.MyListener - Start search element by  locator-->By.id: password
17:56:11  INFO  manager.MyListener - The element with locator -->By.id: passwordwas found
17:56:11  INFO  manager.MyListener - Start search element by  locator-->By.cssSelector: .checkbox-container
17:56:11  INFO  manager.MyListener - The element with locator -->By.cssSelector: .checkbox-containerwas found
17:56:12  INFO  manager.MyListener - We have a throwable --> org.openqa.selenium.interactions.MoveTargetOutOfBoundsException: move target out of bounds
  (Session info: chrome=96.0.4664.45)
Build info: version: '3.141.59', revision: 'e82be7d358', time: '2018-11-14T08:17:03'
System info: host: 'DESKTOP-8LJJU6I', ip: '192.168.1.51', os.name: 'Windows 10', os.arch: 'amd64', os.version: '10.0', java.version: '1.8.0_301'
Driver info: org.openqa.selenium.chrome.ChromeDriver
Capabilities {acceptInsecureCerts: false, browserName: chrome, browserVersion: 96.0.4664.45, chrome: {chromedriverVersion: 96.0.4664.45 (76e4c1bb2ab46..., userDataDir: C:\Users\User\AppData\Local...}, goog:chromeOptions: {debuggerAddress: localhost:57837}, javascriptEnabled: true, networkConnectionEnabled: false, pageLoadStrategy: normal, platform: WINDOWS, platformName: WINDOWS, proxy: Proxy(), setWindowRect: true, strictFileInteractability: false, timeouts: {implicit: 0, pageLoad: 300000, script: 30000}, unhandledPromptBehavior: dismiss and notify, webauthn:extension:credBlob: true, webauthn:extension:largeBlob: true, webauthn:virtualAuthenticators: true}
Session ID: a46c36506c0515ae45eca75593b78921
17:56:12  INFO  manager.MyListener - Screenshot with throwable -->src/test/screenshots/screenshot-3372.png
17:56:12  INFO  manager.MyListener - Start search element by  locator-->By.xpath: //button[text()='Ok']
17:56:22  INFO  manager.MyListener - The element with locator -->By.xpath: //button[text()='Ok']was found
17:56:22  INFO  tests.TestBase - The end of test --->registrationSuccessTest
17:56:22  INFO  tests.TestBase - Start test ---> registrationSuccessTest
17:56:22  INFO  manager.MyListener - Start search element by  locator-->By.xpath: //a[text()=' Log in ']
17:56:22  INFO  manager.MyListener - The element with locator -->By.xpath: //a[text()=' Log in ']was found
17:56:22  INFO  tests.TestBase - User{name='Sonya', lastname='Snow', email='irinar4@gmail.com', password='Ww12345$'}
17:56:22  INFO  manager.MyListener - Start search element by  locator-->By.xpath: //a[text()=' Sign up ']
17:56:22  INFO  manager.MyListener - The element with locator -->By.xpath: //a[text()=' Sign up ']was found
17:56:22  INFO  manager.MyListener - Start search element by  locator-->By.id: name
17:56:22  INFO  manager.MyListener - The element with locator -->By.id: namewas found
17:56:22  INFO  manager.MyListener - Start search element by  locator-->By.id: lastName
17:56:22  INFO  manager.MyListener - The element with locator -->By.id: lastNamewas found
17:56:23  INFO  manager.MyListener - Start search element by  locator-->By.id: email
17:56:23  INFO  manager.MyListener - The element with locator -->By.id: emailwas found
17:56:23  INFO  manager.MyListener - Start search element by  locator-->By.id: password
17:56:23  INFO  manager.MyListener - The element with locator -->By.id: passwordwas found
17:56:23  INFO  manager.MyListener - Start search element by  locator-->By.cssSelector: .checkbox-container
17:56:23  INFO  manager.MyListener - The element with locator -->By.cssSelector: .checkbox-containerwas found
17:56:23  INFO  manager.MyListener - We have a throwable --> org.openqa.selenium.interactions.MoveTargetOutOfBoundsException: move target out of bounds
  (Session info: chrome=96.0.4664.45)
Build info: version: '3.141.59', revision: 'e82be7d358', time: '2018-11-14T08:17:03'
System info: host: 'DESKTOP-8LJJU6I', ip: '192.168.1.51', os.name: 'Windows 10', os.arch: 'amd64', os.version: '10.0', java.version: '1.8.0_301'
Driver info: org.openqa.selenium.chrome.ChromeDriver
Capabilities {acceptInsecureCerts: false, browserName: chrome, browserVersion: 96.0.4664.45, chrome: {chromedriverVersion: 96.0.4664.45 (76e4c1bb2ab46..., userDataDir: C:\Users\User\AppData\Local...}, goog:chromeOptions: {debuggerAddress: localhost:57837}, javascriptEnabled: true, networkConnectionEnabled: false, pageLoadStrategy: normal, platform: WINDOWS, platformName: WINDOWS, proxy: Proxy(), setWindowRect: true, strictFileInteractability: false, timeouts: {implicit: 0, pageLoad: 300000, script: 30000}, unhandledPromptBehavior: dismiss and notify, webauthn:extension:credBlob: true, webauthn:extension:largeBlob: true, webauthn:virtualAuthenticators: true}
Session ID: a46c36506c0515ae45eca75593b78921
17:56:24  INFO  manager.MyListener - Screenshot with throwable -->src/test/screenshots/screenshot-3383.png
17:56:24  INFO  manager.MyListener - Start search element by  locator-->By.xpath: //button[text()='Ok']
17:56:34  INFO  manager.MyListener - The element with locator -->By.xpath: //button[text()='Ok']was found
17:56:34  INFO  tests.TestBase - The end of test --->registrationSuccessTest
17:56:34  INFO  tests.TestBase - Start test ---> registrationSuccessTest
17:56:34  INFO  manager.MyListener - Start search element by  locator-->By.xpath: //a[text()=' Log in ']
17:56:34  INFO  manager.MyListener - The element with locator -->By.xpath: //a[text()=' Log in ']was found
17:56:34  INFO  tests.TestBase - User{name='Sonya', lastname='Snow', email='irinar5@gmail.com', password='Ww12345$'}
17:56:34  INFO  manager.MyListener - Start search element by  locator-->By.xpath: //a[text()=' Sign up ']
17:56:34  INFO  manager.MyListener - The element with locator -->By.xpath: //a[text()=' Sign up ']was found
17:56:34  INFO  manager.MyListener - Start search element by  locator-->By.id: name
17:56:34  INFO  manager.MyListener - The element with locator -->By.id: namewas found
17:56:34  INFO  manager.MyListener - Start search element by  locator-->By.id: lastName
17:56:34  INFO  manager.MyListener - The element with locator -->By.id: lastNamewas found
17:56:34  INFO  manager.MyListener - Start search element by  locator-->By.id: email
17:56:34  INFO  manager.MyListener - The element with locator -->By.id: emailwas found
17:56:34  INFO  manager.MyListener - Start search element by  locator-->By.id: password
17:56:34  INFO  manager.MyListener - The element with locator -->By.id: passwordwas found
17:56:34  INFO  manager.MyListener - Start search element by  locator-->By.cssSelector: .checkbox-container
17:56:34  INFO  manager.MyListener - The element with locator -->By.cssSelector: .checkbox-containerwas found
17:56:34  INFO  manager.MyListener - We have a throwable --> org.openqa.selenium.interactions.MoveTargetOutOfBoundsException: move target out of bounds
  (Session info: chrome=96.0.4664.45)
Build info: version: '3.141.59', revision: 'e82be7d358', time: '2018-11-14T08:17:03'
System info: host: 'DESKTOP-8LJJU6I', ip: '192.168.1.51', os.name: 'Windows 10', os.arch: 'amd64', os.version: '10.0', java.version: '1.8.0_301'
Driver info: org.openqa.selenium.chrome.ChromeDriver
Capabilities {acceptInsecureCerts: false, browserName: chrome, browserVersion: 96.0.4664.45, chrome: {chromedriverVersion: 96.0.4664.45 (76e4c1bb2ab46..., userDataDir: C:\Users\User\AppData\Local...}, goog:chromeOptions: {debuggerAddress: localhost:57837}, javascriptEnabled: true, networkConnectionEnabled: false, pageLoadStrategy: normal, platform: WINDOWS, platformName: WINDOWS, proxy: Proxy(), setWindowRect: true, strictFileInteractability: false, timeouts: {implicit: 0, pageLoad: 300000, script: 30000}, unhandledPromptBehavior: dismiss and notify, webauthn:extension:credBlob: true, webauthn:extension:largeBlob: true, webauthn:virtualAuthenticators: true}
Session ID: a46c36506c0515ae45eca75593b78921
17:56:35  INFO  manager.MyListener - Screenshot with throwable -->src/test/screenshots/screenshot-3394.png
17:56:35  INFO  manager.MyListener - Start search element by  locator-->By.xpath: //button[text()='Ok']
17:56:45  INFO  manager.MyListener - The element with locator -->By.xpath: //button[text()='Ok']was found
17:56:45  INFO  tests.TestBase - The end of test --->registrationSuccessTest
17:56:45  INFO  manager.ApplicationManager - The browser  has been closed
