18:55:58  INFO  manager.ApplicationManager - Tests starts on Chrome Driver
18:56:00  INFO  tests.TestBase - Start test ---> searchTestYear
18:56:00  INFO  manager.MyListener - Start search element by  locator-->By.id: city
18:56:00  INFO  manager.MyListener - The element with locator -->By.id: citywas found
18:56:00  INFO  manager.MyListener - Start search element by  locator-->By.cssSelector: div.pac-item
18:56:00  INFO  manager.MyListener - The element with locator -->By.cssSelector: div.pac-itemwas found
18:56:01  INFO  manager.MyListener - Start search element by  locator-->By.id: dates
18:56:01  INFO  manager.MyListener - The element with locator -->By.id: dateswas found
18:56:01  INFO  manager.MyListener - Start search element by  locator-->By.xpath: //button[@aria-label='Next month']
18:56:01  INFO  manager.MyListener - The element with locator -->By.xpath: //button[@aria-label='Next month']was found
18:56:01  INFO  manager.MyListener - Start search element by  locator-->By.xpath: //button[@aria-label='Next month']
18:56:01  INFO  manager.MyListener - The element with locator -->By.xpath: //button[@aria-label='Next month']was found
18:56:01  INFO  manager.MyListener - Start search element by  locator-->By.xpath: //button[@aria-label='Next month']
18:56:01  INFO  manager.MyListener - The element with locator -->By.xpath: //button[@aria-label='Next month']was found
18:56:01  INFO  manager.MyListener - Start search element by  locator-->By.xpath: //button[@aria-label='Next month']
18:56:01  INFO  manager.MyListener - The element with locator -->By.xpath: //button[@aria-label='Next month']was found
18:56:01  INFO  manager.MyListener - Start search element by  locator-->By.xpath: //div[.=' 3 ']
18:56:01  INFO  manager.MyListener - The element with locator -->By.xpath: //div[.=' 3 ']was found
18:56:01  INFO  manager.MyListener - Start search element by  locator-->By.xpath: //button[@aria-label='Next month']
18:56:01  INFO  manager.MyListener - The element with locator -->By.xpath: //button[@aria-label='Next month']was found
18:56:01  INFO  manager.MyListener - Start search element by  locator-->By.xpath: //button[@aria-label='Next month']
18:56:01  INFO  manager.MyListener - The element with locator -->By.xpath: //button[@aria-label='Next month']was found
18:56:01  INFO  manager.MyListener - Start search element by  locator-->By.xpath: //button[@aria-label='Next month']
18:56:01  INFO  manager.MyListener - The element with locator -->By.xpath: //button[@aria-label='Next month']was found
18:56:01  INFO  manager.MyListener - Start search element by  locator-->By.xpath: //div[.=' 3 ']
18:56:01  INFO  manager.MyListener - The element with locator -->By.xpath: //div[.=' 3 ']was found
18:56:06  INFO  tests.TestBase - ************************************
