14:54:00  INFO  manager.ApplicationManager - Tests starts on Chrome Driver
14:54:01  INFO  tests.TestBase - Start test ---> loginSuccess
14:54:01  INFO  manager.MyListener - Start search element by  locator-->By.xpath: //a[text()=' Log in ']
14:54:01  INFO  manager.MyListener - The element with locator -->By.xpath: //a[text()=' Log in ']was found
14:54:01  INFO  manager.MyListener - Start search element by  locator-->By.xpath: //a[text()=' Log in ']
14:54:01  INFO  manager.MyListener - The element with locator -->By.xpath: //a[text()=' Log in ']was found
14:54:01  INFO  manager.MyListener - Start search element by  locator-->By.id: email
14:54:01  INFO  manager.MyListener - The element with locator -->By.id: emailwas found
14:54:01  INFO  manager.MyListener - Start search element by  locator-->By.id: password
14:54:01  INFO  manager.MyListener - The element with locator -->By.id: passwordwas found
14:54:02  INFO  manager.MyListener - Start search element by  locator-->By.cssSelector: [type='submit']
14:54:02  INFO  manager.MyListener - The element with locator -->By.cssSelector: [type='submit']was found
14:54:02  INFO  manager.MyListener - Start search element by  locator-->By.cssSelector: .dialog-container
14:54:12  INFO  manager.MyListener - Something went wrong!
14:54:12  INFO  manager.MyListener - no such element: Unable to locate element: {"method":"css selector","selector":".dialog-container"}
  (Session info: chrome=96.0.4664.45)
For documentation on this error, please visit: https://www.seleniumhq.org/exceptions/no_such_element.html
Build info: version: '3.141.59', revision: 'e82be7d358', time: '2018-11-14T08:17:03'
System info: host: 'DESKTOP-8LJJU6I', ip: '10.0.0.33', os.name: 'Windows 10', os.arch: 'amd64', os.version: '10.0', java.version: '1.8.0_301'
Driver info: org.openqa.selenium.chrome.ChromeDriver
Capabilities {acceptInsecureCerts: false, browserName: chrome, browserVersion: 96.0.4664.45, chrome: {chromedriverVersion: 96.0.4664.45 (76e4c1bb2ab46..., userDataDir: C:\Users\User\AppData\Local...}, goog:chromeOptions: {debuggerAddress: localhost:49948}, javascriptEnabled: true, networkConnectionEnabled: false, pageLoadStrategy: normal, platform: WINDOWS, platformName: WINDOWS, proxy: Proxy(), setWindowRect: true, strictFileInteractability: false, timeouts: {implicit: 0, pageLoad: 300000, script: 30000}, unhandledPromptBehavior: dismiss and notify, webauthn:extension:credBlob: true, webauthn:extension:largeBlob: true, webauthn:virtualAuthenticators: true}
Session ID: 3033b17a2d09a894ccc56ae42348cfb5
*** Element info: {Using=css selector, value=.dialog-container}
14:54:12  INFO  manager.MyListener - org.openqa.selenium.NoSuchElementException: no such element: Unable to locate element: {"method":"css selector","selector":".dialog-container"}
  (Session info: chrome=96.0.4664.45)
For documentation on this error, please visit: https://www.seleniumhq.org/exceptions/no_such_element.html
Build info: version: '3.141.59', revision: 'e82be7d358', time: '2018-11-14T08:17:03'
System info: host: 'DESKTOP-8LJJU6I', ip: '10.0.0.33', os.name: 'Windows 10', os.arch: 'amd64', os.version: '10.0', java.version: '1.8.0_301'
Driver info: org.openqa.selenium.chrome.ChromeDriver
Capabilities {acceptInsecureCerts: false, browserName: chrome, browserVersion: 96.0.4664.45, chrome: {chromedriverVersion: 96.0.4664.45 (76e4c1bb2ab46..., userDataDir: C:\Users\User\AppData\Local...}, goog:chromeOptions: {debuggerAddress: localhost:49948}, javascriptEnabled: true, networkConnectionEnabled: false, pageLoadStrategy: normal, platform: WINDOWS, platformName: WINDOWS, proxy: Proxy(), setWindowRect: true, strictFileInteractability: false, timeouts: {implicit: 0, pageLoad: 300000, script: 30000}, unhandledPromptBehavior: dismiss and notify, webauthn:extension:credBlob: true, webauthn:extension:largeBlob: true, webauthn:virtualAuthenticators: true}
Session ID: 3033b17a2d09a894ccc56ae42348cfb5
*** Element info: {Using=css selector, value=.dialog-container}
14:54:12  INFO  manager.MyListener - This link to screenshot with error-->src/test/screenshots/screenshot-3252.png
14:54:12  INFO  manager.MyListener - Start search element by  locator-->By.xpath: //button[text()='Ok']
14:54:17  INFO  manager.MyListener - The element with locator -->By.xpath: //button[text()='Ok']was found
14:54:17  INFO  manager.MyListener - Start search element by  locator-->By.xpath: //button[text()='Ok']
14:54:17  INFO  manager.MyListener - The element with locator -->By.xpath: //button[text()='Ok']was found
14:54:17  INFO  tests.TestBase - ************************************
