16:04:50  INFO  manager.ApplicationManager - Tests starts on Chrome Driver
16:04:53  INFO  manager.ApplicationManager - Navigate to link ---> https://ilcarro.xyz/search
16:04:53  INFO  tests.TestBase - Start test ---> addNewCarTestPositive
16:04:53  INFO  manager.MyListener - Start search element by  locator-->By.xpath: //a[text()=' Log in ']
16:04:53  INFO  manager.MyListener - The element with locator -->By.xpath: //a[text()=' Log in ']was found
16:04:53  INFO  manager.MyListener - Start search element by  locator-->By.xpath: //a[text()=' Log in ']
16:04:53  INFO  manager.MyListener - The element with locator -->By.xpath: //a[text()=' Log in ']was found
16:04:53  INFO  manager.MyListener - Start search element by  locator-->By.id: email
16:04:53  INFO  manager.MyListener - The element with locator -->By.id: emailwas found
16:04:53  INFO  manager.MyListener - Start search element by  locator-->By.id: password
16:04:53  INFO  manager.MyListener - The element with locator -->By.id: passwordwas found
16:04:53  INFO  manager.MyListener - Start search element by  locator-->By.cssSelector: [type='submit']
16:04:53  INFO  manager.MyListener - The element with locator -->By.cssSelector: [type='submit']was found
16:04:53  INFO  manager.MyListener - Start search element by  locator-->By.xpath: //button[text()='Ok']
16:04:54  INFO  manager.MyListener - The element with locator -->By.xpath: //button[text()='Ok']was found
16:04:54  INFO  manager.MyListener - Start search element by  locator-->By.xpath: //button[text()='Ok']
16:04:54  INFO  manager.MyListener - The element with locator -->By.xpath: //button[text()='Ok']was found
16:04:55  INFO  manager.MyListener - Start search element by  locator-->By.id: 1
16:04:55  INFO  manager.MyListener - The element with locator -->By.id: 1was found
16:04:55  INFO  manager.MyListener - Start search element by  locator-->By.cssSelector: h2
16:04:55  INFO  manager.MyListener - The element with locator -->By.cssSelector: h2was found
16:04:55  INFO  manager.MyListener - Start search element by  locator-->By.id: pickUpPlace
16:04:55  INFO  manager.MyListener - The element with locator -->By.id: pickUpPlacewas found
16:04:55  INFO  manager.MyListener - Start search element by  locator-->By.cssSelector: div.pac-item
16:04:55  INFO  manager.MyListener - The element with locator -->By.cssSelector: div.pac-itemwas found
16:04:56  INFO  manager.MyListener - Start search element by  locator-->By.id: make
16:04:56  INFO  manager.MyListener - The element with locator -->By.id: makewas found
16:04:56  INFO  manager.MyListener - Start search element by  locator-->By.id: model
16:04:56  INFO  manager.MyListener - The element with locator -->By.id: modelwas found
16:04:56  INFO  manager.MyListener - Start search element by  locator-->By.id: year
16:04:56  INFO  manager.MyListener - The element with locator -->By.id: yearwas found
16:04:56  INFO  manager.MyListener - Start search element by  locator-->By.id: engine
16:04:56  INFO  manager.MyListener - The element with locator -->By.id: enginewas found
16:04:56  INFO  manager.MyListener - Start search element by  locator-->By.id: fuel
16:04:56  INFO  manager.MyListener - The element with locator -->By.id: fuelwas found
16:04:56  INFO  manager.MyListener - Start search element by  locator-->By.xpath: .//option[@value = "Petrol"]
16:04:56  INFO  manager.MyListener - The element with locator -->By.xpath: .//option[@value = "Petrol"]was found
16:04:56  INFO  manager.MyListener - Start search element by  locator-->By.id: gear
16:04:56  INFO  manager.MyListener - The element with locator -->By.id: gearwas found
16:04:56  INFO  manager.MyListener - Start search element by  locator-->By.xpath: .//option[@value = "MT"]
16:04:56  INFO  manager.MyListener - The element with locator -->By.xpath: .//option[@value = "MT"]was found
16:04:56  INFO  manager.MyListener - Start search element by  locator-->By.id: wheelsDrive
16:04:56  INFO  manager.MyListener - The element with locator -->By.id: wheelsDrivewas found
16:04:56  INFO  manager.MyListener - Start search element by  locator-->By.xpath: .//option[@value = "AWD"]
16:04:57  INFO  manager.MyListener - The element with locator -->By.xpath: .//option[@value = "AWD"]was found
16:04:57  INFO  manager.MyListener - Start search element by  locator-->By.id: doors
16:04:57  INFO  manager.MyListener - The element with locator -->By.id: doorswas found
16:04:57  INFO  manager.MyListener - Start search element by  locator-->By.id: seats
16:04:57  INFO  manager.MyListener - The element with locator -->By.id: seatswas found
16:04:57  INFO  manager.MyListener - Start search element by  locator-->By.id: class
16:04:57  INFO  manager.MyListener - The element with locator -->By.id: classwas found
16:04:57  INFO  manager.MyListener - Start search element by  locator-->By.id: fuelConsumption
16:04:57  INFO  manager.MyListener - The element with locator -->By.id: fuelConsumptionwas found
16:04:57  INFO  manager.MyListener - Start search element by  locator-->By.id: serialNumber
16:04:57  INFO  manager.MyListener - The element with locator -->By.id: serialNumberwas found
16:04:57  INFO  manager.MyListener - Start search element by  locator-->By.id: price
16:04:57  INFO  manager.MyListener - The element with locator -->By.id: pricewas found
16:04:57  INFO  manager.MyListener - Start search element by  locator-->By.id: distance
16:04:57  INFO  manager.MyListener - The element with locator -->By.id: distancewas found
16:04:57  INFO  manager.MyListener - Start search element by  locator-->By.cssSelector: .feature-input
16:04:57  INFO  manager.MyListener - The element with locator -->By.cssSelector: .feature-inputwas found
16:04:57  INFO  manager.MyListener - Start search element by  locator-->By.id: about
16:04:58  INFO  manager.MyListener - The element with locator -->By.id: aboutwas found
16:04:58  INFO  manager.MyListener - Start search element by  locator-->By.id: photos
16:04:58  INFO  manager.MyListener - The element with locator -->By.id: photoswas found
16:04:58  INFO  manager.MyListener - Start search element by  locator-->By.cssSelector: [type='submit']
16:04:58  INFO  manager.MyListener - The element with locator -->By.cssSelector: [type='submit']was found
16:04:59  INFO  manager.MyListener - Start search element by  locator-->By.className: dialog-container
16:05:01  INFO  manager.MyListener - The element with locator -->By.className: dialog-containerwas found
16:05:01  INFO  manager.MyListener - Start search element by  locator-->By.cssSelector: .dialog-container h1
16:05:01  INFO  manager.MyListener - The element with locator -->By.cssSelector: .dialog-container h1was found
16:05:01  INFO  manager.MyListener - Start search element by  locator-->By.xpath: //button[.='Search cars']
16:05:01  INFO  manager.MyListener - The element with locator -->By.xpath: //button[.='Search cars']was found
16:05:01  INFO  manager.MyListener - Start search element by  locator-->By.xpath: //a[text()=' Logout ']
16:05:01  INFO  manager.MyListener - The element with locator -->By.xpath: //a[text()=' Logout ']was found
16:05:01  INFO  tests.TestBase - The end of test --->addNewCarTestPositive
16:05:01  INFO  tests.TestBase - Start test ---> addNewCarTestPositive2
16:05:01  INFO  manager.MyListener - Start search element by  locator-->By.xpath: //a[text()=' Log in ']
16:05:01  INFO  manager.MyListener - The element with locator -->By.xpath: //a[text()=' Log in ']was found
16:05:01  INFO  manager.MyListener - Start search element by  locator-->By.xpath: //a[text()=' Log in ']
16:05:01  INFO  manager.MyListener - The element with locator -->By.xpath: //a[text()=' Log in ']was found
16:05:01  INFO  manager.MyListener - Start search element by  locator-->By.id: email
16:05:01  INFO  manager.MyListener - The element with locator -->By.id: emailwas found
16:05:01  INFO  manager.MyListener - Start search element by  locator-->By.id: password
16:05:01  INFO  manager.MyListener - The element with locator -->By.id: passwordwas found
16:05:01  INFO  manager.MyListener - Start search element by  locator-->By.cssSelector: [type='submit']
16:05:01  INFO  manager.MyListener - The element with locator -->By.cssSelector: [type='submit']was found
16:05:01  INFO  manager.MyListener - Start search element by  locator-->By.xpath: //button[text()='Ok']
16:05:02  INFO  manager.MyListener - The element with locator -->By.xpath: //button[text()='Ok']was found
16:05:02  INFO  manager.MyListener - Start search element by  locator-->By.xpath: //button[text()='Ok']
16:05:02  INFO  manager.MyListener - The element with locator -->By.xpath: //button[text()='Ok']was found
16:05:03  INFO  manager.MyListener - Start search element by  locator-->By.id: 1
16:05:03  INFO  manager.MyListener - The element with locator -->By.id: 1was found
16:05:03  INFO  manager.MyListener - Start search element by  locator-->By.cssSelector: h2
16:05:03  INFO  manager.MyListener - The element with locator -->By.cssSelector: h2was found
16:05:03  INFO  manager.MyListener - Start search element by  locator-->By.id: pickUpPlace
16:05:03  INFO  manager.MyListener - The element with locator -->By.id: pickUpPlacewas found
16:05:03  INFO  manager.MyListener - Start search element by  locator-->By.cssSelector: div.pac-item
16:05:03  INFO  manager.MyListener - The element with locator -->By.cssSelector: div.pac-itemwas found
16:05:04  INFO  manager.MyListener - Start search element by  locator-->By.id: make
16:05:04  INFO  manager.MyListener - The element with locator -->By.id: makewas found
16:05:04  INFO  manager.MyListener - Start search element by  locator-->By.id: model
16:05:04  INFO  manager.MyListener - The element with locator -->By.id: modelwas found
16:05:04  INFO  manager.MyListener - Start search element by  locator-->By.id: year
16:05:04  INFO  manager.MyListener - The element with locator -->By.id: yearwas found
16:05:04  INFO  manager.MyListener - Start search element by  locator-->By.id: engine
16:05:04  INFO  manager.MyListener - The element with locator -->By.id: enginewas found
16:05:04  INFO  manager.MyListener - Start search element by  locator-->By.id: fuel
16:05:04  INFO  manager.MyListener - The element with locator -->By.id: fuelwas found
16:05:04  INFO  manager.MyListener - Start search element by  locator-->By.xpath: .//option[@value = "Petrol"]
16:05:04  INFO  manager.MyListener - The element with locator -->By.xpath: .//option[@value = "Petrol"]was found
16:05:04  INFO  manager.MyListener - Start search element by  locator-->By.id: gear
16:05:04  INFO  manager.MyListener - The element with locator -->By.id: gearwas found
16:05:04  INFO  manager.MyListener - Start search element by  locator-->By.xpath: .//option[@value = "MT"]
16:05:04  INFO  manager.MyListener - The element with locator -->By.xpath: .//option[@value = "MT"]was found
16:05:04  INFO  manager.MyListener - Start search element by  locator-->By.id: wheelsDrive
16:05:04  INFO  manager.MyListener - The element with locator -->By.id: wheelsDrivewas found
16:05:04  INFO  manager.MyListener - Start search element by  locator-->By.xpath: .//option[@value = "AWD"]
16:05:05  INFO  manager.MyListener - The element with locator -->By.xpath: .//option[@value = "AWD"]was found
16:05:05  INFO  manager.MyListener - Start search element by  locator-->By.id: doors
16:05:05  INFO  manager.MyListener - The element with locator -->By.id: doorswas found
16:05:05  INFO  manager.MyListener - Start search element by  locator-->By.id: seats
16:05:05  INFO  manager.MyListener - The element with locator -->By.id: seatswas found
16:05:05  INFO  manager.MyListener - Start search element by  locator-->By.id: class
16:05:05  INFO  manager.MyListener - The element with locator -->By.id: classwas found
16:05:05  INFO  manager.MyListener - Start search element by  locator-->By.id: fuelConsumption
16:05:05  INFO  manager.MyListener - The element with locator -->By.id: fuelConsumptionwas found
16:05:05  INFO  manager.MyListener - Start search element by  locator-->By.id: serialNumber
16:05:05  INFO  manager.MyListener - The element with locator -->By.id: serialNumberwas found
16:05:05  INFO  manager.MyListener - Start search element by  locator-->By.id: price
16:05:05  INFO  manager.MyListener - The element with locator -->By.id: pricewas found
16:05:05  INFO  manager.MyListener - Start search element by  locator-->By.id: distance
16:05:05  INFO  manager.MyListener - The element with locator -->By.id: distancewas found
16:05:05  INFO  manager.MyListener - Start search element by  locator-->By.cssSelector: .feature-input
16:05:05  INFO  manager.MyListener - The element with locator -->By.cssSelector: .feature-inputwas found
16:05:06  INFO  manager.MyListener - Start search element by  locator-->By.id: about
16:05:06  INFO  manager.MyListener - The element with locator -->By.id: aboutwas found
16:05:06  INFO  manager.MyListener - Start search element by  locator-->By.id: photos
16:05:06  INFO  manager.MyListener - The element with locator -->By.id: photoswas found
16:05:06  INFO  manager.MyListener - Start search element by  locator-->By.cssSelector: [type='submit']
16:05:06  INFO  manager.MyListener - The element with locator -->By.cssSelector: [type='submit']was found
16:05:08  INFO  manager.MyListener - Start search element by  locator-->By.className: dialog-container
16:05:09  INFO  manager.MyListener - The element with locator -->By.className: dialog-containerwas found
16:05:10  INFO  manager.MyListener - Start search element by  locator-->By.cssSelector: .dialog-container h1
16:05:10  INFO  manager.MyListener - The element with locator -->By.cssSelector: .dialog-container h1was found
16:05:10  INFO  manager.MyListener - Start search element by  locator-->By.xpath: //button[.='Search cars']
16:05:10  INFO  manager.MyListener - The element with locator -->By.xpath: //button[.='Search cars']was found
16:05:10  INFO  manager.MyListener - Start search element by  locator-->By.xpath: //a[text()=' Logout ']
16:05:10  INFO  manager.MyListener - The element with locator -->By.xpath: //a[text()=' Logout ']was found
16:05:10  INFO  tests.TestBase - The end of test --->addNewCarTestPositive2
16:05:10  INFO  tests.TestBase - Start test ---> loginSuccess
16:05:10  INFO  manager.MyListener - Start search element by  locator-->By.xpath: //a[text()=' Log in ']
16:05:10  INFO  manager.MyListener - The element with locator -->By.xpath: //a[text()=' Log in ']was found
16:05:10  INFO  tests.TestBase - With user --> User{name='null', lastname='null', email='nevo@gmail.com', password='Nn12345$'}
16:05:10  INFO  manager.MyListener - Start search element by  locator-->By.xpath: //a[text()=' Log in ']
16:05:10  INFO  manager.MyListener - The element with locator -->By.xpath: //a[text()=' Log in ']was found
16:05:10  INFO  manager.MyListener - Start search element by  locator-->By.id: email
16:05:10  INFO  manager.MyListener - The element with locator -->By.id: emailwas found
16:05:10  INFO  manager.MyListener - Start search element by  locator-->By.id: password
16:05:10  INFO  manager.MyListener - The element with locator -->By.id: passwordwas found
16:05:10  INFO  manager.MyListener - Start search element by  locator-->By.cssSelector: [type='submit']
16:05:10  INFO  manager.MyListener - The element with locator -->By.cssSelector: [type='submit']was found
16:05:10  INFO  manager.MyListener - Start search element by  locator-->By.cssSelector: .dialog-container
16:05:11  INFO  manager.MyListener - The element with locator -->By.cssSelector: .dialog-containerwas found
16:05:11  INFO  manager.MyListener - Start search element by  locator-->By.cssSelector: .dialog-container h2
16:05:11  INFO  manager.MyListener - The element with locator -->By.cssSelector: .dialog-container h2was found
16:05:11  INFO  manager.MyListener - Start search element by  locator-->By.xpath: //button[text()='Ok']
16:05:11  INFO  manager.MyListener - The element with locator -->By.xpath: //button[text()='Ok']was found
16:05:11  INFO  manager.MyListener - Start search element by  locator-->By.xpath: //button[text()='Ok']
16:05:11  INFO  manager.MyListener - The element with locator -->By.xpath: //button[text()='Ok']was found
16:05:11  INFO  tests.TestBase - The end of test --->loginSuccess
16:05:11  INFO  tests.TestBase - Start test ---> loginSuccess
16:05:11  INFO  manager.MyListener - Start search element by  locator-->By.xpath: //a[text()=' Log in ']
16:05:21  INFO  manager.MyListener - The element with locator -->By.xpath: //a[text()=' Log in ']was found
16:05:21  INFO  manager.MyListener - Start search element by  locator-->By.xpath: //a[text()=' Logout ']
16:05:21  INFO  manager.MyListener - The element with locator -->By.xpath: //a[text()=' Logout ']was found
16:05:21  INFO  tests.TestBase - With user --> User{name='null', lastname='null', email='nevo@gmail.com', password='Nn12345$'}
16:05:21  INFO  manager.MyListener - Start search element by  locator-->By.xpath: //a[text()=' Log in ']
16:05:21  INFO  manager.MyListener - The element with locator -->By.xpath: //a[text()=' Log in ']was found
16:05:21  INFO  manager.MyListener - Start search element by  locator-->By.id: email
16:05:21  INFO  manager.MyListener - The element with locator -->By.id: emailwas found
16:05:21  INFO  manager.MyListener - Start search element by  locator-->By.id: password
16:05:21  INFO  manager.MyListener - The element with locator -->By.id: passwordwas found
16:05:21  INFO  manager.MyListener - Start search element by  locator-->By.cssSelector: [type='submit']
16:05:21  INFO  manager.MyListener - The element with locator -->By.cssSelector: [type='submit']was found
16:05:21  INFO  manager.MyListener - Start search element by  locator-->By.cssSelector: .dialog-container
16:05:22  INFO  manager.MyListener - The element with locator -->By.cssSelector: .dialog-containerwas found
16:05:22  INFO  manager.MyListener - Start search element by  locator-->By.cssSelector: .dialog-container h2
16:05:22  INFO  manager.MyListener - The element with locator -->By.cssSelector: .dialog-container h2was found
16:05:22  INFO  manager.MyListener - Start search element by  locator-->By.xpath: //button[text()='Ok']
16:05:22  INFO  manager.MyListener - The element with locator -->By.xpath: //button[text()='Ok']was found
16:05:22  INFO  manager.MyListener - Start search element by  locator-->By.xpath: //button[text()='Ok']
16:05:22  INFO  manager.MyListener - The element with locator -->By.xpath: //button[text()='Ok']was found
16:05:22  INFO  tests.TestBase - The end of test --->loginSuccess
16:05:22  INFO  tests.TestBase - Start test ---> loginSuccess2
16:05:22  INFO  manager.MyListener - Start search element by  locator-->By.xpath: //a[text()=' Log in ']
16:05:32  INFO  manager.MyListener - The element with locator -->By.xpath: //a[text()=' Log in ']was found
16:05:32  INFO  manager.MyListener - Start search element by  locator-->By.xpath: //a[text()=' Logout ']
16:05:32  INFO  manager.MyListener - The element with locator -->By.xpath: //a[text()=' Logout ']was found
16:05:32  INFO  tests.TestBase - Start with email -->nevo@gmail.comWith password-->Nn12345$
16:05:32  INFO  manager.MyListener - Start search element by  locator-->By.xpath: //a[text()=' Log in ']
16:05:32  INFO  manager.MyListener - The element with locator -->By.xpath: //a[text()=' Log in ']was found
16:05:32  INFO  manager.MyListener - Start search element by  locator-->By.id: email
16:05:32  INFO  manager.MyListener - The element with locator -->By.id: emailwas found
16:05:32  INFO  manager.MyListener - Start search element by  locator-->By.id: password
16:05:32  INFO  manager.MyListener - The element with locator -->By.id: passwordwas found
16:05:32  INFO  manager.MyListener - Start search element by  locator-->By.cssSelector: [type='submit']
16:05:32  INFO  manager.MyListener - The element with locator -->By.cssSelector: [type='submit']was found
16:05:32  INFO  manager.MyListener - Start search element by  locator-->By.cssSelector: .dialog-container
16:05:33  INFO  manager.MyListener - The element with locator -->By.cssSelector: .dialog-containerwas found
16:05:33  INFO  manager.MyListener - Start search element by  locator-->By.cssSelector: .dialog-container h2
16:05:33  INFO  manager.MyListener - The element with locator -->By.cssSelector: .dialog-container h2was found
16:05:33  INFO  manager.MyListener - Start search element by  locator-->By.xpath: //button[text()='Ok']
16:05:33  INFO  manager.MyListener - The element with locator -->By.xpath: //button[text()='Ok']was found
16:05:33  INFO  manager.MyListener - Start search element by  locator-->By.xpath: //button[text()='Ok']
16:05:33  INFO  manager.MyListener - The element with locator -->By.xpath: //button[text()='Ok']was found
16:05:33  INFO  tests.TestBase - The end of test --->loginSuccess2
16:05:33  INFO  tests.TestBase - Start test ---> loginSuccess2
16:05:33  INFO  manager.MyListener - Start search element by  locator-->By.xpath: //a[text()=' Log in ']
16:05:43  INFO  manager.MyListener - The element with locator -->By.xpath: //a[text()=' Log in ']was found
16:05:43  INFO  manager.MyListener - Start search element by  locator-->By.xpath: //a[text()=' Logout ']
16:05:43  INFO  manager.MyListener - The element with locator -->By.xpath: //a[text()=' Logout ']was found
16:05:43  INFO  tests.TestBase - Start with email -->nevo@gmail.comWith password-->Nn12345$
16:05:43  INFO  manager.MyListener - Start search element by  locator-->By.xpath: //a[text()=' Log in ']
16:05:43  INFO  manager.MyListener - The element with locator -->By.xpath: //a[text()=' Log in ']was found
16:05:43  INFO  manager.MyListener - Start search element by  locator-->By.id: email
16:05:43  INFO  manager.MyListener - The element with locator -->By.id: emailwas found
16:05:43  INFO  manager.MyListener - Start search element by  locator-->By.id: password
16:05:43  INFO  manager.MyListener - The element with locator -->By.id: passwordwas found
16:05:43  INFO  manager.MyListener - Start search element by  locator-->By.cssSelector: [type='submit']
16:05:43  INFO  manager.MyListener - The element with locator -->By.cssSelector: [type='submit']was found
16:05:43  INFO  manager.MyListener - Start search element by  locator-->By.cssSelector: .dialog-container
16:05:44  INFO  manager.MyListener - The element with locator -->By.cssSelector: .dialog-containerwas found
16:05:44  INFO  manager.MyListener - Start search element by  locator-->By.cssSelector: .dialog-container h2
16:05:44  INFO  manager.MyListener - The element with locator -->By.cssSelector: .dialog-container h2was found
16:05:44  INFO  manager.MyListener - Start search element by  locator-->By.xpath: //button[text()='Ok']
16:05:44  INFO  manager.MyListener - The element with locator -->By.xpath: //button[text()='Ok']was found
16:05:44  INFO  manager.MyListener - Start search element by  locator-->By.xpath: //button[text()='Ok']
16:05:44  INFO  manager.MyListener - The element with locator -->By.xpath: //button[text()='Ok']was found
16:05:44  INFO  tests.TestBase - The end of test --->loginSuccess2
16:05:44  INFO  tests.TestBase - Start test ---> loginSuccess2
16:05:44  INFO  manager.MyListener - Start search element by  locator-->By.xpath: //a[text()=' Log in ']
16:05:54  INFO  manager.MyListener - The element with locator -->By.xpath: //a[text()=' Log in ']was found
16:05:54  INFO  manager.MyListener - Start search element by  locator-->By.xpath: //a[text()=' Logout ']
16:05:54  INFO  manager.MyListener - The element with locator -->By.xpath: //a[text()=' Logout ']was found
16:05:55  INFO  tests.TestBase - Start with email -->nevo@gmail.comWith password-->Nn12345$
16:05:55  INFO  manager.MyListener - Start search element by  locator-->By.xpath: //a[text()=' Log in ']
16:05:55  INFO  manager.MyListener - The element with locator -->By.xpath: //a[text()=' Log in ']was found
16:05:55  INFO  manager.MyListener - Start search element by  locator-->By.id: email
16:05:55  INFO  manager.MyListener - The element with locator -->By.id: emailwas found
16:05:55  INFO  manager.MyListener - Start search element by  locator-->By.id: password
16:05:55  INFO  manager.MyListener - The element with locator -->By.id: passwordwas found
16:05:55  INFO  manager.MyListener - Start search element by  locator-->By.cssSelector: [type='submit']
16:05:55  INFO  manager.MyListener - The element with locator -->By.cssSelector: [type='submit']was found
16:05:55  INFO  manager.MyListener - Start search element by  locator-->By.cssSelector: .dialog-container
16:05:56  INFO  manager.MyListener - The element with locator -->By.cssSelector: .dialog-containerwas found
16:05:56  INFO  manager.MyListener - Start search element by  locator-->By.cssSelector: .dialog-container h2
16:05:56  INFO  manager.MyListener - The element with locator -->By.cssSelector: .dialog-container h2was found
16:05:56  INFO  manager.MyListener - Start search element by  locator-->By.xpath: //button[text()='Ok']
16:05:56  INFO  manager.MyListener - The element with locator -->By.xpath: //button[text()='Ok']was found
16:05:56  INFO  manager.MyListener - Start search element by  locator-->By.xpath: //button[text()='Ok']
16:05:56  INFO  manager.MyListener - The element with locator -->By.xpath: //button[text()='Ok']was found
16:05:56  INFO  tests.TestBase - The end of test --->loginSuccess2
16:05:56  INFO  tests.TestBase - Start test ---> registrationPasswordTest
16:05:56  INFO  manager.MyListener - Start search element by  locator-->By.xpath: //a[text()=' Log in ']
16:06:06  INFO  manager.MyListener - The element with locator -->By.xpath: //a[text()=' Log in ']was found
16:06:06  INFO  manager.MyListener - Start search element by  locator-->By.xpath: //a[text()=' Logout ']
16:06:06  INFO  manager.MyListener - The element with locator -->By.xpath: //a[text()=' Logout ']was found
16:06:06  INFO  manager.MyListener - Start search element by  locator-->By.xpath: //a[text()=' Sign up ']
16:06:06  INFO  manager.MyListener - The element with locator -->By.xpath: //a[text()=' Sign up ']was found
16:06:06  INFO  manager.MyListener - Start search element by  locator-->By.id: name
16:06:06  INFO  manager.MyListener - The element with locator -->By.id: namewas found
16:06:06  INFO  manager.MyListener - Start search element by  locator-->By.id: lastName
16:06:06  INFO  manager.MyListener - The element with locator -->By.id: lastNamewas found
16:06:06  INFO  manager.MyListener - Start search element by  locator-->By.id: email
16:06:06  INFO  manager.MyListener - The element with locator -->By.id: emailwas found
16:06:06  INFO  manager.MyListener - Start search element by  locator-->By.id: password
16:06:06  INFO  manager.MyListener - The element with locator -->By.id: passwordwas found
16:06:06  INFO  manager.MyListener - Start search element by  locator-->By.id: terms-of-use
16:06:06  INFO  manager.MyListener - The element with locator -->By.id: terms-of-usewas found
16:06:06  INFO  manager.MyListener - Start search element by  locator-->By.xpath: //label[@for='terms-of-use']
16:06:06  INFO  manager.MyListener - The element with locator -->By.xpath: //label[@for='terms-of-use']was found
16:06:06  INFO  manager.MyListener - Start search element by  locator-->By.xpath: //*[text()='Password must contain minimum 8 symbols']
16:06:06  INFO  manager.MyListener - The element with locator -->By.xpath: //*[text()='Password must contain minimum 8 symbols']was found
16:06:06  INFO  manager.MyListener - Start search element by  locator-->By.xpath: //button[@type='submit']
16:06:06  INFO  manager.MyListener - The element with locator -->By.xpath: //button[@type='submit']was found
16:06:06  INFO  manager.MyListener - Start search element by  locator-->By.xpath: //button[text()='Ok']
16:06:16  INFO  manager.MyListener - The element with locator -->By.xpath: //button[text()='Ok']was found
16:06:16  INFO  tests.TestBase - The end of test --->registrationPasswordTest
16:06:16  INFO  tests.TestBase - Start test ---> registrationSuccessTest
16:06:16  INFO  manager.MyListener - Start search element by  locator-->By.xpath: //a[text()=' Log in ']
16:06:16  INFO  manager.MyListener - The element with locator -->By.xpath: //a[text()=' Log in ']was found
16:06:16  INFO  tests.TestBase - User{name='Sonya', lastname='Snow', email='irinar@gmail.com', password='Ww12345$'}
16:06:16  INFO  manager.MyListener - Start search element by  locator-->By.xpath: //a[text()=' Sign up ']
16:06:16  INFO  manager.MyListener - The element with locator -->By.xpath: //a[text()=' Sign up ']was found
16:06:17  INFO  manager.MyListener - Start search element by  locator-->By.id: name
16:06:17  INFO  manager.MyListener - The element with locator -->By.id: namewas found
16:06:17  INFO  manager.MyListener - Start search element by  locator-->By.id: lastName
16:06:17  INFO  manager.MyListener - The element with locator -->By.id: lastNamewas found
16:06:17  INFO  manager.MyListener - Start search element by  locator-->By.id: email
16:06:17  INFO  manager.MyListener - The element with locator -->By.id: emailwas found
16:06:17  INFO  manager.MyListener - Start search element by  locator-->By.id: password
16:06:17  INFO  manager.MyListener - The element with locator -->By.id: passwordwas found
16:06:17  INFO  manager.MyListener - Start search element by  locator-->By.id: terms-of-use
16:06:17  INFO  manager.MyListener - The element with locator -->By.id: terms-of-usewas found
16:06:17  INFO  manager.MyListener - Start search element by  locator-->By.xpath: //label[@for='terms-of-use']
16:06:17  INFO  manager.MyListener - The element with locator -->By.xpath: //label[@for='terms-of-use']was found
16:06:17  INFO  manager.MyListener - Start search element by  locator-->By.cssSelector: [type='submit']
16:06:27  INFO  manager.MyListener - We have a throwable --> org.openqa.selenium.NoSuchElementException: no such element: Unable to locate element: {"method":"css selector","selector":"[type='submit']"}
  (Session info: chrome=96.0.4664.45)
For documentation on this error, please visit: https://www.seleniumhq.org/exceptions/no_such_element.html
Build info: version: '3.141.59', revision: 'e82be7d358', time: '2018-11-14T08:17:03'
System info: host: 'DESKTOP-8LJJU6I', ip: '10.0.0.33', os.name: 'Windows 10', os.arch: 'amd64', os.version: '10.0', java.version: '1.8.0_301'
Driver info: org.openqa.selenium.chrome.ChromeDriver
Capabilities {acceptInsecureCerts: false, browserName: chrome, browserVersion: 96.0.4664.45, chrome: {chromedriverVersion: 96.0.4664.45 (76e4c1bb2ab46..., userDataDir: C:\Users\User\AppData\Local...}, goog:chromeOptions: {debuggerAddress: localhost:52737}, javascriptEnabled: true, networkConnectionEnabled: false, pageLoadStrategy: normal, platform: WINDOWS, platformName: WINDOWS, proxy: Proxy(), setWindowRect: true, strictFileInteractability: false, timeouts: {implicit: 0, pageLoad: 300000, script: 30000}, unhandledPromptBehavior: dismiss and notify, webauthn:extension:credBlob: true, webauthn:extension:largeBlob: true, webauthn:virtualAuthenticators: true}
Session ID: f6ab602762a8d936abc2fe469777bfe7
*** Element info: {Using=css selector, value=[type='submit']}
16:06:27  INFO  manager.MyListener - Screenshot with throwable -->src/test/screenshots/screenshot-387.png
16:06:27  INFO  manager.MyListener - Start search element by  locator-->By.xpath: //button[text()='Ok']
16:06:37  INFO  manager.MyListener - The element with locator -->By.xpath: //button[text()='Ok']was found
16:06:37  INFO  tests.TestBase - The end of test --->registrationSuccessTest
16:06:37  INFO  tests.TestBase - Start test ---> registrationSuccessTest
16:06:37  INFO  manager.MyListener - Start search element by  locator-->By.xpath: //a[text()=' Log in ']
16:06:37  INFO  manager.MyListener - The element with locator -->By.xpath: //a[text()=' Log in ']was found
16:06:37  INFO  tests.TestBase - User{name='Sonya', lastname='Snow', email='irinar1@gmail.com', password='Ww12345$'}
16:06:37  INFO  manager.MyListener - Start search element by  locator-->By.xpath: //a[text()=' Sign up ']
16:06:37  INFO  manager.MyListener - The element with locator -->By.xpath: //a[text()=' Sign up ']was found
16:06:37  INFO  manager.MyListener - Start search element by  locator-->By.id: name
16:06:37  INFO  manager.MyListener - The element with locator -->By.id: namewas found
16:06:38  INFO  manager.MyListener - Start search element by  locator-->By.id: lastName
16:06:38  INFO  manager.MyListener - The element with locator -->By.id: lastNamewas found
16:06:38  INFO  manager.MyListener - Start search element by  locator-->By.id: email
16:06:38  INFO  manager.MyListener - The element with locator -->By.id: emailwas found
16:06:38  INFO  manager.MyListener - Start search element by  locator-->By.id: password
16:06:38  INFO  manager.MyListener - The element with locator -->By.id: passwordwas found
16:06:38  INFO  manager.MyListener - Start search element by  locator-->By.id: terms-of-use
16:06:38  INFO  manager.MyListener - The element with locator -->By.id: terms-of-usewas found
16:06:38  INFO  manager.MyListener - Start search element by  locator-->By.xpath: //label[@for='terms-of-use']
16:06:38  INFO  manager.MyListener - The element with locator -->By.xpath: //label[@for='terms-of-use']was found
16:06:38  INFO  manager.MyListener - Start search element by  locator-->By.cssSelector: [type='submit']
16:06:48  INFO  manager.MyListener - We have a throwable --> org.openqa.selenium.NoSuchElementException: no such element: Unable to locate element: {"method":"css selector","selector":"[type='submit']"}
  (Session info: chrome=96.0.4664.45)
For documentation on this error, please visit: https://www.seleniumhq.org/exceptions/no_such_element.html
Build info: version: '3.141.59', revision: 'e82be7d358', time: '2018-11-14T08:17:03'
System info: host: 'DESKTOP-8LJJU6I', ip: '10.0.0.33', os.name: 'Windows 10', os.arch: 'amd64', os.version: '10.0', java.version: '1.8.0_301'
Driver info: org.openqa.selenium.chrome.ChromeDriver
Capabilities {acceptInsecureCerts: false, browserName: chrome, browserVersion: 96.0.4664.45, chrome: {chromedriverVersion: 96.0.4664.45 (76e4c1bb2ab46..., userDataDir: C:\Users\User\AppData\Local...}, goog:chromeOptions: {debuggerAddress: localhost:52737}, javascriptEnabled: true, networkConnectionEnabled: false, pageLoadStrategy: normal, platform: WINDOWS, platformName: WINDOWS, proxy: Proxy(), setWindowRect: true, strictFileInteractability: false, timeouts: {implicit: 0, pageLoad: 300000, script: 30000}, unhandledPromptBehavior: dismiss and notify, webauthn:extension:credBlob: true, webauthn:extension:largeBlob: true, webauthn:virtualAuthenticators: true}
Session ID: f6ab602762a8d936abc2fe469777bfe7
*** Element info: {Using=css selector, value=[type='submit']}
16:06:48  INFO  manager.MyListener - Screenshot with throwable -->src/test/screenshots/screenshot-408.png
16:06:48  INFO  manager.MyListener - Start search element by  locator-->By.xpath: //button[text()='Ok']
16:06:58  INFO  manager.MyListener - The element with locator -->By.xpath: //button[text()='Ok']was found
16:06:58  INFO  tests.TestBase - The end of test --->registrationSuccessTest
16:06:58  INFO  tests.TestBase - Start test ---> registrationSuccessTest
16:06:58  INFO  manager.MyListener - Start search element by  locator-->By.xpath: //a[text()=' Log in ']
16:06:58  INFO  manager.MyListener - The element with locator -->By.xpath: //a[text()=' Log in ']was found
16:06:58  INFO  tests.TestBase - User{name='Sonya', lastname='Snow', email='irinar2@gmail.com', password='Ww12345$'}
16:06:58  INFO  manager.MyListener - Start search element by  locator-->By.xpath: //a[text()=' Sign up ']
16:06:58  INFO  manager.MyListener - The element with locator -->By.xpath: //a[text()=' Sign up ']was found
16:06:58  INFO  manager.MyListener - Start search element by  locator-->By.id: name
16:06:58  INFO  manager.MyListener - The element with locator -->By.id: namewas found
16:06:58  INFO  manager.MyListener - Start search element by  locator-->By.id: lastName
16:06:59  INFO  manager.MyListener - The element with locator -->By.id: lastNamewas found
16:06:59  INFO  manager.MyListener - Start search element by  locator-->By.id: email
16:06:59  INFO  manager.MyListener - The element with locator -->By.id: emailwas found
16:06:59  INFO  manager.MyListener - Start search element by  locator-->By.id: password
16:06:59  INFO  manager.MyListener - The element with locator -->By.id: passwordwas found
16:06:59  INFO  manager.MyListener - Start search element by  locator-->By.id: terms-of-use
16:06:59  INFO  manager.MyListener - The element with locator -->By.id: terms-of-usewas found
16:06:59  INFO  manager.MyListener - Start search element by  locator-->By.xpath: //label[@for='terms-of-use']
16:06:59  INFO  manager.MyListener - The element with locator -->By.xpath: //label[@for='terms-of-use']was found
16:06:59  INFO  manager.MyListener - Start search element by  locator-->By.cssSelector: [type='submit']
16:07:09  INFO  manager.MyListener - We have a throwable --> org.openqa.selenium.NoSuchElementException: no such element: Unable to locate element: {"method":"css selector","selector":"[type='submit']"}
  (Session info: chrome=96.0.4664.45)
For documentation on this error, please visit: https://www.seleniumhq.org/exceptions/no_such_element.html
Build info: version: '3.141.59', revision: 'e82be7d358', time: '2018-11-14T08:17:03'
System info: host: 'DESKTOP-8LJJU6I', ip: '10.0.0.33', os.name: 'Windows 10', os.arch: 'amd64', os.version: '10.0', java.version: '1.8.0_301'
Driver info: org.openqa.selenium.chrome.ChromeDriver
Capabilities {acceptInsecureCerts: false, browserName: chrome, browserVersion: 96.0.4664.45, chrome: {chromedriverVersion: 96.0.4664.45 (76e4c1bb2ab46..., userDataDir: C:\Users\User\AppData\Local...}, goog:chromeOptions: {debuggerAddress: localhost:52737}, javascriptEnabled: true, networkConnectionEnabled: false, pageLoadStrategy: normal, platform: WINDOWS, platformName: WINDOWS, proxy: Proxy(), setWindowRect: true, strictFileInteractability: false, timeouts: {implicit: 0, pageLoad: 300000, script: 30000}, unhandledPromptBehavior: dismiss and notify, webauthn:extension:credBlob: true, webauthn:extension:largeBlob: true, webauthn:virtualAuthenticators: true}
Session ID: f6ab602762a8d936abc2fe469777bfe7
*** Element info: {Using=css selector, value=[type='submit']}
16:07:09  INFO  manager.MyListener - Screenshot with throwable -->src/test/screenshots/screenshot-429.png
16:07:09  INFO  manager.MyListener - Start search element by  locator-->By.xpath: //button[text()='Ok']
16:07:19  INFO  manager.MyListener - The element with locator -->By.xpath: //button[text()='Ok']was found
16:07:19  INFO  tests.TestBase - The end of test --->registrationSuccessTest
16:07:19  INFO  tests.TestBase - Start test ---> searchTest
16:07:19  INFO  manager.MyListener - Start search element by  locator-->By.id: city
16:07:29  INFO  manager.MyListener - We have a throwable --> org.openqa.selenium.NoSuchElementException: no such element: Unable to locate element: {"method":"css selector","selector":"#city"}
  (Session info: chrome=96.0.4664.45)
For documentation on this error, please visit: https://www.seleniumhq.org/exceptions/no_such_element.html
Build info: version: '3.141.59', revision: 'e82be7d358', time: '2018-11-14T08:17:03'
System info: host: 'DESKTOP-8LJJU6I', ip: '10.0.0.33', os.name: 'Windows 10', os.arch: 'amd64', os.version: '10.0', java.version: '1.8.0_301'
Driver info: org.openqa.selenium.chrome.ChromeDriver
Capabilities {acceptInsecureCerts: false, browserName: chrome, browserVersion: 96.0.4664.45, chrome: {chromedriverVersion: 96.0.4664.45 (76e4c1bb2ab46..., userDataDir: C:\Users\User\AppData\Local...}, goog:chromeOptions: {debuggerAddress: localhost:52737}, javascriptEnabled: true, networkConnectionEnabled: false, pageLoadStrategy: normal, platform: WINDOWS, platformName: WINDOWS, proxy: Proxy(), setWindowRect: true, strictFileInteractability: false, timeouts: {implicit: 0, pageLoad: 300000, script: 30000}, unhandledPromptBehavior: dismiss and notify, webauthn:extension:credBlob: true, webauthn:extension:largeBlob: true, webauthn:virtualAuthenticators: true}
Session ID: f6ab602762a8d936abc2fe469777bfe7
*** Element info: {Using=id, value=city}
16:07:29  INFO  manager.MyListener - Screenshot with throwable -->src/test/screenshots/screenshot-449.png
16:07:29  INFO  manager.MyListener - Start search element by  locator-->By.cssSelector: .logo
16:07:29  INFO  manager.MyListener - The element with locator -->By.cssSelector: .logowas found
16:07:30  INFO  tests.TestBase - The end of test --->searchTest
16:07:30  INFO  tests.TestBase - Start test ---> searchTestYear
16:07:30  INFO  manager.MyListener - Start search element by  locator-->By.id: city
16:07:30  INFO  manager.MyListener - The element with locator -->By.id: citywas found
16:07:30  INFO  manager.MyListener - Start search element by  locator-->By.cssSelector: div.pac-item
16:07:30  INFO  manager.MyListener - The element with locator -->By.cssSelector: div.pac-itemwas found
16:07:31  INFO  manager.MyListener - Start search element by  locator-->By.id: dates
16:07:31  INFO  manager.MyListener - The element with locator -->By.id: dateswas found
16:07:31  INFO  manager.MyListener - Start search element by  locator-->By.xpath: //button[@aria-label='Next month']
16:07:31  INFO  manager.MyListener - The element with locator -->By.xpath: //button[@aria-label='Next month']was found
16:07:31  INFO  manager.MyListener - Start search element by  locator-->By.xpath: //button[@aria-label='Next month']
16:07:31  INFO  manager.MyListener - The element with locator -->By.xpath: //button[@aria-label='Next month']was found
16:07:31  INFO  manager.MyListener - Start search element by  locator-->By.xpath: //button[@aria-label='Next month']
16:07:31  INFO  manager.MyListener - The element with locator -->By.xpath: //button[@aria-label='Next month']was found
16:07:31  INFO  manager.MyListener - Start search element by  locator-->By.xpath: //button[@aria-label='Next month']
16:07:31  INFO  manager.MyListener - The element with locator -->By.xpath: //button[@aria-label='Next month']was found
16:07:31  INFO  manager.MyListener - Start search element by  locator-->By.xpath: //div[.=' 3 ']
16:07:31  INFO  manager.MyListener - The element with locator -->By.xpath: //div[.=' 3 ']was found
16:07:31  INFO  manager.MyListener - Start search element by  locator-->By.xpath: //button[@aria-label='Next month']
16:07:31  INFO  manager.MyListener - The element with locator -->By.xpath: //button[@aria-label='Next month']was found
16:07:31  INFO  manager.MyListener - Start search element by  locator-->By.xpath: //button[@aria-label='Next month']
16:07:31  INFO  manager.MyListener - The element with locator -->By.xpath: //button[@aria-label='Next month']was found
16:07:31  INFO  manager.MyListener - Start search element by  locator-->By.xpath: //button[@aria-label='Next month']
16:07:31  INFO  manager.MyListener - The element with locator -->By.xpath: //button[@aria-label='Next month']was found
16:07:31  INFO  manager.MyListener - Start search element by  locator-->By.xpath: //div[.=' 3 ']
16:07:31  INFO  manager.MyListener - The element with locator -->By.xpath: //div[.=' 3 ']was found
16:07:36  INFO  manager.MyListener - Start search element by  locator-->By.cssSelector: .logo
16:07:36  INFO  manager.MyListener - The element with locator -->By.cssSelector: .logowas found
16:07:36  INFO  tests.TestBase - The end of test --->searchTestYear
16:07:36  INFO  manager.ApplicationManager - The browser  has been closed
