14:11:50  INFO  manager.ApplicationManager - Tests starts on Chrome Driver
14:11:54  INFO  manager.ApplicationManager - Navigate to link ---> https://ilcarro.xyz/search
14:11:54  INFO  tests.TestBase - Start test ---> addNewCarTestPositive
14:11:54  INFO  manager.MyListener - Start search element by  locator-->By.xpath: //a[text()=' Log in ']
14:11:54  INFO  manager.MyListener - The element with locator -->By.xpath: //a[text()=' Log in ']was found
14:11:54  INFO  manager.MyListener - Start search element by  locator-->By.xpath: //a[text()=' Log in ']
14:11:54  INFO  manager.MyListener - The element with locator -->By.xpath: //a[text()=' Log in ']was found
14:11:54  INFO  manager.MyListener - Start search element by  locator-->By.id: email
14:11:54  INFO  manager.MyListener - The element with locator -->By.id: emailwas found
14:11:54  INFO  manager.MyListener - Start search element by  locator-->By.id: password
14:11:54  INFO  manager.MyListener - The element with locator -->By.id: passwordwas found
14:11:54  INFO  manager.MyListener - Start search element by  locator-->By.cssSelector: [type='submit']
14:11:54  INFO  manager.MyListener - The element with locator -->By.cssSelector: [type='submit']was found
14:11:55  INFO  manager.MyListener - Start search element by  locator-->By.xpath: //button[text()='Ok']
14:11:55  INFO  manager.MyListener - The element with locator -->By.xpath: //button[text()='Ok']was found
14:11:55  INFO  manager.MyListener - Start search element by  locator-->By.xpath: //button[text()='Ok']
14:11:55  INFO  manager.MyListener - The element with locator -->By.xpath: //button[text()='Ok']was found
14:11:56  INFO  manager.MyListener - Start search element by  locator-->By.id: 1
14:11:56  INFO  manager.MyListener - The element with locator -->By.id: 1was found
14:11:56  INFO  manager.MyListener - Start search element by  locator-->By.cssSelector: h2
14:11:56  INFO  manager.MyListener - The element with locator -->By.cssSelector: h2was found
14:11:56  INFO  manager.MyListener - Start search element by  locator-->By.id: pickUpPlace
14:11:56  INFO  manager.MyListener - The element with locator -->By.id: pickUpPlacewas found
14:11:56  INFO  manager.MyListener - Start search element by  locator-->By.cssSelector: div.pac-item
14:11:57  INFO  manager.MyListener - The element with locator -->By.cssSelector: div.pac-itemwas found
14:11:57  INFO  manager.MyListener - Start search element by  locator-->By.id: make
14:11:57  INFO  manager.MyListener - The element with locator -->By.id: makewas found
14:11:57  INFO  manager.MyListener - Start search element by  locator-->By.id: model
14:11:58  INFO  manager.MyListener - The element with locator -->By.id: modelwas found
14:11:58  INFO  manager.MyListener - Start search element by  locator-->By.id: year
14:11:58  INFO  manager.MyListener - The element with locator -->By.id: yearwas found
14:11:58  INFO  manager.MyListener - Start search element by  locator-->By.id: engine
14:11:58  INFO  manager.MyListener - The element with locator -->By.id: enginewas found
14:11:58  INFO  manager.MyListener - Start search element by  locator-->By.id: fuel
14:11:58  INFO  manager.MyListener - The element with locator -->By.id: fuelwas found
14:11:58  INFO  manager.MyListener - Start search element by  locator-->By.xpath: .//option[@value = "Petrol"]
14:11:58  INFO  manager.MyListener - The element with locator -->By.xpath: .//option[@value = "Petrol"]was found
14:11:58  INFO  manager.MyListener - Start search element by  locator-->By.id: gear
14:11:58  INFO  manager.MyListener - The element with locator -->By.id: gearwas found
14:11:58  INFO  manager.MyListener - Start search element by  locator-->By.xpath: .//option[@value = "MT"]
14:11:58  INFO  manager.MyListener - The element with locator -->By.xpath: .//option[@value = "MT"]was found
14:11:58  INFO  manager.MyListener - Start search element by  locator-->By.id: wheelsDrive
14:11:58  INFO  manager.MyListener - The element with locator -->By.id: wheelsDrivewas found
14:11:58  INFO  manager.MyListener - Start search element by  locator-->By.xpath: .//option[@value = "AWD"]
14:11:58  INFO  manager.MyListener - The element with locator -->By.xpath: .//option[@value = "AWD"]was found
14:11:58  INFO  manager.MyListener - Start search element by  locator-->By.id: doors
14:11:58  INFO  manager.MyListener - The element with locator -->By.id: doorswas found
14:11:58  INFO  manager.MyListener - Start search element by  locator-->By.id: seats
14:11:58  INFO  manager.MyListener - The element with locator -->By.id: seatswas found
14:11:59  INFO  manager.MyListener - Start search element by  locator-->By.id: class
14:11:59  INFO  manager.MyListener - The element with locator -->By.id: classwas found
14:11:59  INFO  manager.MyListener - Start search element by  locator-->By.id: fuelConsumption
14:11:59  INFO  manager.MyListener - The element with locator -->By.id: fuelConsumptionwas found
14:11:59  INFO  manager.MyListener - Start search element by  locator-->By.id: serialNumber
14:11:59  INFO  manager.MyListener - The element with locator -->By.id: serialNumberwas found
14:11:59  INFO  manager.MyListener - Start search element by  locator-->By.id: price
14:11:59  INFO  manager.MyListener - The element with locator -->By.id: pricewas found
14:11:59  INFO  manager.MyListener - Start search element by  locator-->By.id: distance
14:11:59  INFO  manager.MyListener - The element with locator -->By.id: distancewas found
14:11:59  INFO  manager.MyListener - Start search element by  locator-->By.cssSelector: .feature-input
14:11:59  INFO  manager.MyListener - The element with locator -->By.cssSelector: .feature-inputwas found
14:12:00  INFO  manager.MyListener - Start search element by  locator-->By.id: about
14:12:00  INFO  manager.MyListener - The element with locator -->By.id: aboutwas found
14:12:00  INFO  manager.MyListener - Start search element by  locator-->By.id: photos
14:12:00  INFO  manager.MyListener - The element with locator -->By.id: photoswas found
14:12:00  INFO  manager.MyListener - Start search element by  locator-->By.cssSelector: [type='submit']
14:12:00  INFO  manager.MyListener - The element with locator -->By.cssSelector: [type='submit']was found
14:12:02  INFO  manager.MyListener - Start search element by  locator-->By.className: dialog-container
14:12:03  INFO  manager.MyListener - The element with locator -->By.className: dialog-containerwas found
14:12:03  INFO  manager.MyListener - Start search element by  locator-->By.cssSelector: .dialog-container h1
14:12:03  INFO  manager.MyListener - The element with locator -->By.cssSelector: .dialog-container h1was found
14:12:03  INFO  manager.MyListener - Start search element by  locator-->By.xpath: //button[.='Search cars']
14:12:03  INFO  manager.MyListener - The element with locator -->By.xpath: //button[.='Search cars']was found
14:12:03  INFO  manager.MyListener - Start search element by  locator-->By.xpath: //a[text()=' Logout ']
14:12:03  INFO  manager.MyListener - The element with locator -->By.xpath: //a[text()=' Logout ']was found
14:12:03  INFO  tests.TestBase - The end of test --->addNewCarTestPositive
14:12:03  INFO  tests.TestBase - Start test ---> addNewCarTestPositive2
14:12:03  INFO  manager.MyListener - Start search element by  locator-->By.xpath: //a[text()=' Log in ']
14:12:03  INFO  manager.MyListener - The element with locator -->By.xpath: //a[text()=' Log in ']was found
14:12:03  INFO  manager.MyListener - Start search element by  locator-->By.xpath: //a[text()=' Log in ']
14:12:03  INFO  manager.MyListener - The element with locator -->By.xpath: //a[text()=' Log in ']was found
14:12:04  INFO  manager.MyListener - Start search element by  locator-->By.id: email
14:12:04  INFO  manager.MyListener - The element with locator -->By.id: emailwas found
14:12:04  INFO  manager.MyListener - Start search element by  locator-->By.id: password
14:12:04  INFO  manager.MyListener - The element with locator -->By.id: passwordwas found
14:12:04  INFO  manager.MyListener - Start search element by  locator-->By.cssSelector: [type='submit']
14:12:04  INFO  manager.MyListener - The element with locator -->By.cssSelector: [type='submit']was found
14:12:04  INFO  manager.MyListener - Start search element by  locator-->By.xpath: //button[text()='Ok']
14:12:04  INFO  manager.MyListener - The element with locator -->By.xpath: //button[text()='Ok']was found
14:12:04  INFO  manager.MyListener - Start search element by  locator-->By.xpath: //button[text()='Ok']
14:12:04  INFO  manager.MyListener - The element with locator -->By.xpath: //button[text()='Ok']was found
14:12:05  INFO  manager.MyListener - Start search element by  locator-->By.id: 1
14:12:05  INFO  manager.MyListener - The element with locator -->By.id: 1was found
14:12:05  INFO  manager.MyListener - Start search element by  locator-->By.cssSelector: h2
14:12:06  INFO  manager.MyListener - The element with locator -->By.cssSelector: h2was found
14:12:06  INFO  manager.MyListener - Start search element by  locator-->By.id: pickUpPlace
14:12:06  INFO  manager.MyListener - The element with locator -->By.id: pickUpPlacewas found
14:12:06  INFO  manager.MyListener - Start search element by  locator-->By.cssSelector: div.pac-item
14:12:06  INFO  manager.MyListener - The element with locator -->By.cssSelector: div.pac-itemwas found
14:12:07  INFO  manager.MyListener - Start search element by  locator-->By.id: make
14:12:07  INFO  manager.MyListener - The element with locator -->By.id: makewas found
14:12:07  INFO  manager.MyListener - Start search element by  locator-->By.id: model
14:12:07  INFO  manager.MyListener - The element with locator -->By.id: modelwas found
14:12:07  INFO  manager.MyListener - Start search element by  locator-->By.id: year
14:12:07  INFO  manager.MyListener - The element with locator -->By.id: yearwas found
14:12:07  INFO  manager.MyListener - Start search element by  locator-->By.id: engine
14:12:07  INFO  manager.MyListener - The element with locator -->By.id: enginewas found
14:12:07  INFO  manager.MyListener - Start search element by  locator-->By.id: fuel
14:12:07  INFO  manager.MyListener - The element with locator -->By.id: fuelwas found
14:12:07  INFO  manager.MyListener - Start search element by  locator-->By.xpath: .//option[@value = "Petrol"]
14:12:07  INFO  manager.MyListener - The element with locator -->By.xpath: .//option[@value = "Petrol"]was found
14:12:07  INFO  manager.MyListener - Start search element by  locator-->By.id: gear
14:12:07  INFO  manager.MyListener - The element with locator -->By.id: gearwas found
14:12:07  INFO  manager.MyListener - Start search element by  locator-->By.xpath: .//option[@value = "MT"]
14:12:07  INFO  manager.MyListener - The element with locator -->By.xpath: .//option[@value = "MT"]was found
14:12:07  INFO  manager.MyListener - Start search element by  locator-->By.id: wheelsDrive
14:12:07  INFO  manager.MyListener - The element with locator -->By.id: wheelsDrivewas found
14:12:07  INFO  manager.MyListener - Start search element by  locator-->By.xpath: .//option[@value = "AWD"]
14:12:07  INFO  manager.MyListener - The element with locator -->By.xpath: .//option[@value = "AWD"]was found
14:12:07  INFO  manager.MyListener - Start search element by  locator-->By.id: doors
14:12:07  INFO  manager.MyListener - The element with locator -->By.id: doorswas found
14:12:08  INFO  manager.MyListener - Start search element by  locator-->By.id: seats
14:12:08  INFO  manager.MyListener - The element with locator -->By.id: seatswas found
14:12:08  INFO  manager.MyListener - Start search element by  locator-->By.id: class
14:12:08  INFO  manager.MyListener - The element with locator -->By.id: classwas found
14:12:08  INFO  manager.MyListener - Start search element by  locator-->By.id: fuelConsumption
14:12:08  INFO  manager.MyListener - The element with locator -->By.id: fuelConsumptionwas found
14:12:08  INFO  manager.MyListener - Start search element by  locator-->By.id: serialNumber
14:12:08  INFO  manager.MyListener - The element with locator -->By.id: serialNumberwas found
14:12:08  INFO  manager.MyListener - Start search element by  locator-->By.id: price
14:12:08  INFO  manager.MyListener - The element with locator -->By.id: pricewas found
14:12:08  INFO  manager.MyListener - Start search element by  locator-->By.id: distance
14:12:08  INFO  manager.MyListener - The element with locator -->By.id: distancewas found
14:12:08  INFO  manager.MyListener - Start search element by  locator-->By.cssSelector: .feature-input
14:12:08  INFO  manager.MyListener - The element with locator -->By.cssSelector: .feature-inputwas found
14:12:09  INFO  manager.MyListener - Start search element by  locator-->By.id: about
14:12:09  INFO  manager.MyListener - The element with locator -->By.id: aboutwas found
14:12:09  INFO  manager.MyListener - Start search element by  locator-->By.id: photos
14:12:09  INFO  manager.MyListener - The element with locator -->By.id: photoswas found
14:12:09  INFO  manager.MyListener - Start search element by  locator-->By.cssSelector: [type='submit']
14:12:09  INFO  manager.MyListener - The element with locator -->By.cssSelector: [type='submit']was found
14:12:11  INFO  manager.MyListener - Start search element by  locator-->By.className: dialog-container
14:12:12  INFO  manager.MyListener - The element with locator -->By.className: dialog-containerwas found
14:12:12  INFO  manager.MyListener - Start search element by  locator-->By.cssSelector: .dialog-container h1
14:12:12  INFO  manager.MyListener - The element with locator -->By.cssSelector: .dialog-container h1was found
14:12:12  INFO  manager.MyListener - Start search element by  locator-->By.xpath: //button[.='Search cars']
14:12:12  INFO  manager.MyListener - The element with locator -->By.xpath: //button[.='Search cars']was found
14:12:12  INFO  manager.MyListener - Start search element by  locator-->By.xpath: //a[text()=' Logout ']
14:12:12  INFO  manager.MyListener - The element with locator -->By.xpath: //a[text()=' Logout ']was found
14:12:12  INFO  tests.TestBase - The end of test --->addNewCarTestPositive2
14:12:12  INFO  tests.TestBase - Start test ---> loginSuccess
14:12:12  INFO  manager.MyListener - Start search element by  locator-->By.xpath: //a[text()=' Log in ']
14:12:12  INFO  manager.MyListener - The element with locator -->By.xpath: //a[text()=' Log in ']was found
14:12:12  INFO  tests.TestBase - With user --> User{name='null', lastname='null', email='nevo@gmail.com', password='Nn12345$'}
14:12:12  INFO  manager.MyListener - Start search element by  locator-->By.xpath: //a[text()=' Log in ']
14:12:12  INFO  manager.MyListener - The element with locator -->By.xpath: //a[text()=' Log in ']was found
14:12:12  INFO  manager.MyListener - Start search element by  locator-->By.id: email
14:12:12  INFO  manager.MyListener - The element with locator -->By.id: emailwas found
14:12:13  INFO  manager.MyListener - Start search element by  locator-->By.id: password
14:12:13  INFO  manager.MyListener - The element with locator -->By.id: passwordwas found
14:12:13  INFO  manager.MyListener - Start search element by  locator-->By.cssSelector: [type='submit']
14:12:13  INFO  manager.MyListener - The element with locator -->By.cssSelector: [type='submit']was found
14:12:13  INFO  manager.MyListener - Start search element by  locator-->By.cssSelector: .dialog-container
14:12:13  INFO  manager.MyListener - The element with locator -->By.cssSelector: .dialog-containerwas found
14:12:13  INFO  manager.MyListener - Start search element by  locator-->By.cssSelector: .dialog-container h2
14:12:13  INFO  manager.MyListener - The element with locator -->By.cssSelector: .dialog-container h2was found
14:12:13  INFO  manager.MyListener - Start search element by  locator-->By.xpath: //button[text()='Ok']
14:12:14  INFO  manager.MyListener - The element with locator -->By.xpath: //button[text()='Ok']was found
14:12:14  INFO  manager.MyListener - Start search element by  locator-->By.xpath: //button[text()='Ok']
14:12:14  INFO  manager.MyListener - The element with locator -->By.xpath: //button[text()='Ok']was found
14:12:14  INFO  tests.TestBase - The end of test --->loginSuccess
14:12:14  INFO  tests.TestBase - Start test ---> loginSuccess
14:12:14  INFO  manager.MyListener - Start search element by  locator-->By.xpath: //a[text()=' Log in ']
14:12:24  INFO  manager.MyListener - The element with locator -->By.xpath: //a[text()=' Log in ']was found
14:12:24  INFO  manager.MyListener - Start search element by  locator-->By.xpath: //a[text()=' Logout ']
14:12:24  INFO  manager.MyListener - The element with locator -->By.xpath: //a[text()=' Logout ']was found
14:12:24  INFO  tests.TestBase - With user --> User{name='null', lastname='null', email='nevo@gmail.com', password='Nn12345$'}
14:12:24  INFO  manager.MyListener - Start search element by  locator-->By.xpath: //a[text()=' Log in ']
14:12:24  INFO  manager.MyListener - The element with locator -->By.xpath: //a[text()=' Log in ']was found
14:12:24  INFO  manager.MyListener - Start search element by  locator-->By.id: email
14:12:24  INFO  manager.MyListener - The element with locator -->By.id: emailwas found
14:12:24  INFO  manager.MyListener - Start search element by  locator-->By.id: password
14:12:24  INFO  manager.MyListener - The element with locator -->By.id: passwordwas found
14:12:24  INFO  manager.MyListener - Start search element by  locator-->By.cssSelector: [type='submit']
14:12:24  INFO  manager.MyListener - The element with locator -->By.cssSelector: [type='submit']was found
14:12:24  INFO  manager.MyListener - Start search element by  locator-->By.cssSelector: .dialog-container
14:12:25  INFO  manager.MyListener - The element with locator -->By.cssSelector: .dialog-containerwas found
14:12:25  INFO  manager.MyListener - Start search element by  locator-->By.cssSelector: .dialog-container h2
14:12:25  INFO  manager.MyListener - The element with locator -->By.cssSelector: .dialog-container h2was found
14:12:25  INFO  manager.MyListener - Start search element by  locator-->By.xpath: //button[text()='Ok']
14:12:25  INFO  manager.MyListener - The element with locator -->By.xpath: //button[text()='Ok']was found
14:12:25  INFO  manager.MyListener - Start search element by  locator-->By.xpath: //button[text()='Ok']
14:12:25  INFO  manager.MyListener - The element with locator -->By.xpath: //button[text()='Ok']was found
14:12:25  INFO  tests.TestBase - The end of test --->loginSuccess
14:12:25  INFO  tests.TestBase - Start test ---> loginSuccess2
14:12:25  INFO  manager.MyListener - Start search element by  locator-->By.xpath: //a[text()=' Log in ']
14:12:35  INFO  manager.MyListener - The element with locator -->By.xpath: //a[text()=' Log in ']was found
14:12:35  INFO  manager.MyListener - Start search element by  locator-->By.xpath: //a[text()=' Logout ']
14:12:35  INFO  manager.MyListener - The element with locator -->By.xpath: //a[text()=' Logout ']was found
14:12:35  INFO  tests.TestBase - Start with email -->nevo@gmail.comWith password-->Nn12345$
14:12:35  INFO  manager.MyListener - Start search element by  locator-->By.xpath: //a[text()=' Log in ']
14:12:35  INFO  manager.MyListener - The element with locator -->By.xpath: //a[text()=' Log in ']was found
14:12:35  INFO  manager.MyListener - Start search element by  locator-->By.id: email
14:12:35  INFO  manager.MyListener - The element with locator -->By.id: emailwas found
14:12:35  INFO  manager.MyListener - Start search element by  locator-->By.id: password
14:12:35  INFO  manager.MyListener - The element with locator -->By.id: passwordwas found
14:12:35  INFO  manager.MyListener - Start search element by  locator-->By.cssSelector: [type='submit']
14:12:35  INFO  manager.MyListener - The element with locator -->By.cssSelector: [type='submit']was found
14:12:35  INFO  manager.MyListener - Start search element by  locator-->By.cssSelector: .dialog-container
14:12:36  INFO  manager.MyListener - The element with locator -->By.cssSelector: .dialog-containerwas found
14:12:36  INFO  manager.MyListener - Start search element by  locator-->By.cssSelector: .dialog-container h2
14:12:36  INFO  manager.MyListener - The element with locator -->By.cssSelector: .dialog-container h2was found
14:12:36  INFO  manager.MyListener - Start search element by  locator-->By.xpath: //button[text()='Ok']
14:12:36  INFO  manager.MyListener - The element with locator -->By.xpath: //button[text()='Ok']was found
14:12:36  INFO  manager.MyListener - Start search element by  locator-->By.xpath: //button[text()='Ok']
14:12:36  INFO  manager.MyListener - The element with locator -->By.xpath: //button[text()='Ok']was found
14:12:36  INFO  tests.TestBase - The end of test --->loginSuccess2
14:12:36  INFO  tests.TestBase - Start test ---> loginSuccess2
14:12:36  INFO  manager.MyListener - Start search element by  locator-->By.xpath: //a[text()=' Log in ']
14:12:46  INFO  manager.MyListener - The element with locator -->By.xpath: //a[text()=' Log in ']was found
14:12:46  INFO  manager.MyListener - Start search element by  locator-->By.xpath: //a[text()=' Logout ']
14:12:46  INFO  manager.MyListener - The element with locator -->By.xpath: //a[text()=' Logout ']was found
14:12:46  INFO  tests.TestBase - Start with email -->nevo@gmail.comWith password-->Nn12345$
14:12:46  INFO  manager.MyListener - Start search element by  locator-->By.xpath: //a[text()=' Log in ']
14:12:46  INFO  manager.MyListener - The element with locator -->By.xpath: //a[text()=' Log in ']was found
14:12:46  INFO  manager.MyListener - Start search element by  locator-->By.id: email
14:12:46  INFO  manager.MyListener - The element with locator -->By.id: emailwas found
14:12:46  INFO  manager.MyListener - Start search element by  locator-->By.id: password
14:12:46  INFO  manager.MyListener - The element with locator -->By.id: passwordwas found
14:12:46  INFO  manager.MyListener - Start search element by  locator-->By.cssSelector: [type='submit']
14:12:46  INFO  manager.MyListener - The element with locator -->By.cssSelector: [type='submit']was found
14:12:46  INFO  manager.MyListener - Start search element by  locator-->By.cssSelector: .dialog-container
14:12:47  INFO  manager.MyListener - The element with locator -->By.cssSelector: .dialog-containerwas found
14:12:47  INFO  manager.MyListener - Start search element by  locator-->By.cssSelector: .dialog-container h2
14:12:47  INFO  manager.MyListener - The element with locator -->By.cssSelector: .dialog-container h2was found
14:12:47  INFO  manager.MyListener - Start search element by  locator-->By.xpath: //button[text()='Ok']
14:12:47  INFO  manager.MyListener - The element with locator -->By.xpath: //button[text()='Ok']was found
14:12:47  INFO  manager.MyListener - Start search element by  locator-->By.xpath: //button[text()='Ok']
14:12:47  INFO  manager.MyListener - The element with locator -->By.xpath: //button[text()='Ok']was found
14:12:47  INFO  tests.TestBase - The end of test --->loginSuccess2
14:12:47  INFO  tests.TestBase - Start test ---> loginSuccess2
14:12:47  INFO  manager.MyListener - Start search element by  locator-->By.xpath: //a[text()=' Log in ']
14:12:57  INFO  manager.MyListener - The element with locator -->By.xpath: //a[text()=' Log in ']was found
14:12:57  INFO  manager.MyListener - Start search element by  locator-->By.xpath: //a[text()=' Logout ']
14:12:57  INFO  manager.MyListener - The element with locator -->By.xpath: //a[text()=' Logout ']was found
14:12:57  INFO  tests.TestBase - Start with email -->nevo@gmail.comWith password-->Nn12345$
14:12:57  INFO  manager.MyListener - Start search element by  locator-->By.xpath: //a[text()=' Log in ']
14:12:57  INFO  manager.MyListener - The element with locator -->By.xpath: //a[text()=' Log in ']was found
14:12:57  INFO  manager.MyListener - Start search element by  locator-->By.id: email
14:12:57  INFO  manager.MyListener - The element with locator -->By.id: emailwas found
14:12:57  INFO  manager.MyListener - Start search element by  locator-->By.id: password
14:12:57  INFO  manager.MyListener - The element with locator -->By.id: passwordwas found
14:12:57  INFO  manager.MyListener - Start search element by  locator-->By.cssSelector: [type='submit']
14:12:57  INFO  manager.MyListener - The element with locator -->By.cssSelector: [type='submit']was found
14:12:57  INFO  manager.MyListener - Start search element by  locator-->By.cssSelector: .dialog-container
14:12:58  INFO  manager.MyListener - The element with locator -->By.cssSelector: .dialog-containerwas found
14:12:58  INFO  manager.MyListener - Start search element by  locator-->By.cssSelector: .dialog-container h2
14:12:58  INFO  manager.MyListener - The element with locator -->By.cssSelector: .dialog-container h2was found
14:12:58  INFO  manager.MyListener - Start search element by  locator-->By.xpath: //button[text()='Ok']
14:12:58  INFO  manager.MyListener - The element with locator -->By.xpath: //button[text()='Ok']was found
14:12:58  INFO  manager.MyListener - Start search element by  locator-->By.xpath: //button[text()='Ok']
14:12:58  INFO  manager.MyListener - The element with locator -->By.xpath: //button[text()='Ok']was found
14:12:58  INFO  tests.TestBase - The end of test --->loginSuccess2
14:12:58  INFO  tests.TestBase - Start test ---> registrationPasswordTest
14:12:58  INFO  manager.MyListener - Start search element by  locator-->By.xpath: //a[text()=' Log in ']
14:13:08  INFO  manager.MyListener - The element with locator -->By.xpath: //a[text()=' Log in ']was found
14:13:08  INFO  manager.MyListener - Start search element by  locator-->By.xpath: //a[text()=' Logout ']
14:13:08  INFO  manager.MyListener - The element with locator -->By.xpath: //a[text()=' Logout ']was found
14:13:08  INFO  manager.MyListener - Start search element by  locator-->By.xpath: //a[text()=' Sign up ']
14:13:08  INFO  manager.MyListener - The element with locator -->By.xpath: //a[text()=' Sign up ']was found
14:13:08  INFO  manager.MyListener - Start search element by  locator-->By.id: name
14:13:08  INFO  manager.MyListener - The element with locator -->By.id: namewas found
14:13:08  INFO  manager.MyListener - Start search element by  locator-->By.id: lastName
14:13:08  INFO  manager.MyListener - The element with locator -->By.id: lastNamewas found
14:13:08  INFO  manager.MyListener - Start search element by  locator-->By.id: email
14:13:08  INFO  manager.MyListener - The element with locator -->By.id: emailwas found
14:13:09  INFO  manager.MyListener - Start search element by  locator-->By.id: password
14:13:09  INFO  manager.MyListener - The element with locator -->By.id: passwordwas found
14:13:09  INFO  manager.MyListener - Start search element by  locator-->By.id: terms-of-use
14:13:09  INFO  manager.MyListener - The element with locator -->By.id: terms-of-usewas found
14:13:09  INFO  manager.MyListener - Start search element by  locator-->By.xpath: //label[@for='terms-of-use']
14:13:09  INFO  manager.MyListener - The element with locator -->By.xpath: //label[@for='terms-of-use']was found
14:13:09  INFO  manager.MyListener - Start search element by  locator-->By.xpath: //*[text()='Password must contain minimum 8 symbols']
14:13:09  INFO  manager.MyListener - The element with locator -->By.xpath: //*[text()='Password must contain minimum 8 symbols']was found
14:13:09  INFO  manager.MyListener - Start search element by  locator-->By.xpath: //button[@type='submit']
14:13:09  INFO  manager.MyListener - The element with locator -->By.xpath: //button[@type='submit']was found
14:13:09  INFO  manager.MyListener - Start search element by  locator-->By.xpath: //button[text()='Ok']
14:13:19  INFO  manager.MyListener - The element with locator -->By.xpath: //button[text()='Ok']was found
14:13:19  INFO  tests.TestBase - The end of test --->registrationPasswordTest
14:13:19  INFO  tests.TestBase - Start test ---> registrationSuccessTest
14:13:19  INFO  manager.MyListener - Start search element by  locator-->By.xpath: //a[text()=' Log in ']
14:13:19  INFO  manager.MyListener - The element with locator -->By.xpath: //a[text()=' Log in ']was found
14:13:19  INFO  tests.TestBase - User{name='Sonya', lastname='Snow', email='irinar@gmail.com', password='Ww12345$'}
14:13:19  INFO  manager.MyListener - Start search element by  locator-->By.xpath: //a[text()=' Sign up ']
14:13:19  INFO  manager.MyListener - The element with locator -->By.xpath: //a[text()=' Sign up ']was found
14:13:19  INFO  manager.MyListener - Start search element by  locator-->By.id: name
14:13:19  INFO  manager.MyListener - The element with locator -->By.id: namewas found
14:13:19  INFO  manager.MyListener - Start search element by  locator-->By.id: lastName
14:13:19  INFO  manager.MyListener - The element with locator -->By.id: lastNamewas found
14:13:19  INFO  manager.MyListener - Start search element by  locator-->By.id: email
14:13:19  INFO  manager.MyListener - The element with locator -->By.id: emailwas found
14:13:19  INFO  manager.MyListener - Start search element by  locator-->By.id: password
14:13:19  INFO  manager.MyListener - The element with locator -->By.id: passwordwas found
14:13:20  INFO  manager.MyListener - Start search element by  locator-->By.id: terms-of-use
14:13:20  INFO  manager.MyListener - The element with locator -->By.id: terms-of-usewas found
14:13:20  INFO  manager.MyListener - Start search element by  locator-->By.xpath: //label[@for='terms-of-use']
14:13:20  INFO  manager.MyListener - The element with locator -->By.xpath: //label[@for='terms-of-use']was found
14:13:20  INFO  manager.MyListener - Start search element by  locator-->By.cssSelector: [type='submit']
14:13:30  INFO  manager.MyListener - We have a throwable --> org.openqa.selenium.NoSuchElementException: no such element: Unable to locate element: {"method":"css selector","selector":"[type='submit']"}
  (Session info: chrome=96.0.4664.45)
For documentation on this error, please visit: https://www.seleniumhq.org/exceptions/no_such_element.html
Build info: version: '3.141.59', revision: 'e82be7d358', time: '2018-11-14T08:17:03'
System info: host: 'DESKTOP-8LJJU6I', ip: '10.0.0.33', os.name: 'Windows 10', os.arch: 'amd64', os.version: '10.0', java.version: '1.8.0_301'
Driver info: org.openqa.selenium.chrome.ChromeDriver
Capabilities {acceptInsecureCerts: false, browserName: chrome, browserVersion: 96.0.4664.45, chrome: {chromedriverVersion: 96.0.4664.45 (76e4c1bb2ab46..., userDataDir: C:\Users\User\AppData\Local...}, goog:chromeOptions: {debuggerAddress: localhost:51632}, javascriptEnabled: true, networkConnectionEnabled: false, pageLoadStrategy: normal, platform: WINDOWS, platformName: WINDOWS, proxy: Proxy(), setWindowRect: true, strictFileInteractability: false, timeouts: {implicit: 0, pageLoad: 300000, script: 30000}, unhandledPromptBehavior: dismiss and notify, webauthn:extension:credBlob: true, webauthn:extension:largeBlob: true, webauthn:virtualAuthenticators: true}
Session ID: 341fba9acb2ef88757bc42bcdf1bf61a
*** Element info: {Using=css selector, value=[type='submit']}
14:13:30  INFO  manager.MyListener - Screenshot with throwable -->src/test/screenshots/screenshot-810.png
14:13:30  INFO  manager.MyListener - Start search element by  locator-->By.xpath: //button[text()='Ok']
14:13:40  INFO  manager.MyListener - The element with locator -->By.xpath: //button[text()='Ok']was found
14:13:40  INFO  tests.TestBase - The end of test --->registrationSuccessTest
14:13:40  INFO  tests.TestBase - Start test ---> registrationSuccessTest
14:13:40  INFO  manager.MyListener - Start search element by  locator-->By.xpath: //a[text()=' Log in ']
14:13:40  INFO  manager.MyListener - The element with locator -->By.xpath: //a[text()=' Log in ']was found
14:13:40  INFO  tests.TestBase - User{name='Sonya', lastname='Snow', email='irinar1@gmail.com', password='Ww12345$'}
14:13:40  INFO  manager.MyListener - Start search element by  locator-->By.xpath: //a[text()=' Sign up ']
14:13:40  INFO  manager.MyListener - The element with locator -->By.xpath: //a[text()=' Sign up ']was found
14:13:40  INFO  manager.MyListener - Start search element by  locator-->By.id: name
14:13:40  INFO  manager.MyListener - The element with locator -->By.id: namewas found
14:13:40  INFO  manager.MyListener - Start search element by  locator-->By.id: lastName
14:13:40  INFO  manager.MyListener - The element with locator -->By.id: lastNamewas found
14:13:41  INFO  manager.MyListener - Start search element by  locator-->By.id: email
14:13:41  INFO  manager.MyListener - The element with locator -->By.id: emailwas found
14:13:41  INFO  manager.MyListener - Start search element by  locator-->By.id: password
14:13:41  INFO  manager.MyListener - The element with locator -->By.id: passwordwas found
14:13:41  INFO  manager.MyListener - Start search element by  locator-->By.id: terms-of-use
14:13:41  INFO  manager.MyListener - The element with locator -->By.id: terms-of-usewas found
14:13:41  INFO  manager.MyListener - Start search element by  locator-->By.xpath: //label[@for='terms-of-use']
14:13:41  INFO  manager.MyListener - The element with locator -->By.xpath: //label[@for='terms-of-use']was found
14:13:41  INFO  manager.MyListener - Start search element by  locator-->By.cssSelector: [type='submit']
14:13:51  INFO  manager.MyListener - We have a throwable --> org.openqa.selenium.NoSuchElementException: no such element: Unable to locate element: {"method":"css selector","selector":"[type='submit']"}
  (Session info: chrome=96.0.4664.45)
For documentation on this error, please visit: https://www.seleniumhq.org/exceptions/no_such_element.html
Build info: version: '3.141.59', revision: 'e82be7d358', time: '2018-11-14T08:17:03'
System info: host: 'DESKTOP-8LJJU6I', ip: '10.0.0.33', os.name: 'Windows 10', os.arch: 'amd64', os.version: '10.0', java.version: '1.8.0_301'
Driver info: org.openqa.selenium.chrome.ChromeDriver
Capabilities {acceptInsecureCerts: false, browserName: chrome, browserVersion: 96.0.4664.45, chrome: {chromedriverVersion: 96.0.4664.45 (76e4c1bb2ab46..., userDataDir: C:\Users\User\AppData\Local...}, goog:chromeOptions: {debuggerAddress: localhost:51632}, javascriptEnabled: true, networkConnectionEnabled: false, pageLoadStrategy: normal, platform: WINDOWS, platformName: WINDOWS, proxy: Proxy(), setWindowRect: true, strictFileInteractability: false, timeouts: {implicit: 0, pageLoad: 300000, script: 30000}, unhandledPromptBehavior: dismiss and notify, webauthn:extension:credBlob: true, webauthn:extension:largeBlob: true, webauthn:virtualAuthenticators: true}
Session ID: 341fba9acb2ef88757bc42bcdf1bf61a
*** Element info: {Using=css selector, value=[type='submit']}
14:13:51  INFO  manager.MyListener - Screenshot with throwable -->src/test/screenshots/screenshot-831.png
14:13:51  INFO  manager.MyListener - Start search element by  locator-->By.xpath: //button[text()='Ok']
14:14:01  INFO  manager.MyListener - The element with locator -->By.xpath: //button[text()='Ok']was found
14:14:01  INFO  tests.TestBase - The end of test --->registrationSuccessTest
14:14:01  INFO  tests.TestBase - Start test ---> registrationSuccessTest
14:14:01  INFO  manager.MyListener - Start search element by  locator-->By.xpath: //a[text()=' Log in ']
14:14:01  INFO  manager.MyListener - The element with locator -->By.xpath: //a[text()=' Log in ']was found
14:14:01  INFO  tests.TestBase - User{name='Sonya', lastname='Snow', email='irinar2@gmail.com', password='Ww12345$'}
14:14:01  INFO  manager.MyListener - Start search element by  locator-->By.xpath: //a[text()=' Sign up ']
14:14:01  INFO  manager.MyListener - The element with locator -->By.xpath: //a[text()=' Sign up ']was found
14:14:01  INFO  manager.MyListener - Start search element by  locator-->By.id: name
14:14:01  INFO  manager.MyListener - The element with locator -->By.id: namewas found
14:14:01  INFO  manager.MyListener - Start search element by  locator-->By.id: lastName
14:14:01  INFO  manager.MyListener - The element with locator -->By.id: lastNamewas found
14:14:02  INFO  manager.MyListener - Start search element by  locator-->By.id: email
14:14:02  INFO  manager.MyListener - The element with locator -->By.id: emailwas found
14:14:02  INFO  manager.MyListener - Start search element by  locator-->By.id: password
14:14:02  INFO  manager.MyListener - The element with locator -->By.id: passwordwas found
14:14:02  INFO  manager.MyListener - Start search element by  locator-->By.id: terms-of-use
14:14:02  INFO  manager.MyListener - The element with locator -->By.id: terms-of-usewas found
14:14:02  INFO  manager.MyListener - Start search element by  locator-->By.xpath: //label[@for='terms-of-use']
14:14:02  INFO  manager.MyListener - The element with locator -->By.xpath: //label[@for='terms-of-use']was found
14:14:02  INFO  manager.MyListener - Start search element by  locator-->By.cssSelector: [type='submit']
14:14:12  INFO  manager.MyListener - We have a throwable --> org.openqa.selenium.NoSuchElementException: no such element: Unable to locate element: {"method":"css selector","selector":"[type='submit']"}
  (Session info: chrome=96.0.4664.45)
For documentation on this error, please visit: https://www.seleniumhq.org/exceptions/no_such_element.html
Build info: version: '3.141.59', revision: 'e82be7d358', time: '2018-11-14T08:17:03'
System info: host: 'DESKTOP-8LJJU6I', ip: '10.0.0.33', os.name: 'Windows 10', os.arch: 'amd64', os.version: '10.0', java.version: '1.8.0_301'
Driver info: org.openqa.selenium.chrome.ChromeDriver
Capabilities {acceptInsecureCerts: false, browserName: chrome, browserVersion: 96.0.4664.45, chrome: {chromedriverVersion: 96.0.4664.45 (76e4c1bb2ab46..., userDataDir: C:\Users\User\AppData\Local...}, goog:chromeOptions: {debuggerAddress: localhost:51632}, javascriptEnabled: true, networkConnectionEnabled: false, pageLoadStrategy: normal, platform: WINDOWS, platformName: WINDOWS, proxy: Proxy(), setWindowRect: true, strictFileInteractability: false, timeouts: {implicit: 0, pageLoad: 300000, script: 30000}, unhandledPromptBehavior: dismiss and notify, webauthn:extension:credBlob: true, webauthn:extension:largeBlob: true, webauthn:virtualAuthenticators: true}
Session ID: 341fba9acb2ef88757bc42bcdf1bf61a
*** Element info: {Using=css selector, value=[type='submit']}
14:14:12  INFO  manager.MyListener - Screenshot with throwable -->src/test/screenshots/screenshot-852.png
14:14:12  INFO  manager.MyListener - Start search element by  locator-->By.xpath: //button[text()='Ok']
14:14:22  INFO  manager.MyListener - The element with locator -->By.xpath: //button[text()='Ok']was found
14:14:22  INFO  tests.TestBase - The end of test --->registrationSuccessTest
14:14:22  INFO  tests.TestBase - Start test ---> searchTest
14:14:22  INFO  manager.MyListener - Start search element by  locator-->By.id: city
14:14:32  INFO  manager.MyListener - We have a throwable --> org.openqa.selenium.NoSuchElementException: no such element: Unable to locate element: {"method":"css selector","selector":"#city"}
  (Session info: chrome=96.0.4664.45)
For documentation on this error, please visit: https://www.seleniumhq.org/exceptions/no_such_element.html
Build info: version: '3.141.59', revision: 'e82be7d358', time: '2018-11-14T08:17:03'
System info: host: 'DESKTOP-8LJJU6I', ip: '10.0.0.33', os.name: 'Windows 10', os.arch: 'amd64', os.version: '10.0', java.version: '1.8.0_301'
Driver info: org.openqa.selenium.chrome.ChromeDriver
Capabilities {acceptInsecureCerts: false, browserName: chrome, browserVersion: 96.0.4664.45, chrome: {chromedriverVersion: 96.0.4664.45 (76e4c1bb2ab46..., userDataDir: C:\Users\User\AppData\Local...}, goog:chromeOptions: {debuggerAddress: localhost:51632}, javascriptEnabled: true, networkConnectionEnabled: false, pageLoadStrategy: normal, platform: WINDOWS, platformName: WINDOWS, proxy: Proxy(), setWindowRect: true, strictFileInteractability: false, timeouts: {implicit: 0, pageLoad: 300000, script: 30000}, unhandledPromptBehavior: dismiss and notify, webauthn:extension:credBlob: true, webauthn:extension:largeBlob: true, webauthn:virtualAuthenticators: true}
Session ID: 341fba9acb2ef88757bc42bcdf1bf61a
*** Element info: {Using=id, value=city}
14:14:33  INFO  manager.MyListener - Screenshot with throwable -->src/test/screenshots/screenshot-872.png
14:14:33  INFO  manager.MyListener - Start search element by  locator-->By.cssSelector: .logo
14:14:33  INFO  manager.MyListener - The element with locator -->By.cssSelector: .logowas found
14:14:33  INFO  tests.TestBase - The end of test --->searchTest
14:14:33  INFO  tests.TestBase - Start test ---> searchTestYear
14:14:33  INFO  manager.MyListener - Start search element by  locator-->By.id: city
14:14:33  INFO  manager.MyListener - The element with locator -->By.id: citywas found
14:14:33  INFO  manager.MyListener - Start search element by  locator-->By.cssSelector: div.pac-item
14:14:33  INFO  manager.MyListener - The element with locator -->By.cssSelector: div.pac-itemwas found
14:14:34  INFO  manager.MyListener - Start search element by  locator-->By.id: dates
14:14:34  INFO  manager.MyListener - The element with locator -->By.id: dateswas found
14:14:34  INFO  manager.MyListener - Start search element by  locator-->By.xpath: //button[@aria-label='Next month']
14:14:34  INFO  manager.MyListener - The element with locator -->By.xpath: //button[@aria-label='Next month']was found
14:14:34  INFO  manager.MyListener - Start search element by  locator-->By.xpath: //button[@aria-label='Next month']
14:14:34  INFO  manager.MyListener - The element with locator -->By.xpath: //button[@aria-label='Next month']was found
14:14:34  INFO  manager.MyListener - Start search element by  locator-->By.xpath: //button[@aria-label='Next month']
14:14:34  INFO  manager.MyListener - The element with locator -->By.xpath: //button[@aria-label='Next month']was found
14:14:34  INFO  manager.MyListener - Start search element by  locator-->By.xpath: //button[@aria-label='Next month']
14:14:34  INFO  manager.MyListener - The element with locator -->By.xpath: //button[@aria-label='Next month']was found
14:14:34  INFO  manager.MyListener - Start search element by  locator-->By.xpath: //div[.=' 3 ']
14:14:34  INFO  manager.MyListener - The element with locator -->By.xpath: //div[.=' 3 ']was found
14:14:34  INFO  manager.MyListener - Start search element by  locator-->By.xpath: //button[@aria-label='Next month']
14:14:34  INFO  manager.MyListener - The element with locator -->By.xpath: //button[@aria-label='Next month']was found
14:14:34  INFO  manager.MyListener - Start search element by  locator-->By.xpath: //button[@aria-label='Next month']
14:14:34  INFO  manager.MyListener - The element with locator -->By.xpath: //button[@aria-label='Next month']was found
14:14:35  INFO  manager.MyListener - Start search element by  locator-->By.xpath: //button[@aria-label='Next month']
14:14:35  INFO  manager.MyListener - The element with locator -->By.xpath: //button[@aria-label='Next month']was found
14:14:35  INFO  manager.MyListener - Start search element by  locator-->By.xpath: //div[.=' 3 ']
14:14:35  INFO  manager.MyListener - The element with locator -->By.xpath: //div[.=' 3 ']was found
14:14:40  INFO  manager.MyListener - Start search element by  locator-->By.cssSelector: .logo
14:14:40  INFO  manager.MyListener - The element with locator -->By.cssSelector: .logowas found
14:14:40  INFO  tests.TestBase - The end of test --->searchTestYear
14:14:40  INFO  manager.ApplicationManager - The browser  has been closed
