14:47:56  INFO  manager.ApplicationManager - Tests starts on Chrome Driver
14:47:59  INFO  manager.ApplicationManager - Navigate to link ---> https://ilcarro.xyz/search
14:47:59  INFO  tests.TestBase - Start test ---> addNewCarTestPositive
14:47:59  INFO  manager.MyListener - Start search element by  locator-->By.xpath: //a[text()=' Log in ']
14:47:59  INFO  manager.MyListener - The element with locator -->By.xpath: //a[text()=' Log in ']was found
14:47:59  INFO  manager.MyListener - Start search element by  locator-->By.xpath: //a[text()=' Log in ']
14:47:59  INFO  manager.MyListener - The element with locator -->By.xpath: //a[text()=' Log in ']was found
14:47:59  INFO  manager.MyListener - Start search element by  locator-->By.id: email
14:47:59  INFO  manager.MyListener - The element with locator -->By.id: emailwas found
14:48:00  INFO  manager.MyListener - Start search element by  locator-->By.id: password
14:48:00  INFO  manager.MyListener - The element with locator -->By.id: passwordwas found
14:48:00  INFO  manager.MyListener - Start search element by  locator-->By.cssSelector: [type='submit']
14:48:00  INFO  manager.MyListener - The element with locator -->By.cssSelector: [type='submit']was found
14:48:00  INFO  manager.MyListener - Start search element by  locator-->By.xpath: //button[text()='Ok']
14:48:00  INFO  manager.MyListener - The element with locator -->By.xpath: //button[text()='Ok']was found
14:48:00  INFO  manager.MyListener - Start search element by  locator-->By.xpath: //button[text()='Ok']
14:48:00  INFO  manager.MyListener - The element with locator -->By.xpath: //button[text()='Ok']was found
14:48:02  INFO  manager.MyListener - Start search element by  locator-->By.id: 1
14:48:02  INFO  manager.MyListener - The element with locator -->By.id: 1was found
14:48:02  INFO  manager.MyListener - Start search element by  locator-->By.cssSelector: h2
14:48:02  INFO  manager.MyListener - The element with locator -->By.cssSelector: h2was found
14:48:02  INFO  manager.MyListener - Start search element by  locator-->By.id: pickUpPlace
14:48:02  INFO  manager.MyListener - The element with locator -->By.id: pickUpPlacewas found
14:48:02  INFO  manager.MyListener - Start search element by  locator-->By.cssSelector: div.pac-item
14:48:02  INFO  manager.MyListener - The element with locator -->By.cssSelector: div.pac-itemwas found
14:48:03  INFO  manager.MyListener - Start search element by  locator-->By.id: make
14:48:03  INFO  manager.MyListener - The element with locator -->By.id: makewas found
14:48:03  INFO  manager.MyListener - Start search element by  locator-->By.id: model
14:48:03  INFO  manager.MyListener - The element with locator -->By.id: modelwas found
14:48:03  INFO  manager.MyListener - Start search element by  locator-->By.id: year
14:48:03  INFO  manager.MyListener - The element with locator -->By.id: yearwas found
14:48:03  INFO  manager.MyListener - Start search element by  locator-->By.id: engine
14:48:03  INFO  manager.MyListener - The element with locator -->By.id: enginewas found
14:48:03  INFO  manager.MyListener - Start search element by  locator-->By.id: fuel
14:48:03  INFO  manager.MyListener - The element with locator -->By.id: fuelwas found
14:48:03  INFO  manager.MyListener - Start search element by  locator-->By.xpath: .//option[@value = "Petrol"]
14:48:03  INFO  manager.MyListener - The element with locator -->By.xpath: .//option[@value = "Petrol"]was found
14:48:03  INFO  manager.MyListener - Start search element by  locator-->By.id: gear
14:48:03  INFO  manager.MyListener - The element with locator -->By.id: gearwas found
14:48:03  INFO  manager.MyListener - Start search element by  locator-->By.xpath: .//option[@value = "MT"]
14:48:03  INFO  manager.MyListener - The element with locator -->By.xpath: .//option[@value = "MT"]was found
14:48:04  INFO  manager.MyListener - Start search element by  locator-->By.id: wheelsDrive
14:48:04  INFO  manager.MyListener - The element with locator -->By.id: wheelsDrivewas found
14:48:04  INFO  manager.MyListener - Start search element by  locator-->By.xpath: .//option[@value = "AWD"]
14:48:04  INFO  manager.MyListener - The element with locator -->By.xpath: .//option[@value = "AWD"]was found
14:48:04  INFO  manager.MyListener - Start search element by  locator-->By.id: doors
14:48:04  INFO  manager.MyListener - The element with locator -->By.id: doorswas found
14:48:04  INFO  manager.MyListener - Start search element by  locator-->By.id: seats
14:48:04  INFO  manager.MyListener - The element with locator -->By.id: seatswas found
14:48:04  INFO  manager.MyListener - Start search element by  locator-->By.id: class
14:48:04  INFO  manager.MyListener - The element with locator -->By.id: classwas found
14:48:04  INFO  manager.MyListener - Start search element by  locator-->By.id: fuelConsumption
14:48:04  INFO  manager.MyListener - The element with locator -->By.id: fuelConsumptionwas found
14:48:04  INFO  manager.MyListener - Start search element by  locator-->By.id: serialNumber
14:48:04  INFO  manager.MyListener - The element with locator -->By.id: serialNumberwas found
14:48:04  INFO  manager.MyListener - Start search element by  locator-->By.id: price
14:48:05  INFO  manager.MyListener - The element with locator -->By.id: pricewas found
14:48:05  INFO  manager.MyListener - Start search element by  locator-->By.id: distance
14:48:05  INFO  manager.MyListener - The element with locator -->By.id: distancewas found
14:48:05  INFO  manager.MyListener - Start search element by  locator-->By.cssSelector: .feature-input
14:48:05  INFO  manager.MyListener - The element with locator -->By.cssSelector: .feature-inputwas found
14:48:05  INFO  manager.MyListener - Start search element by  locator-->By.id: about
14:48:05  INFO  manager.MyListener - The element with locator -->By.id: aboutwas found
14:48:05  INFO  manager.MyListener - Start search element by  locator-->By.id: photos
14:48:05  INFO  manager.MyListener - The element with locator -->By.id: photoswas found
14:48:05  INFO  manager.MyListener - Start search element by  locator-->By.cssSelector: [type='submit']
14:48:05  INFO  manager.MyListener - The element with locator -->By.cssSelector: [type='submit']was found
14:48:07  INFO  manager.MyListener - Start search element by  locator-->By.className: dialog-container
14:48:08  INFO  manager.MyListener - The element with locator -->By.className: dialog-containerwas found
14:48:08  INFO  manager.MyListener - Start search element by  locator-->By.cssSelector: .dialog-container h1
14:48:08  INFO  manager.MyListener - The element with locator -->By.cssSelector: .dialog-container h1was found
14:48:08  INFO  manager.MyListener - Start search element by  locator-->By.xpath: //button[.='Search cars']
14:48:08  INFO  manager.MyListener - The element with locator -->By.xpath: //button[.='Search cars']was found
14:48:08  INFO  manager.MyListener - Start search element by  locator-->By.xpath: //a[text()=' Logout ']
14:48:08  INFO  manager.MyListener - The element with locator -->By.xpath: //a[text()=' Logout ']was found
14:48:08  INFO  tests.TestBase - The end of test --->addNewCarTestPositive
14:48:08  INFO  tests.TestBase - Start test ---> addNewCarTestPositive2
14:48:08  INFO  manager.MyListener - Start search element by  locator-->By.xpath: //a[text()=' Log in ']
14:48:08  INFO  manager.MyListener - The element with locator -->By.xpath: //a[text()=' Log in ']was found
14:48:08  INFO  manager.MyListener - Start search element by  locator-->By.xpath: //a[text()=' Log in ']
14:48:08  INFO  manager.MyListener - The element with locator -->By.xpath: //a[text()=' Log in ']was found
14:48:08  INFO  manager.MyListener - Start search element by  locator-->By.id: email
14:48:08  INFO  manager.MyListener - The element with locator -->By.id: emailwas found
14:48:09  INFO  manager.MyListener - Start search element by  locator-->By.id: password
14:48:09  INFO  manager.MyListener - The element with locator -->By.id: passwordwas found
14:48:09  INFO  manager.MyListener - Start search element by  locator-->By.cssSelector: [type='submit']
14:48:09  INFO  manager.MyListener - The element with locator -->By.cssSelector: [type='submit']was found
14:48:09  INFO  manager.MyListener - Start search element by  locator-->By.xpath: //button[text()='Ok']
14:48:09  INFO  manager.MyListener - The element with locator -->By.xpath: //button[text()='Ok']was found
14:48:09  INFO  manager.MyListener - Start search element by  locator-->By.xpath: //button[text()='Ok']
14:48:09  INFO  manager.MyListener - The element with locator -->By.xpath: //button[text()='Ok']was found
14:48:10  INFO  manager.MyListener - Start search element by  locator-->By.id: 1
14:48:10  INFO  manager.MyListener - The element with locator -->By.id: 1was found
14:48:10  INFO  manager.MyListener - Start search element by  locator-->By.cssSelector: h2
14:48:10  INFO  manager.MyListener - The element with locator -->By.cssSelector: h2was found
14:48:10  INFO  manager.MyListener - Start search element by  locator-->By.id: pickUpPlace
14:48:10  INFO  manager.MyListener - The element with locator -->By.id: pickUpPlacewas found
14:48:11  INFO  manager.MyListener - Start search element by  locator-->By.cssSelector: div.pac-item
14:48:11  INFO  manager.MyListener - The element with locator -->By.cssSelector: div.pac-itemwas found
14:48:11  INFO  manager.MyListener - Start search element by  locator-->By.id: make
14:48:11  INFO  manager.MyListener - The element with locator -->By.id: makewas found
14:48:12  INFO  manager.MyListener - Start search element by  locator-->By.id: model
14:48:12  INFO  manager.MyListener - The element with locator -->By.id: modelwas found
14:48:12  INFO  manager.MyListener - Start search element by  locator-->By.id: year
14:48:12  INFO  manager.MyListener - The element with locator -->By.id: yearwas found
14:48:12  INFO  manager.MyListener - Start search element by  locator-->By.id: engine
14:48:12  INFO  manager.MyListener - The element with locator -->By.id: enginewas found
14:48:12  INFO  manager.MyListener - Start search element by  locator-->By.id: fuel
14:48:12  INFO  manager.MyListener - The element with locator -->By.id: fuelwas found
14:48:12  INFO  manager.MyListener - Start search element by  locator-->By.xpath: .//option[@value = "Petrol"]
14:48:12  INFO  manager.MyListener - The element with locator -->By.xpath: .//option[@value = "Petrol"]was found
14:48:12  INFO  manager.MyListener - Start search element by  locator-->By.id: gear
14:48:12  INFO  manager.MyListener - The element with locator -->By.id: gearwas found
14:48:12  INFO  manager.MyListener - Start search element by  locator-->By.xpath: .//option[@value = "MT"]
14:48:12  INFO  manager.MyListener - The element with locator -->By.xpath: .//option[@value = "MT"]was found
14:48:12  INFO  manager.MyListener - Start search element by  locator-->By.id: wheelsDrive
14:48:12  INFO  manager.MyListener - The element with locator -->By.id: wheelsDrivewas found
14:48:12  INFO  manager.MyListener - Start search element by  locator-->By.xpath: .//option[@value = "AWD"]
14:48:12  INFO  manager.MyListener - The element with locator -->By.xpath: .//option[@value = "AWD"]was found
14:48:12  INFO  manager.MyListener - Start search element by  locator-->By.id: doors
14:48:12  INFO  manager.MyListener - The element with locator -->By.id: doorswas found
14:48:12  INFO  manager.MyListener - Start search element by  locator-->By.id: seats
14:48:12  INFO  manager.MyListener - The element with locator -->By.id: seatswas found
14:48:13  INFO  manager.MyListener - Start search element by  locator-->By.id: class
14:48:13  INFO  manager.MyListener - The element with locator -->By.id: classwas found
14:48:13  INFO  manager.MyListener - Start search element by  locator-->By.id: fuelConsumption
14:48:13  INFO  manager.MyListener - The element with locator -->By.id: fuelConsumptionwas found
14:48:13  INFO  manager.MyListener - Start search element by  locator-->By.id: serialNumber
14:48:13  INFO  manager.MyListener - The element with locator -->By.id: serialNumberwas found
14:48:13  INFO  manager.MyListener - Start search element by  locator-->By.id: price
14:48:13  INFO  manager.MyListener - The element with locator -->By.id: pricewas found
14:48:13  INFO  manager.MyListener - Start search element by  locator-->By.id: distance
14:48:13  INFO  manager.MyListener - The element with locator -->By.id: distancewas found
14:48:13  INFO  manager.MyListener - Start search element by  locator-->By.cssSelector: .feature-input
14:48:13  INFO  manager.MyListener - The element with locator -->By.cssSelector: .feature-inputwas found
14:48:13  INFO  manager.MyListener - Start search element by  locator-->By.id: about
14:48:13  INFO  manager.MyListener - The element with locator -->By.id: aboutwas found
14:48:14  INFO  manager.MyListener - Start search element by  locator-->By.id: photos
14:48:14  INFO  manager.MyListener - The element with locator -->By.id: photoswas found
14:48:14  INFO  manager.MyListener - Start search element by  locator-->By.cssSelector: [type='submit']
14:48:14  INFO  manager.MyListener - The element with locator -->By.cssSelector: [type='submit']was found
14:48:16  INFO  manager.MyListener - Start search element by  locator-->By.className: dialog-container
14:48:17  INFO  manager.MyListener - The element with locator -->By.className: dialog-containerwas found
14:48:17  INFO  manager.MyListener - Start search element by  locator-->By.cssSelector: .dialog-container h1
14:48:17  INFO  manager.MyListener - The element with locator -->By.cssSelector: .dialog-container h1was found
14:48:17  INFO  manager.MyListener - Start search element by  locator-->By.xpath: //button[.='Search cars']
14:48:17  INFO  manager.MyListener - The element with locator -->By.xpath: //button[.='Search cars']was found
14:48:17  INFO  manager.MyListener - Start search element by  locator-->By.xpath: //a[text()=' Logout ']
14:48:17  INFO  manager.MyListener - The element with locator -->By.xpath: //a[text()=' Logout ']was found
14:48:17  INFO  tests.TestBase - The end of test --->addNewCarTestPositive2
14:48:17  INFO  tests.TestBase - Start test ---> loginSuccess
14:48:17  INFO  manager.MyListener - Start search element by  locator-->By.xpath: //a[text()=' Log in ']
14:48:17  INFO  manager.MyListener - The element with locator -->By.xpath: //a[text()=' Log in ']was found
14:48:17  INFO  tests.TestBase - With user --> User{name='null', lastname='null', email='nevo@gmail.com', password='Nn12345$'}
14:48:17  INFO  manager.MyListener - Start search element by  locator-->By.xpath: //a[text()=' Log in ']
14:48:17  INFO  manager.MyListener - The element with locator -->By.xpath: //a[text()=' Log in ']was found
14:48:17  INFO  manager.MyListener - Start search element by  locator-->By.id: email
14:48:17  INFO  manager.MyListener - The element with locator -->By.id: emailwas found
14:48:17  INFO  manager.MyListener - Start search element by  locator-->By.id: password
14:48:18  INFO  manager.MyListener - The element with locator -->By.id: passwordwas found
14:48:18  INFO  manager.MyListener - Start search element by  locator-->By.cssSelector: [type='submit']
14:48:18  INFO  manager.MyListener - The element with locator -->By.cssSelector: [type='submit']was found
14:48:18  INFO  manager.MyListener - Start search element by  locator-->By.cssSelector: .dialog-container
14:48:18  INFO  manager.MyListener - The element with locator -->By.cssSelector: .dialog-containerwas found
14:48:18  INFO  manager.MyListener - Start search element by  locator-->By.cssSelector: .dialog-container h2
14:48:18  INFO  manager.MyListener - The element with locator -->By.cssSelector: .dialog-container h2was found
14:48:18  INFO  manager.MyListener - Start search element by  locator-->By.xpath: //button[text()='Ok']
14:48:18  INFO  manager.MyListener - The element with locator -->By.xpath: //button[text()='Ok']was found
14:48:18  INFO  manager.MyListener - Start search element by  locator-->By.xpath: //button[text()='Ok']
14:48:18  INFO  manager.MyListener - The element with locator -->By.xpath: //button[text()='Ok']was found
14:48:18  INFO  tests.TestBase - The end of test --->loginSuccess
14:48:18  INFO  tests.TestBase - Start test ---> loginSuccess
14:48:18  INFO  manager.MyListener - Start search element by  locator-->By.xpath: //a[text()=' Log in ']
14:48:28  INFO  manager.MyListener - The element with locator -->By.xpath: //a[text()=' Log in ']was found
14:48:28  INFO  manager.MyListener - Start search element by  locator-->By.xpath: //a[text()=' Logout ']
14:48:28  INFO  manager.MyListener - The element with locator -->By.xpath: //a[text()=' Logout ']was found
14:48:29  INFO  tests.TestBase - With user --> User{name='null', lastname='null', email='nevo@gmail.com', password='Nn12345$'}
14:48:29  INFO  manager.MyListener - Start search element by  locator-->By.xpath: //a[text()=' Log in ']
14:48:29  INFO  manager.MyListener - The element with locator -->By.xpath: //a[text()=' Log in ']was found
14:48:29  INFO  manager.MyListener - Start search element by  locator-->By.id: email
14:48:29  INFO  manager.MyListener - The element with locator -->By.id: emailwas found
14:48:29  INFO  manager.MyListener - Start search element by  locator-->By.id: password
14:48:29  INFO  manager.MyListener - The element with locator -->By.id: passwordwas found
14:48:29  INFO  manager.MyListener - Start search element by  locator-->By.cssSelector: [type='submit']
14:48:29  INFO  manager.MyListener - The element with locator -->By.cssSelector: [type='submit']was found
14:48:29  INFO  manager.MyListener - Start search element by  locator-->By.cssSelector: .dialog-container
14:48:29  INFO  manager.MyListener - The element with locator -->By.cssSelector: .dialog-containerwas found
14:48:29  INFO  manager.MyListener - Start search element by  locator-->By.cssSelector: .dialog-container h2
14:48:29  INFO  manager.MyListener - The element with locator -->By.cssSelector: .dialog-container h2was found
14:48:29  INFO  manager.MyListener - Start search element by  locator-->By.xpath: //button[text()='Ok']
14:48:29  INFO  manager.MyListener - The element with locator -->By.xpath: //button[text()='Ok']was found
14:48:29  INFO  manager.MyListener - Start search element by  locator-->By.xpath: //button[text()='Ok']
14:48:29  INFO  manager.MyListener - The element with locator -->By.xpath: //button[text()='Ok']was found
14:48:29  INFO  tests.TestBase - The end of test --->loginSuccess
14:48:29  INFO  tests.TestBase - Start test ---> loginSuccess2
14:48:29  INFO  manager.MyListener - Start search element by  locator-->By.xpath: //a[text()=' Log in ']
14:48:40  INFO  manager.MyListener - The element with locator -->By.xpath: //a[text()=' Log in ']was found
14:48:40  INFO  manager.MyListener - Start search element by  locator-->By.xpath: //a[text()=' Logout ']
14:48:40  INFO  manager.MyListener - The element with locator -->By.xpath: //a[text()=' Logout ']was found
14:48:40  INFO  tests.TestBase - Start with email -->nevo@gmail.comWith password-->Nn12345$
14:48:40  INFO  manager.MyListener - Start search element by  locator-->By.xpath: //a[text()=' Log in ']
14:48:40  INFO  manager.MyListener - The element with locator -->By.xpath: //a[text()=' Log in ']was found
14:48:40  INFO  manager.MyListener - Start search element by  locator-->By.id: email
14:48:40  INFO  manager.MyListener - The element with locator -->By.id: emailwas found
14:48:40  INFO  manager.MyListener - Start search element by  locator-->By.id: password
14:48:40  INFO  manager.MyListener - The element with locator -->By.id: passwordwas found
14:48:40  INFO  manager.MyListener - Start search element by  locator-->By.cssSelector: [type='submit']
14:48:40  INFO  manager.MyListener - The element with locator -->By.cssSelector: [type='submit']was found
14:48:40  INFO  manager.MyListener - Start search element by  locator-->By.cssSelector: .dialog-container
14:48:40  INFO  manager.MyListener - The element with locator -->By.cssSelector: .dialog-containerwas found
14:48:40  INFO  manager.MyListener - Start search element by  locator-->By.cssSelector: .dialog-container h2
14:48:40  INFO  manager.MyListener - The element with locator -->By.cssSelector: .dialog-container h2was found
14:48:40  INFO  manager.MyListener - Start search element by  locator-->By.xpath: //button[text()='Ok']
14:48:41  INFO  manager.MyListener - The element with locator -->By.xpath: //button[text()='Ok']was found
14:48:41  INFO  manager.MyListener - Start search element by  locator-->By.xpath: //button[text()='Ok']
14:48:41  INFO  manager.MyListener - The element with locator -->By.xpath: //button[text()='Ok']was found
14:48:41  INFO  tests.TestBase - The end of test --->loginSuccess2
14:48:41  INFO  tests.TestBase - Start test ---> loginSuccess2
14:48:41  INFO  manager.MyListener - Start search element by  locator-->By.xpath: //a[text()=' Log in ']
14:48:51  INFO  manager.MyListener - The element with locator -->By.xpath: //a[text()=' Log in ']was found
14:48:51  INFO  manager.MyListener - Start search element by  locator-->By.xpath: //a[text()=' Logout ']
14:48:51  INFO  manager.MyListener - The element with locator -->By.xpath: //a[text()=' Logout ']was found
14:48:51  INFO  tests.TestBase - Start with email -->nevo@gmail.comWith password-->Nn12345$
14:48:51  INFO  manager.MyListener - Start search element by  locator-->By.xpath: //a[text()=' Log in ']
14:48:51  INFO  manager.MyListener - The element with locator -->By.xpath: //a[text()=' Log in ']was found
14:48:51  INFO  manager.MyListener - Start search element by  locator-->By.id: email
14:48:51  INFO  manager.MyListener - The element with locator -->By.id: emailwas found
14:48:51  INFO  manager.MyListener - Start search element by  locator-->By.id: password
14:48:51  INFO  manager.MyListener - The element with locator -->By.id: passwordwas found
14:48:51  INFO  manager.MyListener - Start search element by  locator-->By.cssSelector: [type='submit']
14:48:51  INFO  manager.MyListener - The element with locator -->By.cssSelector: [type='submit']was found
14:48:51  INFO  manager.MyListener - Start search element by  locator-->By.cssSelector: .dialog-container
14:48:52  INFO  manager.MyListener - The element with locator -->By.cssSelector: .dialog-containerwas found
14:48:52  INFO  manager.MyListener - Start search element by  locator-->By.cssSelector: .dialog-container h2
14:48:52  INFO  manager.MyListener - The element with locator -->By.cssSelector: .dialog-container h2was found
14:48:52  INFO  manager.MyListener - Start search element by  locator-->By.xpath: //button[text()='Ok']
14:48:52  INFO  manager.MyListener - The element with locator -->By.xpath: //button[text()='Ok']was found
14:48:52  INFO  manager.MyListener - Start search element by  locator-->By.xpath: //button[text()='Ok']
14:48:52  INFO  manager.MyListener - The element with locator -->By.xpath: //button[text()='Ok']was found
14:48:52  INFO  tests.TestBase - The end of test --->loginSuccess2
14:48:52  INFO  tests.TestBase - Start test ---> loginSuccess2
14:48:52  INFO  manager.MyListener - Start search element by  locator-->By.xpath: //a[text()=' Log in ']
14:49:02  INFO  manager.MyListener - The element with locator -->By.xpath: //a[text()=' Log in ']was found
14:49:02  INFO  manager.MyListener - Start search element by  locator-->By.xpath: //a[text()=' Logout ']
14:49:02  INFO  manager.MyListener - The element with locator -->By.xpath: //a[text()=' Logout ']was found
14:49:02  INFO  tests.TestBase - Start with email -->nevo@gmail.comWith password-->Nn12345$
14:49:02  INFO  manager.MyListener - Start search element by  locator-->By.xpath: //a[text()=' Log in ']
14:49:02  INFO  manager.MyListener - The element with locator -->By.xpath: //a[text()=' Log in ']was found
14:49:02  INFO  manager.MyListener - Start search element by  locator-->By.id: email
14:49:02  INFO  manager.MyListener - The element with locator -->By.id: emailwas found
14:49:02  INFO  manager.MyListener - Start search element by  locator-->By.id: password
14:49:02  INFO  manager.MyListener - The element with locator -->By.id: passwordwas found
14:49:02  INFO  manager.MyListener - Start search element by  locator-->By.cssSelector: [type='submit']
14:49:02  INFO  manager.MyListener - The element with locator -->By.cssSelector: [type='submit']was found
14:49:02  INFO  manager.MyListener - Start search element by  locator-->By.cssSelector: .dialog-container
14:49:03  INFO  manager.MyListener - The element with locator -->By.cssSelector: .dialog-containerwas found
14:49:03  INFO  manager.MyListener - Start search element by  locator-->By.cssSelector: .dialog-container h2
14:49:03  INFO  manager.MyListener - The element with locator -->By.cssSelector: .dialog-container h2was found
14:49:03  INFO  manager.MyListener - Start search element by  locator-->By.xpath: //button[text()='Ok']
14:49:03  INFO  manager.MyListener - The element with locator -->By.xpath: //button[text()='Ok']was found
14:49:03  INFO  manager.MyListener - Start search element by  locator-->By.xpath: //button[text()='Ok']
14:49:03  INFO  manager.MyListener - The element with locator -->By.xpath: //button[text()='Ok']was found
14:49:03  INFO  tests.TestBase - The end of test --->loginSuccess2
14:49:03  INFO  tests.TestBase - Start test ---> registrationPasswordTest
14:49:03  INFO  manager.MyListener - Start search element by  locator-->By.xpath: //a[text()=' Log in ']
14:49:13  INFO  manager.MyListener - The element with locator -->By.xpath: //a[text()=' Log in ']was found
14:49:13  INFO  manager.MyListener - Start search element by  locator-->By.xpath: //a[text()=' Logout ']
14:49:13  INFO  manager.MyListener - The element with locator -->By.xpath: //a[text()=' Logout ']was found
14:49:13  INFO  manager.MyListener - Start search element by  locator-->By.xpath: //a[text()=' Sign up ']
14:49:13  INFO  manager.MyListener - The element with locator -->By.xpath: //a[text()=' Sign up ']was found
14:49:13  INFO  manager.MyListener - Start search element by  locator-->By.id: name
14:49:13  INFO  manager.MyListener - The element with locator -->By.id: namewas found
14:49:13  INFO  manager.MyListener - Start search element by  locator-->By.id: lastName
14:49:13  INFO  manager.MyListener - The element with locator -->By.id: lastNamewas found
14:49:13  INFO  manager.MyListener - Start search element by  locator-->By.id: email
14:49:13  INFO  manager.MyListener - The element with locator -->By.id: emailwas found
14:49:13  INFO  manager.MyListener - Start search element by  locator-->By.id: password
14:49:13  INFO  manager.MyListener - The element with locator -->By.id: passwordwas found
14:49:14  INFO  manager.MyListener - Start search element by  locator-->By.id: terms-of-use
14:49:14  INFO  manager.MyListener - The element with locator -->By.id: terms-of-usewas found
14:49:14  INFO  manager.MyListener - Start search element by  locator-->By.xpath: //label[@for='terms-of-use']
14:49:14  INFO  manager.MyListener - The element with locator -->By.xpath: //label[@for='terms-of-use']was found
14:49:14  INFO  manager.MyListener - Start search element by  locator-->By.xpath: //*[text()='Password must contain minimum 8 symbols']
14:49:14  INFO  manager.MyListener - The element with locator -->By.xpath: //*[text()='Password must contain minimum 8 symbols']was found
14:49:14  INFO  manager.MyListener - Start search element by  locator-->By.xpath: //button[@type='submit']
14:49:14  INFO  manager.MyListener - The element with locator -->By.xpath: //button[@type='submit']was found
14:49:14  INFO  manager.MyListener - Start search element by  locator-->By.xpath: //button[text()='Ok']
14:49:24  INFO  manager.MyListener - The element with locator -->By.xpath: //button[text()='Ok']was found
14:49:24  INFO  tests.TestBase - The end of test --->registrationPasswordTest
14:49:24  INFO  tests.TestBase - Start test ---> registrationSuccessTest
14:49:24  INFO  manager.MyListener - Start search element by  locator-->By.xpath: //a[text()=' Log in ']
14:49:24  INFO  manager.MyListener - The element with locator -->By.xpath: //a[text()=' Log in ']was found
14:49:24  INFO  tests.TestBase - User{name='Sonya', lastname='Snow', email='irinar@gmail.com', password='Ww12345$'}
14:49:24  INFO  manager.MyListener - Start search element by  locator-->By.xpath: //a[text()=' Sign up ']
14:49:24  INFO  manager.MyListener - The element with locator -->By.xpath: //a[text()=' Sign up ']was found
14:49:24  INFO  manager.MyListener - Start search element by  locator-->By.id: name
14:49:24  INFO  manager.MyListener - The element with locator -->By.id: namewas found
14:49:24  INFO  manager.MyListener - Start search element by  locator-->By.id: lastName
14:49:24  INFO  manager.MyListener - The element with locator -->By.id: lastNamewas found
14:49:24  INFO  manager.MyListener - Start search element by  locator-->By.id: email
14:49:24  INFO  manager.MyListener - The element with locator -->By.id: emailwas found
14:49:24  INFO  manager.MyListener - Start search element by  locator-->By.id: password
14:49:24  INFO  manager.MyListener - The element with locator -->By.id: passwordwas found
14:49:24  INFO  manager.MyListener - Start search element by  locator-->By.id: terms-of-use
14:49:24  INFO  manager.MyListener - The element with locator -->By.id: terms-of-usewas found
14:49:24  INFO  manager.MyListener - Start search element by  locator-->By.xpath: //label[@for='terms-of-use']
14:49:24  INFO  manager.MyListener - The element with locator -->By.xpath: //label[@for='terms-of-use']was found
14:49:25  INFO  manager.MyListener - Start search element by  locator-->By.cssSelector: [type='submit']
14:49:35  INFO  manager.MyListener - We have a throwable --> org.openqa.selenium.NoSuchElementException: no such element: Unable to locate element: {"method":"css selector","selector":"[type='submit']"}
  (Session info: chrome=96.0.4664.45)
For documentation on this error, please visit: https://www.seleniumhq.org/exceptions/no_such_element.html
Build info: version: '3.141.59', revision: 'e82be7d358', time: '2018-11-14T08:17:03'
System info: host: 'DESKTOP-8LJJU6I', ip: '10.0.0.33', os.name: 'Windows 10', os.arch: 'amd64', os.version: '10.0', java.version: '1.8.0_301'
Driver info: org.openqa.selenium.chrome.ChromeDriver
Capabilities {acceptInsecureCerts: false, browserName: chrome, browserVersion: 96.0.4664.45, chrome: {chromedriverVersion: 96.0.4664.45 (76e4c1bb2ab46..., userDataDir: C:\Users\User\AppData\Local...}, goog:chromeOptions: {debuggerAddress: localhost:52090}, javascriptEnabled: true, networkConnectionEnabled: false, pageLoadStrategy: normal, platform: WINDOWS, platformName: WINDOWS, proxy: Proxy(), setWindowRect: true, strictFileInteractability: false, timeouts: {implicit: 0, pageLoad: 300000, script: 30000}, unhandledPromptBehavior: dismiss and notify, webauthn:extension:credBlob: true, webauthn:extension:largeBlob: true, webauthn:virtualAuthenticators: true}
Session ID: ba57ab5ef5a5765dd4da766705daac57
*** Element info: {Using=css selector, value=[type='submit']}
14:49:35  INFO  manager.MyListener - Screenshot with throwable -->src/test/screenshots/screenshot-2975.png
14:49:35  INFO  manager.MyListener - Start search element by  locator-->By.xpath: //button[text()='Ok']
14:49:45  INFO  manager.MyListener - The element with locator -->By.xpath: //button[text()='Ok']was found
14:49:45  INFO  tests.TestBase - The end of test --->registrationSuccessTest
14:49:45  INFO  tests.TestBase - Start test ---> registrationSuccessTest
14:49:45  INFO  manager.MyListener - Start search element by  locator-->By.xpath: //a[text()=' Log in ']
14:49:45  INFO  manager.MyListener - The element with locator -->By.xpath: //a[text()=' Log in ']was found
14:49:45  INFO  tests.TestBase - User{name='Sonya', lastname='Snow', email='irinar1@gmail.com', password='Ww12345$'}
14:49:45  INFO  manager.MyListener - Start search element by  locator-->By.xpath: //a[text()=' Sign up ']
14:49:45  INFO  manager.MyListener - The element with locator -->By.xpath: //a[text()=' Sign up ']was found
14:49:45  INFO  manager.MyListener - Start search element by  locator-->By.id: name
14:49:45  INFO  manager.MyListener - The element with locator -->By.id: namewas found
14:49:46  INFO  manager.MyListener - Start search element by  locator-->By.id: lastName
14:49:46  INFO  manager.MyListener - The element with locator -->By.id: lastNamewas found
14:49:46  INFO  manager.MyListener - Start search element by  locator-->By.id: email
14:49:46  INFO  manager.MyListener - The element with locator -->By.id: emailwas found
14:49:46  INFO  manager.MyListener - Start search element by  locator-->By.id: password
14:49:46  INFO  manager.MyListener - The element with locator -->By.id: passwordwas found
14:49:46  INFO  manager.MyListener - Start search element by  locator-->By.id: terms-of-use
14:49:46  INFO  manager.MyListener - The element with locator -->By.id: terms-of-usewas found
14:49:46  INFO  manager.MyListener - Start search element by  locator-->By.xpath: //label[@for='terms-of-use']
14:49:46  INFO  manager.MyListener - The element with locator -->By.xpath: //label[@for='terms-of-use']was found
14:49:46  INFO  manager.MyListener - Start search element by  locator-->By.cssSelector: [type='submit']
14:49:56  INFO  manager.MyListener - We have a throwable --> org.openqa.selenium.NoSuchElementException: no such element: Unable to locate element: {"method":"css selector","selector":"[type='submit']"}
  (Session info: chrome=96.0.4664.45)
For documentation on this error, please visit: https://www.seleniumhq.org/exceptions/no_such_element.html
Build info: version: '3.141.59', revision: 'e82be7d358', time: '2018-11-14T08:17:03'
System info: host: 'DESKTOP-8LJJU6I', ip: '10.0.0.33', os.name: 'Windows 10', os.arch: 'amd64', os.version: '10.0', java.version: '1.8.0_301'
Driver info: org.openqa.selenium.chrome.ChromeDriver
Capabilities {acceptInsecureCerts: false, browserName: chrome, browserVersion: 96.0.4664.45, chrome: {chromedriverVersion: 96.0.4664.45 (76e4c1bb2ab46..., userDataDir: C:\Users\User\AppData\Local...}, goog:chromeOptions: {debuggerAddress: localhost:52090}, javascriptEnabled: true, networkConnectionEnabled: false, pageLoadStrategy: normal, platform: WINDOWS, platformName: WINDOWS, proxy: Proxy(), setWindowRect: true, strictFileInteractability: false, timeouts: {implicit: 0, pageLoad: 300000, script: 30000}, unhandledPromptBehavior: dismiss and notify, webauthn:extension:credBlob: true, webauthn:extension:largeBlob: true, webauthn:virtualAuthenticators: true}
Session ID: ba57ab5ef5a5765dd4da766705daac57
*** Element info: {Using=css selector, value=[type='submit']}
14:49:56  INFO  manager.MyListener - Screenshot with throwable -->src/test/screenshots/screenshot-2996.png
14:49:56  INFO  manager.MyListener - Start search element by  locator-->By.xpath: //button[text()='Ok']
14:50:06  INFO  manager.MyListener - The element with locator -->By.xpath: //button[text()='Ok']was found
14:50:06  INFO  tests.TestBase - The end of test --->registrationSuccessTest
14:50:06  INFO  tests.TestBase - Start test ---> registrationSuccessTest
14:50:06  INFO  manager.MyListener - Start search element by  locator-->By.xpath: //a[text()=' Log in ']
14:50:06  INFO  manager.MyListener - The element with locator -->By.xpath: //a[text()=' Log in ']was found
14:50:06  INFO  tests.TestBase - User{name='Sonya', lastname='Snow', email='irinar2@gmail.com', password='Ww12345$'}
14:50:06  INFO  manager.MyListener - Start search element by  locator-->By.xpath: //a[text()=' Sign up ']
14:50:06  INFO  manager.MyListener - The element with locator -->By.xpath: //a[text()=' Sign up ']was found
14:50:07  INFO  manager.MyListener - Start search element by  locator-->By.id: name
14:50:07  INFO  manager.MyListener - The element with locator -->By.id: namewas found
14:50:07  INFO  manager.MyListener - Start search element by  locator-->By.id: lastName
14:50:07  INFO  manager.MyListener - The element with locator -->By.id: lastNamewas found
14:50:07  INFO  manager.MyListener - Start search element by  locator-->By.id: email
14:50:07  INFO  manager.MyListener - The element with locator -->By.id: emailwas found
14:50:07  INFO  manager.MyListener - Start search element by  locator-->By.id: password
14:50:07  INFO  manager.MyListener - The element with locator -->By.id: passwordwas found
14:50:07  INFO  manager.MyListener - Start search element by  locator-->By.id: terms-of-use
14:50:07  INFO  manager.MyListener - The element with locator -->By.id: terms-of-usewas found
14:50:07  INFO  manager.MyListener - Start search element by  locator-->By.xpath: //label[@for='terms-of-use']
14:50:07  INFO  manager.MyListener - The element with locator -->By.xpath: //label[@for='terms-of-use']was found
14:50:07  INFO  manager.MyListener - Start search element by  locator-->By.cssSelector: [type='submit']
14:50:17  INFO  manager.MyListener - We have a throwable --> org.openqa.selenium.NoSuchElementException: no such element: Unable to locate element: {"method":"css selector","selector":"[type='submit']"}
  (Session info: chrome=96.0.4664.45)
For documentation on this error, please visit: https://www.seleniumhq.org/exceptions/no_such_element.html
Build info: version: '3.141.59', revision: 'e82be7d358', time: '2018-11-14T08:17:03'
System info: host: 'DESKTOP-8LJJU6I', ip: '10.0.0.33', os.name: 'Windows 10', os.arch: 'amd64', os.version: '10.0', java.version: '1.8.0_301'
Driver info: org.openqa.selenium.chrome.ChromeDriver
Capabilities {acceptInsecureCerts: false, browserName: chrome, browserVersion: 96.0.4664.45, chrome: {chromedriverVersion: 96.0.4664.45 (76e4c1bb2ab46..., userDataDir: C:\Users\User\AppData\Local...}, goog:chromeOptions: {debuggerAddress: localhost:52090}, javascriptEnabled: true, networkConnectionEnabled: false, pageLoadStrategy: normal, platform: WINDOWS, platformName: WINDOWS, proxy: Proxy(), setWindowRect: true, strictFileInteractability: false, timeouts: {implicit: 0, pageLoad: 300000, script: 30000}, unhandledPromptBehavior: dismiss and notify, webauthn:extension:credBlob: true, webauthn:extension:largeBlob: true, webauthn:virtualAuthenticators: true}
Session ID: ba57ab5ef5a5765dd4da766705daac57
*** Element info: {Using=css selector, value=[type='submit']}
14:50:18  INFO  manager.MyListener - Screenshot with throwable -->src/test/screenshots/screenshot-3017.png
14:50:18  INFO  manager.MyListener - Start search element by  locator-->By.xpath: //button[text()='Ok']
14:50:28  INFO  manager.MyListener - The element with locator -->By.xpath: //button[text()='Ok']was found
14:50:28  INFO  tests.TestBase - The end of test --->registrationSuccessTest
14:50:28  INFO  tests.TestBase - Start test ---> searchTest
14:50:28  INFO  manager.MyListener - Start search element by  locator-->By.id: city
14:50:38  INFO  manager.MyListener - We have a throwable --> org.openqa.selenium.NoSuchElementException: no such element: Unable to locate element: {"method":"css selector","selector":"#city"}
  (Session info: chrome=96.0.4664.45)
For documentation on this error, please visit: https://www.seleniumhq.org/exceptions/no_such_element.html
Build info: version: '3.141.59', revision: 'e82be7d358', time: '2018-11-14T08:17:03'
System info: host: 'DESKTOP-8LJJU6I', ip: '10.0.0.33', os.name: 'Windows 10', os.arch: 'amd64', os.version: '10.0', java.version: '1.8.0_301'
Driver info: org.openqa.selenium.chrome.ChromeDriver
Capabilities {acceptInsecureCerts: false, browserName: chrome, browserVersion: 96.0.4664.45, chrome: {chromedriverVersion: 96.0.4664.45 (76e4c1bb2ab46..., userDataDir: C:\Users\User\AppData\Local...}, goog:chromeOptions: {debuggerAddress: localhost:52090}, javascriptEnabled: true, networkConnectionEnabled: false, pageLoadStrategy: normal, platform: WINDOWS, platformName: WINDOWS, proxy: Proxy(), setWindowRect: true, strictFileInteractability: false, timeouts: {implicit: 0, pageLoad: 300000, script: 30000}, unhandledPromptBehavior: dismiss and notify, webauthn:extension:credBlob: true, webauthn:extension:largeBlob: true, webauthn:virtualAuthenticators: true}
Session ID: ba57ab5ef5a5765dd4da766705daac57
*** Element info: {Using=id, value=city}
14:50:38  INFO  manager.MyListener - Screenshot with throwable -->src/test/screenshots/screenshot-3038.png
14:50:38  INFO  manager.MyListener - Start search element by  locator-->By.cssSelector: .logo
14:50:38  INFO  manager.MyListener - The element with locator -->By.cssSelector: .logowas found
14:50:38  INFO  tests.TestBase - The end of test --->searchTest
14:50:38  INFO  tests.TestBase - Start test ---> searchTestYear
14:50:38  INFO  manager.MyListener - Start search element by  locator-->By.id: city
14:50:38  INFO  manager.MyListener - The element with locator -->By.id: citywas found
14:50:38  INFO  manager.MyListener - Start search element by  locator-->By.cssSelector: div.pac-item
14:50:39  INFO  manager.MyListener - The element with locator -->By.cssSelector: div.pac-itemwas found
14:50:39  INFO  manager.MyListener - Start search element by  locator-->By.id: dates
14:50:39  INFO  manager.MyListener - The element with locator -->By.id: dateswas found
14:50:39  INFO  manager.MyListener - Start search element by  locator-->By.xpath: //button[@aria-label='Next month']
14:50:39  INFO  manager.MyListener - The element with locator -->By.xpath: //button[@aria-label='Next month']was found
14:50:39  INFO  manager.MyListener - Start search element by  locator-->By.xpath: //button[@aria-label='Next month']
14:50:39  INFO  manager.MyListener - The element with locator -->By.xpath: //button[@aria-label='Next month']was found
14:50:39  INFO  manager.MyListener - Start search element by  locator-->By.xpath: //button[@aria-label='Next month']
14:50:39  INFO  manager.MyListener - The element with locator -->By.xpath: //button[@aria-label='Next month']was found
14:50:39  INFO  manager.MyListener - Start search element by  locator-->By.xpath: //button[@aria-label='Next month']
14:50:40  INFO  manager.MyListener - The element with locator -->By.xpath: //button[@aria-label='Next month']was found
14:50:40  INFO  manager.MyListener - Start search element by  locator-->By.xpath: //div[.=' 3 ']
14:50:40  INFO  manager.MyListener - The element with locator -->By.xpath: //div[.=' 3 ']was found
14:50:40  INFO  manager.MyListener - Start search element by  locator-->By.xpath: //button[@aria-label='Next month']
14:50:40  INFO  manager.MyListener - The element with locator -->By.xpath: //button[@aria-label='Next month']was found
14:50:40  INFO  manager.MyListener - Start search element by  locator-->By.xpath: //button[@aria-label='Next month']
14:50:40  INFO  manager.MyListener - The element with locator -->By.xpath: //button[@aria-label='Next month']was found
14:50:40  INFO  manager.MyListener - Start search element by  locator-->By.xpath: //button[@aria-label='Next month']
14:50:40  INFO  manager.MyListener - The element with locator -->By.xpath: //button[@aria-label='Next month']was found
14:50:40  INFO  manager.MyListener - Start search element by  locator-->By.xpath: //div[.=' 3 ']
14:50:40  INFO  manager.MyListener - The element with locator -->By.xpath: //div[.=' 3 ']was found
14:50:45  INFO  manager.MyListener - Start search element by  locator-->By.cssSelector: .logo
14:50:45  INFO  manager.MyListener - The element with locator -->By.cssSelector: .logowas found
14:50:45  INFO  tests.TestBase - The end of test --->searchTestYear
14:50:45  INFO  manager.ApplicationManager - The browser  has been closed
