17:25:54  INFO  manager.ApplicationManager - Tests starts on Chrome Driver
17:25:57  INFO  manager.ApplicationManager - Navigate to link ---> https://ilcarro.xyz/search
17:25:57  INFO  tests.TestBase - Start test ---> registrationSuccessTest
17:25:57  INFO  manager.MyListener - Start search element by  locator-->By.xpath: //a[text()=' Log in ']
17:25:57  INFO  manager.MyListener - The element with locator -->By.xpath: //a[text()=' Log in ']was found
17:25:57  INFO  tests.TestBase - User{name='Sonya', lastname='Snow', email='irinar@gmail.com', password='Ww12345$'}
17:25:57  INFO  manager.MyListener - Start search element by  locator-->By.xpath: //a[text()=' Sign up ']
17:25:57  INFO  manager.MyListener - The element with locator -->By.xpath: //a[text()=' Sign up ']was found
17:25:57  INFO  manager.MyListener - Start search element by  locator-->By.id: name
17:25:57  INFO  manager.MyListener - The element with locator -->By.id: namewas found
17:25:57  INFO  manager.MyListener - Start search element by  locator-->By.id: lastName
17:25:57  INFO  manager.MyListener - The element with locator -->By.id: lastNamewas found
17:25:57  INFO  manager.MyListener - Start search element by  locator-->By.id: email
17:25:57  INFO  manager.MyListener - The element with locator -->By.id: emailwas found
17:25:57  INFO  manager.MyListener - Start search element by  locator-->By.id: password
17:25:57  INFO  manager.MyListener - The element with locator -->By.id: passwordwas found
17:25:57  INFO  manager.MyListener - Start search element by  locator-->By.id: terms-of-use
17:25:57  INFO  manager.MyListener - The element with locator -->By.id: terms-of-usewas found
17:25:57  INFO  manager.MyListener - Start search element by  locator-->By.xpath: //label[@for='terms-of-use']
17:25:58  INFO  manager.MyListener - The element with locator -->By.xpath: //label[@for='terms-of-use']was found
17:25:58  INFO  manager.MyListener - Start search element by  locator-->By.cssSelector: [type='submit']
17:26:08  INFO  manager.MyListener - We have a throwable --> org.openqa.selenium.NoSuchElementException: no such element: Unable to locate element: {"method":"css selector","selector":"[type='submit']"}
  (Session info: chrome=96.0.4664.45)
For documentation on this error, please visit: https://www.seleniumhq.org/exceptions/no_such_element.html
Build info: version: '3.141.59', revision: 'e82be7d358', time: '2018-11-14T08:17:03'
System info: host: 'DESKTOP-8LJJU6I', ip: '10.0.0.33', os.name: 'Windows 10', os.arch: 'amd64', os.version: '10.0', java.version: '1.8.0_301'
Driver info: org.openqa.selenium.chrome.ChromeDriver
Capabilities {acceptInsecureCerts: false, browserName: chrome, browserVersion: 96.0.4664.45, chrome: {chromedriverVersion: 96.0.4664.45 (76e4c1bb2ab46..., userDataDir: C:\Users\User\AppData\Local...}, goog:chromeOptions: {debuggerAddress: localhost:54154}, javascriptEnabled: true, networkConnectionEnabled: false, pageLoadStrategy: normal, platform: WINDOWS, platformName: WINDOWS, proxy: Proxy(), setWindowRect: true, strictFileInteractability: false, timeouts: {implicit: 0, pageLoad: 300000, script: 30000}, unhandledPromptBehavior: dismiss and notify, webauthn:extension:credBlob: true, webauthn:extension:largeBlob: true, webauthn:virtualAuthenticators: true}
Session ID: 53f405b7860e5ced23ee9b4c65091078
*** Element info: {Using=css selector, value=[type='submit']}
17:26:08  INFO  manager.MyListener - Screenshot with throwable -->src/test/screenshots/screenshot-1568.png
17:26:08  INFO  manager.MyListener - Start search element by  locator-->By.xpath: //button[text()='Ok']
17:26:18  INFO  manager.MyListener - The element with locator -->By.xpath: //button[text()='Ok']was found
17:26:18  INFO  tests.TestBase - The end of test --->registrationSuccessTest
17:26:18  INFO  tests.TestBase - Start test ---> registrationSuccessTest
17:26:18  INFO  manager.MyListener - Start search element by  locator-->By.xpath: //a[text()=' Log in ']
17:26:18  INFO  manager.MyListener - The element with locator -->By.xpath: //a[text()=' Log in ']was found
17:26:18  INFO  tests.TestBase - User{name='Sonya', lastname='Snow', email='irinar1@gmail.com', password='Ww12345$'}
17:26:18  INFO  manager.MyListener - Start search element by  locator-->By.xpath: //a[text()=' Sign up ']
17:26:18  INFO  manager.MyListener - The element with locator -->By.xpath: //a[text()=' Sign up ']was found
17:26:18  INFO  manager.MyListener - Start search element by  locator-->By.id: name
17:26:18  INFO  manager.MyListener - The element with locator -->By.id: namewas found
17:26:18  INFO  manager.MyListener - Start search element by  locator-->By.id: lastName
17:26:18  INFO  manager.MyListener - The element with locator -->By.id: lastNamewas found
17:26:18  INFO  manager.MyListener - Start search element by  locator-->By.id: email
17:26:18  INFO  manager.MyListener - The element with locator -->By.id: emailwas found
17:26:18  INFO  manager.MyListener - Start search element by  locator-->By.id: password
17:26:18  INFO  manager.MyListener - The element with locator -->By.id: passwordwas found
17:26:19  INFO  manager.MyListener - Start search element by  locator-->By.id: terms-of-use
17:26:19  INFO  manager.MyListener - The element with locator -->By.id: terms-of-usewas found
17:26:19  INFO  manager.MyListener - Start search element by  locator-->By.xpath: //label[@for='terms-of-use']
17:26:19  INFO  manager.MyListener - The element with locator -->By.xpath: //label[@for='terms-of-use']was found
17:26:19  INFO  manager.MyListener - Start search element by  locator-->By.cssSelector: [type='submit']
17:26:29  INFO  manager.MyListener - We have a throwable --> org.openqa.selenium.NoSuchElementException: no such element: Unable to locate element: {"method":"css selector","selector":"[type='submit']"}
  (Session info: chrome=96.0.4664.45)
For documentation on this error, please visit: https://www.seleniumhq.org/exceptions/no_such_element.html
Build info: version: '3.141.59', revision: 'e82be7d358', time: '2018-11-14T08:17:03'
System info: host: 'DESKTOP-8LJJU6I', ip: '10.0.0.33', os.name: 'Windows 10', os.arch: 'amd64', os.version: '10.0', java.version: '1.8.0_301'
Driver info: org.openqa.selenium.chrome.ChromeDriver
Capabilities {acceptInsecureCerts: false, browserName: chrome, browserVersion: 96.0.4664.45, chrome: {chromedriverVersion: 96.0.4664.45 (76e4c1bb2ab46..., userDataDir: C:\Users\User\AppData\Local...}, goog:chromeOptions: {debuggerAddress: localhost:54154}, javascriptEnabled: true, networkConnectionEnabled: false, pageLoadStrategy: normal, platform: WINDOWS, platformName: WINDOWS, proxy: Proxy(), setWindowRect: true, strictFileInteractability: false, timeouts: {implicit: 0, pageLoad: 300000, script: 30000}, unhandledPromptBehavior: dismiss and notify, webauthn:extension:credBlob: true, webauthn:extension:largeBlob: true, webauthn:virtualAuthenticators: true}
Session ID: 53f405b7860e5ced23ee9b4c65091078
*** Element info: {Using=css selector, value=[type='submit']}
17:26:29  INFO  manager.MyListener - Screenshot with throwable -->src/test/screenshots/screenshot-1589.png
17:26:29  INFO  manager.MyListener - Start search element by  locator-->By.xpath: //button[text()='Ok']
17:26:39  INFO  manager.MyListener - The element with locator -->By.xpath: //button[text()='Ok']was found
17:26:39  INFO  tests.TestBase - The end of test --->registrationSuccessTest
17:26:39  INFO  tests.TestBase - Start test ---> registrationSuccessTest
17:26:39  INFO  manager.MyListener - Start search element by  locator-->By.xpath: //a[text()=' Log in ']
17:26:39  INFO  manager.MyListener - The element with locator -->By.xpath: //a[text()=' Log in ']was found
17:26:39  INFO  tests.TestBase - User{name='Sonya', lastname='Snow', email='irinar2@gmail.com', password='Ww12345$'}
17:26:39  INFO  manager.MyListener - Start search element by  locator-->By.xpath: //a[text()=' Sign up ']
17:26:39  INFO  manager.MyListener - The element with locator -->By.xpath: //a[text()=' Sign up ']was found
17:26:39  INFO  manager.MyListener - Start search element by  locator-->By.id: name
17:26:39  INFO  manager.MyListener - The element with locator -->By.id: namewas found
17:26:39  INFO  manager.MyListener - Start search element by  locator-->By.id: lastName
17:26:39  INFO  manager.MyListener - The element with locator -->By.id: lastNamewas found
17:26:39  INFO  manager.MyListener - Start search element by  locator-->By.id: email
17:26:39  INFO  manager.MyListener - The element with locator -->By.id: emailwas found
17:26:39  INFO  manager.MyListener - Start search element by  locator-->By.id: password
17:26:39  INFO  manager.MyListener - The element with locator -->By.id: passwordwas found
17:26:40  INFO  manager.MyListener - Start search element by  locator-->By.id: terms-of-use
17:26:40  INFO  manager.MyListener - The element with locator -->By.id: terms-of-usewas found
17:26:40  INFO  manager.MyListener - Start search element by  locator-->By.xpath: //label[@for='terms-of-use']
17:26:40  INFO  manager.MyListener - The element with locator -->By.xpath: //label[@for='terms-of-use']was found
17:26:40  INFO  manager.MyListener - Start search element by  locator-->By.cssSelector: [type='submit']
17:26:50  INFO  manager.MyListener - We have a throwable --> org.openqa.selenium.NoSuchElementException: no such element: Unable to locate element: {"method":"css selector","selector":"[type='submit']"}
  (Session info: chrome=96.0.4664.45)
For documentation on this error, please visit: https://www.seleniumhq.org/exceptions/no_such_element.html
Build info: version: '3.141.59', revision: 'e82be7d358', time: '2018-11-14T08:17:03'
System info: host: 'DESKTOP-8LJJU6I', ip: '10.0.0.33', os.name: 'Windows 10', os.arch: 'amd64', os.version: '10.0', java.version: '1.8.0_301'
Driver info: org.openqa.selenium.chrome.ChromeDriver
Capabilities {acceptInsecureCerts: false, browserName: chrome, browserVersion: 96.0.4664.45, chrome: {chromedriverVersion: 96.0.4664.45 (76e4c1bb2ab46..., userDataDir: C:\Users\User\AppData\Local...}, goog:chromeOptions: {debuggerAddress: localhost:54154}, javascriptEnabled: true, networkConnectionEnabled: false, pageLoadStrategy: normal, platform: WINDOWS, platformName: WINDOWS, proxy: Proxy(), setWindowRect: true, strictFileInteractability: false, timeouts: {implicit: 0, pageLoad: 300000, script: 30000}, unhandledPromptBehavior: dismiss and notify, webauthn:extension:credBlob: true, webauthn:extension:largeBlob: true, webauthn:virtualAuthenticators: true}
Session ID: 53f405b7860e5ced23ee9b4c65091078
*** Element info: {Using=css selector, value=[type='submit']}
17:26:50  INFO  manager.MyListener - Screenshot with throwable -->src/test/screenshots/screenshot-1610.png
17:26:50  INFO  manager.MyListener - Start search element by  locator-->By.xpath: //button[text()='Ok']
17:27:00  INFO  manager.MyListener - The element with locator -->By.xpath: //button[text()='Ok']was found
17:27:00  INFO  tests.TestBase - The end of test --->registrationSuccessTest
17:27:00  INFO  manager.ApplicationManager - The browser  has been closed
