16:02:32  INFO  manager.ApplicationManager - Tests starts on Chrome Driver
16:02:33  INFO  manager.ApplicationManager - Navigate to link ---> https://ilcarro.xyz/search
16:02:33  INFO  tests.TestBase - Start test ---> addNewCarTestPositive
16:02:33  INFO  manager.MyListener - Start search element by  locator-->By.xpath: //a[text()=' Log in ']
16:02:33  INFO  manager.MyListener - The element with locator -->By.xpath: //a[text()=' Log in ']was found
16:02:33  INFO  manager.MyListener - Start search element by  locator-->By.xpath: //a[text()=' Log in ']
16:02:33  INFO  manager.MyListener - The element with locator -->By.xpath: //a[text()=' Log in ']was found
16:02:33  INFO  manager.MyListener - Start search element by  locator-->By.id: email
16:02:33  INFO  manager.MyListener - The element with locator -->By.id: emailwas found
16:02:34  INFO  manager.MyListener - Start search element by  locator-->By.id: password
16:02:34  INFO  manager.MyListener - The element with locator -->By.id: passwordwas found
16:02:34  INFO  manager.MyListener - Start search element by  locator-->By.cssSelector: [type='submit']
16:02:34  INFO  manager.MyListener - The element with locator -->By.cssSelector: [type='submit']was found
16:02:34  INFO  manager.MyListener - Start search element by  locator-->By.xpath: //button[text()='Ok']
16:02:34  INFO  manager.MyListener - The element with locator -->By.xpath: //button[text()='Ok']was found
16:02:34  INFO  manager.MyListener - Start search element by  locator-->By.xpath: //button[text()='Ok']
16:02:34  INFO  manager.MyListener - The element with locator -->By.xpath: //button[text()='Ok']was found
16:02:35  INFO  manager.MyListener - Start search element by  locator-->By.id: 1
16:02:35  INFO  manager.MyListener - The element with locator -->By.id: 1was found
16:02:36  INFO  manager.MyListener - Start search element by  locator-->By.cssSelector: h2
16:02:36  INFO  manager.MyListener - The element with locator -->By.cssSelector: h2was found
16:02:36  INFO  manager.MyListener - Start search element by  locator-->By.id: pickUpPlace
16:02:36  INFO  manager.MyListener - The element with locator -->By.id: pickUpPlacewas found
16:02:36  INFO  manager.MyListener - Start search element by  locator-->By.cssSelector: div.pac-item
16:02:36  INFO  manager.MyListener - The element with locator -->By.cssSelector: div.pac-itemwas found
16:02:37  INFO  manager.MyListener - Start search element by  locator-->By.id: make
16:02:37  INFO  manager.MyListener - The element with locator -->By.id: makewas found
16:02:37  INFO  manager.MyListener - Start search element by  locator-->By.id: model
16:02:37  INFO  manager.MyListener - The element with locator -->By.id: modelwas found
16:02:37  INFO  manager.MyListener - Start search element by  locator-->By.id: year
16:02:37  INFO  manager.MyListener - The element with locator -->By.id: yearwas found
16:02:37  INFO  manager.MyListener - Start search element by  locator-->By.id: engine
16:02:37  INFO  manager.MyListener - The element with locator -->By.id: enginewas found
16:02:37  INFO  manager.MyListener - Start search element by  locator-->By.id: fuel
16:02:37  INFO  manager.MyListener - The element with locator -->By.id: fuelwas found
16:02:37  INFO  manager.MyListener - Start search element by  locator-->By.xpath: .//option[@value = "Petrol"]
16:02:37  INFO  manager.MyListener - The element with locator -->By.xpath: .//option[@value = "Petrol"]was found
16:02:37  INFO  manager.MyListener - Start search element by  locator-->By.id: gear
16:02:37  INFO  manager.MyListener - The element with locator -->By.id: gearwas found
16:02:37  INFO  manager.MyListener - Start search element by  locator-->By.xpath: .//option[@value = "MT"]
16:02:37  INFO  manager.MyListener - The element with locator -->By.xpath: .//option[@value = "MT"]was found
16:02:37  INFO  manager.MyListener - Start search element by  locator-->By.id: wheelsDrive
16:02:37  INFO  manager.MyListener - The element with locator -->By.id: wheelsDrivewas found
16:02:37  INFO  manager.MyListener - Start search element by  locator-->By.xpath: .//option[@value = "AWD"]
16:02:37  INFO  manager.MyListener - The element with locator -->By.xpath: .//option[@value = "AWD"]was found
16:02:37  INFO  manager.MyListener - Start search element by  locator-->By.id: doors
16:02:37  INFO  manager.MyListener - The element with locator -->By.id: doorswas found
16:02:38  INFO  manager.MyListener - Start search element by  locator-->By.id: seats
16:02:38  INFO  manager.MyListener - The element with locator -->By.id: seatswas found
16:02:38  INFO  manager.MyListener - Start search element by  locator-->By.id: class
16:02:38  INFO  manager.MyListener - The element with locator -->By.id: classwas found
16:02:38  INFO  manager.MyListener - Start search element by  locator-->By.id: fuelConsumption
16:02:38  INFO  manager.MyListener - The element with locator -->By.id: fuelConsumptionwas found
16:02:38  INFO  manager.MyListener - Start search element by  locator-->By.id: serialNumber
16:02:38  INFO  manager.MyListener - The element with locator -->By.id: serialNumberwas found
16:02:38  INFO  manager.MyListener - Start search element by  locator-->By.id: price
16:02:38  INFO  manager.MyListener - The element with locator -->By.id: pricewas found
16:02:38  INFO  manager.MyListener - Start search element by  locator-->By.id: distance
16:02:38  INFO  manager.MyListener - The element with locator -->By.id: distancewas found
16:02:38  INFO  manager.MyListener - Start search element by  locator-->By.cssSelector: .feature-input
16:02:38  INFO  manager.MyListener - The element with locator -->By.cssSelector: .feature-inputwas found
16:02:38  INFO  manager.MyListener - Start search element by  locator-->By.id: about
16:02:38  INFO  manager.MyListener - The element with locator -->By.id: aboutwas found
16:02:38  INFO  manager.MyListener - Start search element by  locator-->By.id: photos
16:02:38  INFO  manager.MyListener - The element with locator -->By.id: photoswas found
16:02:38  INFO  manager.MyListener - Start search element by  locator-->By.cssSelector: [type='submit']
16:02:38  INFO  manager.MyListener - The element with locator -->By.cssSelector: [type='submit']was found
16:02:40  INFO  manager.MyListener - Start search element by  locator-->By.className: dialog-container
16:02:41  INFO  manager.MyListener - The element with locator -->By.className: dialog-containerwas found
16:02:41  INFO  manager.MyListener - Start search element by  locator-->By.cssSelector: .dialog-container h1
16:02:41  INFO  manager.MyListener - The element with locator -->By.cssSelector: .dialog-container h1was found
16:02:41  INFO  manager.MyListener - Start search element by  locator-->By.xpath: //button[.='Search cars']
16:02:41  INFO  manager.MyListener - The element with locator -->By.xpath: //button[.='Search cars']was found
16:02:41  INFO  manager.MyListener - Start search element by  locator-->By.xpath: //a[text()=' Logout ']
16:02:41  INFO  manager.MyListener - The element with locator -->By.xpath: //a[text()=' Logout ']was found
16:02:42  INFO  tests.TestBase - The end of test --->addNewCarTestPositive
16:02:42  INFO  tests.TestBase - Start test ---> addNewCarTestPositive2
16:02:42  INFO  manager.MyListener - Start search element by  locator-->By.xpath: //a[text()=' Log in ']
16:02:42  INFO  manager.MyListener - The element with locator -->By.xpath: //a[text()=' Log in ']was found
16:02:42  INFO  manager.MyListener - Start search element by  locator-->By.xpath: //a[text()=' Log in ']
16:02:42  INFO  manager.MyListener - The element with locator -->By.xpath: //a[text()=' Log in ']was found
16:02:42  INFO  manager.MyListener - Start search element by  locator-->By.id: email
16:02:42  INFO  manager.MyListener - The element with locator -->By.id: emailwas found
16:02:42  INFO  manager.MyListener - Start search element by  locator-->By.id: password
16:02:42  INFO  manager.MyListener - The element with locator -->By.id: passwordwas found
16:02:42  INFO  manager.MyListener - Start search element by  locator-->By.cssSelector: [type='submit']
16:02:42  INFO  manager.MyListener - The element with locator -->By.cssSelector: [type='submit']was found
16:02:42  INFO  manager.MyListener - Start search element by  locator-->By.xpath: //button[text()='Ok']
16:02:43  INFO  manager.MyListener - The element with locator -->By.xpath: //button[text()='Ok']was found
16:02:43  INFO  manager.MyListener - Start search element by  locator-->By.xpath: //button[text()='Ok']
16:02:43  INFO  manager.MyListener - The element with locator -->By.xpath: //button[text()='Ok']was found
16:02:44  INFO  manager.MyListener - Start search element by  locator-->By.id: 1
16:02:44  INFO  manager.MyListener - The element with locator -->By.id: 1was found
16:02:44  INFO  manager.MyListener - Start search element by  locator-->By.cssSelector: h2
16:02:44  INFO  manager.MyListener - The element with locator -->By.cssSelector: h2was found
16:02:44  INFO  manager.MyListener - Start search element by  locator-->By.id: pickUpPlace
16:02:44  INFO  manager.MyListener - The element with locator -->By.id: pickUpPlacewas found
16:02:44  INFO  manager.MyListener - Start search element by  locator-->By.cssSelector: div.pac-item
16:02:44  INFO  manager.MyListener - The element with locator -->By.cssSelector: div.pac-itemwas found
16:02:45  INFO  manager.MyListener - Start search element by  locator-->By.id: make
16:02:45  INFO  manager.MyListener - The element with locator -->By.id: makewas found
16:02:45  INFO  manager.MyListener - Start search element by  locator-->By.id: model
16:02:45  INFO  manager.MyListener - The element with locator -->By.id: modelwas found
16:02:45  INFO  manager.MyListener - Start search element by  locator-->By.id: year
16:02:45  INFO  manager.MyListener - The element with locator -->By.id: yearwas found
16:02:45  INFO  manager.MyListener - Start search element by  locator-->By.id: engine
16:02:45  INFO  manager.MyListener - The element with locator -->By.id: enginewas found
16:02:45  INFO  manager.MyListener - Start search element by  locator-->By.id: fuel
16:02:45  INFO  manager.MyListener - The element with locator -->By.id: fuelwas found
16:02:45  INFO  manager.MyListener - Start search element by  locator-->By.xpath: .//option[@value = "Petrol"]
16:02:45  INFO  manager.MyListener - The element with locator -->By.xpath: .//option[@value = "Petrol"]was found
16:02:45  INFO  manager.MyListener - Start search element by  locator-->By.id: gear
16:02:45  INFO  manager.MyListener - The element with locator -->By.id: gearwas found
16:02:45  INFO  manager.MyListener - Start search element by  locator-->By.xpath: .//option[@value = "MT"]
16:02:45  INFO  manager.MyListener - The element with locator -->By.xpath: .//option[@value = "MT"]was found
16:02:45  INFO  manager.MyListener - Start search element by  locator-->By.id: wheelsDrive
16:02:45  INFO  manager.MyListener - The element with locator -->By.id: wheelsDrivewas found
16:02:45  INFO  manager.MyListener - Start search element by  locator-->By.xpath: .//option[@value = "AWD"]
16:02:45  INFO  manager.MyListener - The element with locator -->By.xpath: .//option[@value = "AWD"]was found
16:02:45  INFO  manager.MyListener - Start search element by  locator-->By.id: doors
16:02:46  INFO  manager.MyListener - The element with locator -->By.id: doorswas found
16:02:46  INFO  manager.MyListener - Start search element by  locator-->By.id: seats
16:02:46  INFO  manager.MyListener - The element with locator -->By.id: seatswas found
16:02:46  INFO  manager.MyListener - Start search element by  locator-->By.id: class
16:02:46  INFO  manager.MyListener - The element with locator -->By.id: classwas found
16:02:46  INFO  manager.MyListener - Start search element by  locator-->By.id: fuelConsumption
16:02:46  INFO  manager.MyListener - The element with locator -->By.id: fuelConsumptionwas found
16:02:46  INFO  manager.MyListener - Start search element by  locator-->By.id: serialNumber
16:02:46  INFO  manager.MyListener - The element with locator -->By.id: serialNumberwas found
16:02:46  INFO  manager.MyListener - Start search element by  locator-->By.id: price
16:02:46  INFO  manager.MyListener - The element with locator -->By.id: pricewas found
16:02:46  INFO  manager.MyListener - Start search element by  locator-->By.id: distance
16:02:46  INFO  manager.MyListener - The element with locator -->By.id: distancewas found
16:02:46  INFO  manager.MyListener - Start search element by  locator-->By.cssSelector: .feature-input
16:02:46  INFO  manager.MyListener - The element with locator -->By.cssSelector: .feature-inputwas found
16:02:46  INFO  manager.MyListener - Start search element by  locator-->By.id: about
16:02:47  INFO  manager.MyListener - The element with locator -->By.id: aboutwas found
16:02:47  INFO  manager.MyListener - Start search element by  locator-->By.id: photos
16:02:47  INFO  manager.MyListener - The element with locator -->By.id: photoswas found
16:02:47  INFO  manager.MyListener - Start search element by  locator-->By.cssSelector: [type='submit']
16:02:47  INFO  manager.MyListener - The element with locator -->By.cssSelector: [type='submit']was found
16:02:48  INFO  manager.MyListener - Start search element by  locator-->By.className: dialog-container
16:02:49  INFO  manager.MyListener - The element with locator -->By.className: dialog-containerwas found
16:02:49  INFO  manager.MyListener - Start search element by  locator-->By.cssSelector: .dialog-container h1
16:02:49  INFO  manager.MyListener - The element with locator -->By.cssSelector: .dialog-container h1was found
16:02:49  INFO  manager.MyListener - Start search element by  locator-->By.xpath: //button[.='Search cars']
16:02:49  INFO  manager.MyListener - The element with locator -->By.xpath: //button[.='Search cars']was found
16:02:49  INFO  manager.MyListener - Start search element by  locator-->By.xpath: //a[text()=' Logout ']
16:02:49  INFO  manager.MyListener - The element with locator -->By.xpath: //a[text()=' Logout ']was found
16:02:50  INFO  tests.TestBase - The end of test --->addNewCarTestPositive2
16:02:50  INFO  manager.ApplicationManager - The browser  has been closed
