18:54:36  INFO  manager.ApplicationManager - Tests starts on Chrome Driver
18:54:38  INFO  tests.TestBase - Start test ---> searchTest
18:54:38  INFO  manager.MyListener - Start search element by  locator-->By.id: city
18:54:38  INFO  manager.MyListener - The element with locator -->By.id: citywas found
18:54:38  INFO  manager.MyListener - Start search element by  locator-->By.cssSelector: div.pac-item
18:54:38  INFO  manager.MyListener - The element with locator -->By.cssSelector: div.pac-itemwas found
18:54:39  INFO  manager.MyListener - Start search element by  locator-->By.id: dates
18:54:39  INFO  manager.MyListener - The element with locator -->By.id: dateswas found
18:54:39  INFO  manager.MyListener - Start search element by  locator-->By.xpath: //div[.=' $s ']
18:54:49  INFO  manager.MyListener - Something went wrong!
18:54:49  INFO  manager.MyListener - no such element: Unable to locate element: {"method":"xpath","selector":"//div[.=' $s ']"}
  (Session info: chrome=96.0.4664.45)
For documentation on this error, please visit: https://www.seleniumhq.org/exceptions/no_such_element.html
Build info: version: '3.141.59', revision: 'e82be7d358', time: '2018-11-14T08:17:03'
System info: host: 'DESKTOP-8LJJU6I', ip: '192.168.1.51', os.name: 'Windows 10', os.arch: 'amd64', os.version: '10.0', java.version: '1.8.0_301'
Driver info: org.openqa.selenium.chrome.ChromeDriver
Capabilities {acceptInsecureCerts: false, browserName: chrome, browserVersion: 96.0.4664.45, chrome: {chromedriverVersion: 96.0.4664.45 (76e4c1bb2ab46..., userDataDir: C:\Users\User\AppData\Local...}, goog:chromeOptions: {debuggerAddress: localhost:63381}, javascriptEnabled: true, networkConnectionEnabled: false, pageLoadStrategy: normal, platform: WINDOWS, platformName: WINDOWS, proxy: Proxy(), setWindowRect: true, strictFileInteractability: false, timeouts: {implicit: 0, pageLoad: 300000, script: 30000}, unhandledPromptBehavior: dismiss and notify, webauthn:extension:credBlob: true, webauthn:extension:largeBlob: true, webauthn:virtualAuthenticators: true}
Session ID: a8d4ab7e5c1e2d058f421de2ffa1aa31
*** Element info: {Using=xpath, value=//div[.=' $s ']}
18:54:49  INFO  manager.MyListener - org.openqa.selenium.NoSuchElementException: no such element: Unable to locate element: {"method":"xpath","selector":"//div[.=' $s ']"}
  (Session info: chrome=96.0.4664.45)
For documentation on this error, please visit: https://www.seleniumhq.org/exceptions/no_such_element.html
Build info: version: '3.141.59', revision: 'e82be7d358', time: '2018-11-14T08:17:03'
System info: host: 'DESKTOP-8LJJU6I', ip: '192.168.1.51', os.name: 'Windows 10', os.arch: 'amd64', os.version: '10.0', java.version: '1.8.0_301'
Driver info: org.openqa.selenium.chrome.ChromeDriver
Capabilities {acceptInsecureCerts: false, browserName: chrome, browserVersion: 96.0.4664.45, chrome: {chromedriverVersion: 96.0.4664.45 (76e4c1bb2ab46..., userDataDir: C:\Users\User\AppData\Local...}, goog:chromeOptions: {debuggerAddress: localhost:63381}, javascriptEnabled: true, networkConnectionEnabled: false, pageLoadStrategy: normal, platform: WINDOWS, platformName: WINDOWS, proxy: Proxy(), setWindowRect: true, strictFileInteractability: false, timeouts: {implicit: 0, pageLoad: 300000, script: 30000}, unhandledPromptBehavior: dismiss and notify, webauthn:extension:credBlob: true, webauthn:extension:largeBlob: true, webauthn:virtualAuthenticators: true}
Session ID: a8d4ab7e5c1e2d058f421de2ffa1aa31
*** Element info: {Using=xpath, value=//div[.=' $s ']}
18:54:50  INFO  manager.MyListener - This link to screenshot with error-->src/test/screenshots/screenshot-3289.png
18:54:50  INFO  tests.TestBase - ************************************
