14:04:02  INFO  manager.ApplicationManager - Tests starts on Chrome Driver
14:04:04  INFO  manager.ApplicationManager - Navigate to link ---> https://ilcarro.xyz/search
14:04:04  INFO  tests.TestBase - Start test ---> loginSuccess
14:04:04  INFO  manager.MyListener - Start search element by  locator-->By.xpath: //a[text()=' Log in ']
14:04:04  INFO  manager.MyListener - The element with locator -->By.xpath: //a[text()=' Log in ']was found
14:04:04  INFO  tests.TestBase - With user --> User{name='null', lastname='null', email='nevo@gmail.com', password='Nn12345$'}
14:04:04  INFO  manager.MyListener - Start search element by  locator-->By.xpath: //a[text()=' Log in ']
14:04:04  INFO  manager.MyListener - The element with locator -->By.xpath: //a[text()=' Log in ']was found
14:04:04  INFO  manager.MyListener - Start search element by  locator-->By.id: email
14:04:04  INFO  manager.MyListener - The element with locator -->By.id: emailwas found
14:04:04  INFO  manager.MyListener - Start search element by  locator-->By.id: password
14:04:04  INFO  manager.MyListener - The element with locator -->By.id: passwordwas found
14:04:04  INFO  manager.MyListener - Start search element by  locator-->By.cssSelector: [type='submit']
14:04:05  INFO  manager.MyListener - The element with locator -->By.cssSelector: [type='submit']was found
14:04:05  INFO  manager.MyListener - Start search element by  locator-->By.cssSelector: .dialog-container
14:04:15  INFO  manager.MyListener - We have a throwable --> org.openqa.selenium.NoSuchElementException: no such element: Unable to locate element: {"method":"css selector","selector":".dialog-container"}
  (Session info: chrome=96.0.4664.45)
For documentation on this error, please visit: https://www.seleniumhq.org/exceptions/no_such_element.html
Build info: version: '3.141.59', revision: 'e82be7d358', time: '2018-11-14T08:17:03'
System info: host: 'DESKTOP-8LJJU6I', ip: '10.0.0.33', os.name: 'Windows 10', os.arch: 'amd64', os.version: '10.0', java.version: '1.8.0_301'
Driver info: org.openqa.selenium.chrome.ChromeDriver
Capabilities {acceptInsecureCerts: false, browserName: chrome, browserVersion: 96.0.4664.45, chrome: {chromedriverVersion: 96.0.4664.45 (76e4c1bb2ab46..., userDataDir: C:\Users\User\AppData\Local...}, goog:chromeOptions: {debuggerAddress: localhost:51251}, javascriptEnabled: true, networkConnectionEnabled: false, pageLoadStrategy: normal, platform: WINDOWS, platformName: WINDOWS, proxy: Proxy(), setWindowRect: true, strictFileInteractability: false, timeouts: {implicit: 0, pageLoad: 300000, script: 30000}, unhandledPromptBehavior: dismiss and notify, webauthn:extension:credBlob: true, webauthn:extension:largeBlob: true, webauthn:virtualAuthenticators: true}
Session ID: ea26c56ca4578b585d112c8edcd2537a
*** Element info: {Using=css selector, value=.dialog-container}
14:04:15  INFO  manager.MyListener - Screenshot with throwable -->src/test/screenshots/screenshot-255.png
14:04:15  INFO  manager.MyListener - Start search element by  locator-->By.xpath: //button[text()='Ok']
14:04:22  INFO  manager.MyListener - The element with locator -->By.xpath: //button[text()='Ok']was found
14:04:22  INFO  manager.MyListener - Start search element by  locator-->By.xpath: //button[text()='Ok']
14:04:22  INFO  manager.MyListener - The element with locator -->By.xpath: //button[text()='Ok']was found
14:04:22  INFO  tests.TestBase - The end of test --->loginSuccess
14:04:22  INFO  tests.TestBase - Start test ---> loginSuccess
14:04:22  INFO  manager.MyListener - Start search element by  locator-->By.xpath: //a[text()=' Log in ']
14:04:32  INFO  manager.MyListener - The element with locator -->By.xpath: //a[text()=' Log in ']was found
14:04:32  INFO  manager.MyListener - Start search element by  locator-->By.xpath: //a[text()=' Logout ']
14:04:32  INFO  manager.MyListener - The element with locator -->By.xpath: //a[text()=' Logout ']was found
14:04:32  INFO  tests.TestBase - With user --> User{name='null', lastname='null', email='nevo@gmail.com', password='Nn12345$'}
14:04:32  INFO  manager.MyListener - Start search element by  locator-->By.xpath: //a[text()=' Log in ']
14:04:32  INFO  manager.MyListener - The element with locator -->By.xpath: //a[text()=' Log in ']was found
14:04:32  INFO  manager.MyListener - Start search element by  locator-->By.id: email
14:04:32  INFO  manager.MyListener - The element with locator -->By.id: emailwas found
14:04:32  INFO  manager.MyListener - Start search element by  locator-->By.id: password
14:04:32  INFO  manager.MyListener - The element with locator -->By.id: passwordwas found
14:04:32  INFO  manager.MyListener - Start search element by  locator-->By.cssSelector: [type='submit']
14:04:32  INFO  manager.MyListener - The element with locator -->By.cssSelector: [type='submit']was found
14:04:32  INFO  manager.MyListener - Start search element by  locator-->By.cssSelector: .dialog-container
14:04:33  INFO  manager.MyListener - The element with locator -->By.cssSelector: .dialog-containerwas found
14:04:33  INFO  manager.MyListener - Start search element by  locator-->By.cssSelector: .dialog-container h2
14:04:33  INFO  manager.MyListener - The element with locator -->By.cssSelector: .dialog-container h2was found
14:04:33  INFO  manager.MyListener - Start search element by  locator-->By.xpath: //button[text()='Ok']
14:04:33  INFO  manager.MyListener - The element with locator -->By.xpath: //button[text()='Ok']was found
14:04:33  INFO  manager.MyListener - Start search element by  locator-->By.xpath: //button[text()='Ok']
14:04:33  INFO  manager.MyListener - The element with locator -->By.xpath: //button[text()='Ok']was found
14:04:33  INFO  tests.TestBase - The end of test --->loginSuccess
14:04:33  INFO  manager.ApplicationManager - The browser  has been closed
