18:44:37  INFO  manager.ApplicationManager - Tests starts on Chrome Driver
18:44:38  INFO  manager.ApplicationManager - Navigate to link ---> https://ilcarro.xyz/search
18:44:38  INFO  tests.TestBase - Start test ---> registrationSuccessTest
18:44:38  INFO  manager.MyListener - Start search element by  locator-->By.xpath: //a[text()=' Log in ']
18:44:38  INFO  manager.MyListener - The element with locator -->By.xpath: //a[text()=' Log in ']was found
18:44:38  INFO  tests.TestBase - User{name='Sonya', lastname='Snow', email='irinar@gmail.com', password='Ww12345$'}
18:44:38  INFO  manager.MyListener - Start search element by  locator-->By.xpath: //a[text()=' Sign up ']
18:44:38  INFO  manager.MyListener - The element with locator -->By.xpath: //a[text()=' Sign up ']was found
18:44:38  INFO  manager.MyListener - Start search element by  locator-->By.id: name
18:44:38  INFO  manager.MyListener - The element with locator -->By.id: namewas found
18:44:38  INFO  manager.MyListener - Start search element by  locator-->By.id: lastName
18:44:38  INFO  manager.MyListener - The element with locator -->By.id: lastNamewas found
18:44:39  INFO  manager.MyListener - Start search element by  locator-->By.id: email
18:44:39  INFO  manager.MyListener - The element with locator -->By.id: emailwas found
18:44:39  INFO  manager.MyListener - Start search element by  locator-->By.id: password
18:44:39  INFO  manager.MyListener - The element with locator -->By.id: passwordwas found
18:44:39  INFO  manager.MyListener - Start search element by  locator-->By.id: terms-of-use
18:44:39  INFO  manager.MyListener - The element with locator -->By.id: terms-of-usewas found
18:44:39  INFO  manager.MyListener - Start search element by  locator-->By.xpath: //label[@for='terms-of-use']
18:44:39  INFO  manager.MyListener - The element with locator -->By.xpath: //label[@for='terms-of-use']was found
18:44:39  INFO  manager.MyListener - Start search element by  locator-->By.xpath: //button[@type='submit']
18:44:49  INFO  manager.MyListener - We have a throwable --> org.openqa.selenium.NoSuchElementException: no such element: Unable to locate element: {"method":"xpath","selector":"//button[@type='submit']"}
  (Session info: chrome=96.0.4664.45)
For documentation on this error, please visit: https://www.seleniumhq.org/exceptions/no_such_element.html
Build info: version: '3.141.59', revision: 'e82be7d358', time: '2018-11-14T08:17:03'
System info: host: 'DESKTOP-8LJJU6I', ip: '10.0.0.33', os.name: 'Windows 10', os.arch: 'amd64', os.version: '10.0', java.version: '1.8.0_301'
Driver info: org.openqa.selenium.chrome.ChromeDriver
Capabilities {acceptInsecureCerts: false, browserName: chrome, browserVersion: 96.0.4664.45, chrome: {chromedriverVersion: 96.0.4664.45 (76e4c1bb2ab46..., userDataDir: C:\Users\User\AppData\Local...}, goog:chromeOptions: {debuggerAddress: localhost:55713}, javascriptEnabled: true, networkConnectionEnabled: false, pageLoadStrategy: normal, platform: WINDOWS, platformName: WINDOWS, proxy: Proxy(), setWindowRect: true, strictFileInteractability: false, timeouts: {implicit: 0, pageLoad: 300000, script: 30000}, unhandledPromptBehavior: dismiss and notify, webauthn:extension:credBlob: true, webauthn:extension:largeBlob: true, webauthn:virtualAuthenticators: true}
Session ID: 53195a92ac388935fc695882d407d5c3
*** Element info: {Using=xpath, value=//button[@type='submit']}
18:44:49  INFO  manager.MyListener - Screenshot with throwable -->src/test/screenshots/screenshot-2689.png
18:44:49  INFO  manager.MyListener - Start search element by  locator-->By.xpath: //button[text()='Ok']
18:44:59  INFO  manager.MyListener - The element with locator -->By.xpath: //button[text()='Ok']was found
18:44:59  INFO  tests.TestBase - The end of test --->registrationSuccessTest
18:44:59  INFO  tests.TestBase - Start test ---> registrationSuccessTest
18:44:59  INFO  manager.MyListener - Start search element by  locator-->By.xpath: //a[text()=' Log in ']
18:44:59  INFO  manager.MyListener - The element with locator -->By.xpath: //a[text()=' Log in ']was found
18:44:59  INFO  tests.TestBase - User{name='Sonya', lastname='Snow', email='irinar1@gmail.com', password='Ww12345$'}
18:44:59  INFO  manager.MyListener - Start search element by  locator-->By.xpath: //a[text()=' Sign up ']
18:44:59  INFO  manager.MyListener - The element with locator -->By.xpath: //a[text()=' Sign up ']was found
18:44:59  INFO  manager.MyListener - Start search element by  locator-->By.id: name
18:44:59  INFO  manager.MyListener - The element with locator -->By.id: namewas found
18:45:00  INFO  manager.MyListener - Start search element by  locator-->By.id: lastName
18:45:00  INFO  manager.MyListener - The element with locator -->By.id: lastNamewas found
18:45:00  INFO  manager.MyListener - Start search element by  locator-->By.id: email
18:45:00  INFO  manager.MyListener - The element with locator -->By.id: emailwas found
18:45:00  INFO  manager.MyListener - Start search element by  locator-->By.id: password
18:45:00  INFO  manager.MyListener - The element with locator -->By.id: passwordwas found
18:45:00  INFO  manager.MyListener - Start search element by  locator-->By.id: terms-of-use
18:45:00  INFO  manager.MyListener - The element with locator -->By.id: terms-of-usewas found
18:45:00  INFO  manager.MyListener - Start search element by  locator-->By.xpath: //label[@for='terms-of-use']
18:45:00  INFO  manager.MyListener - The element with locator -->By.xpath: //label[@for='terms-of-use']was found
18:45:00  INFO  manager.MyListener - Start search element by  locator-->By.xpath: //button[@type='submit']
18:45:10  INFO  manager.MyListener - We have a throwable --> org.openqa.selenium.NoSuchElementException: no such element: Unable to locate element: {"method":"xpath","selector":"//button[@type='submit']"}
  (Session info: chrome=96.0.4664.45)
For documentation on this error, please visit: https://www.seleniumhq.org/exceptions/no_such_element.html
Build info: version: '3.141.59', revision: 'e82be7d358', time: '2018-11-14T08:17:03'
System info: host: 'DESKTOP-8LJJU6I', ip: '10.0.0.33', os.name: 'Windows 10', os.arch: 'amd64', os.version: '10.0', java.version: '1.8.0_301'
Driver info: org.openqa.selenium.chrome.ChromeDriver
Capabilities {acceptInsecureCerts: false, browserName: chrome, browserVersion: 96.0.4664.45, chrome: {chromedriverVersion: 96.0.4664.45 (76e4c1bb2ab46..., userDataDir: C:\Users\User\AppData\Local...}, goog:chromeOptions: {debuggerAddress: localhost:55713}, javascriptEnabled: true, networkConnectionEnabled: false, pageLoadStrategy: normal, platform: WINDOWS, platformName: WINDOWS, proxy: Proxy(), setWindowRect: true, strictFileInteractability: false, timeouts: {implicit: 0, pageLoad: 300000, script: 30000}, unhandledPromptBehavior: dismiss and notify, webauthn:extension:credBlob: true, webauthn:extension:largeBlob: true, webauthn:virtualAuthenticators: true}
Session ID: 53195a92ac388935fc695882d407d5c3
*** Element info: {Using=xpath, value=//button[@type='submit']}
18:45:10  INFO  manager.MyListener - Screenshot with throwable -->src/test/screenshots/screenshot-2710.png
18:45:10  INFO  manager.MyListener - Start search element by  locator-->By.xpath: //button[text()='Ok']
18:45:20  INFO  manager.MyListener - The element with locator -->By.xpath: //button[text()='Ok']was found
18:45:20  INFO  tests.TestBase - The end of test --->registrationSuccessTest
18:45:20  INFO  tests.TestBase - Start test ---> registrationSuccessTest
18:45:20  INFO  manager.MyListener - Start search element by  locator-->By.xpath: //a[text()=' Log in ']
18:45:20  INFO  manager.MyListener - The element with locator -->By.xpath: //a[text()=' Log in ']was found
18:45:20  INFO  tests.TestBase - User{name='Sonya', lastname='Snow', email='irinar2@gmail.com', password='Ww12345$'}
18:45:20  INFO  manager.MyListener - Start search element by  locator-->By.xpath: //a[text()=' Sign up ']
18:45:20  INFO  manager.MyListener - The element with locator -->By.xpath: //a[text()=' Sign up ']was found
18:45:20  INFO  manager.MyListener - Start search element by  locator-->By.id: name
18:45:20  INFO  manager.MyListener - The element with locator -->By.id: namewas found
18:45:21  INFO  manager.MyListener - Start search element by  locator-->By.id: lastName
18:45:21  INFO  manager.MyListener - The element with locator -->By.id: lastNamewas found
18:45:21  INFO  manager.MyListener - Start search element by  locator-->By.id: email
18:45:21  INFO  manager.MyListener - The element with locator -->By.id: emailwas found
18:45:21  INFO  manager.MyListener - Start search element by  locator-->By.id: password
18:45:21  INFO  manager.MyListener - The element with locator -->By.id: passwordwas found
18:45:21  INFO  manager.MyListener - Start search element by  locator-->By.id: terms-of-use
18:45:21  INFO  manager.MyListener - The element with locator -->By.id: terms-of-usewas found
18:45:21  INFO  manager.MyListener - Start search element by  locator-->By.xpath: //label[@for='terms-of-use']
18:45:21  INFO  manager.MyListener - The element with locator -->By.xpath: //label[@for='terms-of-use']was found
18:45:21  INFO  manager.MyListener - Start search element by  locator-->By.xpath: //button[@type='submit']
18:45:31  INFO  manager.MyListener - We have a throwable --> org.openqa.selenium.NoSuchElementException: no such element: Unable to locate element: {"method":"xpath","selector":"//button[@type='submit']"}
  (Session info: chrome=96.0.4664.45)
For documentation on this error, please visit: https://www.seleniumhq.org/exceptions/no_such_element.html
Build info: version: '3.141.59', revision: 'e82be7d358', time: '2018-11-14T08:17:03'
System info: host: 'DESKTOP-8LJJU6I', ip: '10.0.0.33', os.name: 'Windows 10', os.arch: 'amd64', os.version: '10.0', java.version: '1.8.0_301'
Driver info: org.openqa.selenium.chrome.ChromeDriver
Capabilities {acceptInsecureCerts: false, browserName: chrome, browserVersion: 96.0.4664.45, chrome: {chromedriverVersion: 96.0.4664.45 (76e4c1bb2ab46..., userDataDir: C:\Users\User\AppData\Local...}, goog:chromeOptions: {debuggerAddress: localhost:55713}, javascriptEnabled: true, networkConnectionEnabled: false, pageLoadStrategy: normal, platform: WINDOWS, platformName: WINDOWS, proxy: Proxy(), setWindowRect: true, strictFileInteractability: false, timeouts: {implicit: 0, pageLoad: 300000, script: 30000}, unhandledPromptBehavior: dismiss and notify, webauthn:extension:credBlob: true, webauthn:extension:largeBlob: true, webauthn:virtualAuthenticators: true}
Session ID: 53195a92ac388935fc695882d407d5c3
*** Element info: {Using=xpath, value=//button[@type='submit']}
18:45:31  INFO  manager.MyListener - Screenshot with throwable -->src/test/screenshots/screenshot-2731.png
18:45:31  INFO  manager.MyListener - Start search element by  locator-->By.xpath: //button[text()='Ok']
18:45:41  INFO  manager.MyListener - The element with locator -->By.xpath: //button[text()='Ok']was found
18:45:41  INFO  tests.TestBase - The end of test --->registrationSuccessTest
18:45:41  INFO  manager.ApplicationManager - The browser  has been closed
